{
  level: 'error',
  message: "Cannot read properties of undefined (reading 'id')",
  session: 46,
  type: 'client',
  stack: "TypeError: Cannot read properties of undefined (reading 'id')\n" +
    '    at VerifyMessage (C:\\Users\\suporte2\\Documents\\Programacao\\Nodejs\\Wpconnect\\src\\services\\WbotServices\\Helpers\\VerifyMessage.ts:16:20)\n' +
    '    at processTicksAndRejections (node:internal/process/task_queues:105:5)\n' +
    '    at C:\\Users\\suporte2\\Documents\\Programacao\\Nodejs\\Wpconnect\\src\\services\\WbotServices\\Helpers\\HandleMessage.ts:110:5',
  timestamp: '2024-11-29T10:51:16.213Z'
}
{
  level: 'error',
  message: "Cannot read properties of undefined (reading 'id')",
  session: 46,
  type: 'client',
  stack: "TypeError: Cannot read properties of undefined (reading 'id')\n" +
    '    at VerifyMessage (C:\\Users\\suporte2\\Documents\\Programacao\\Nodejs\\Wpconnect\\src\\services\\WbotServices\\Helpers\\VerifyMessage.ts:16:20)\n' +
    '    at processTicksAndRejections (node:internal/process/task_queues:105:5)\n' +
    '    at C:\\Users\\suporte2\\Documents\\Programacao\\Nodejs\\Wpconnect\\src\\services\\WbotServices\\Helpers\\HandleMessage.ts:110:5',
  timestamp: '2024-11-29T12:42:27.081Z'
}
{
  level: 'error',
  message: "Cannot read properties of undefined (reading 'id')",
  session: 46,
  type: 'client',
  stack: "TypeError: Cannot read properties of undefined (reading 'id')\n" +
    '    at VerifyMessage (C:\\Users\\suporte2\\Documents\\Programacao\\Nodejs\\Wpconnect\\src\\services\\WbotServices\\Helpers\\VerifyMessage.ts:16:20)\n' +
    '    at processTicksAndRejections (node:internal/process/task_queues:105:5)\n' +
    '    at C:\\Users\\suporte2\\Documents\\Programacao\\Nodejs\\Wpconnect\\src\\services\\WbotServices\\Helpers\\HandleMessage.ts:111:5',
  timestamp: '2024-11-29T12:45:16.194Z'
}
{
  level: 'error',
  message: "Cannot read properties of undefined (reading 'id')",
  session: 46,
  type: 'client',
  stack: "TypeError: Cannot read properties of undefined (reading 'id')\n" +
    '    at VerifyMessage (C:\\Users\\suporte2\\Documents\\Programacao\\Nodejs\\Wpconnect\\src\\services\\WbotServices\\Helpers\\VerifyMessage.ts:16:20)\n' +
    '    at processTicksAndRejections (node:internal/process/task_queues:105:5)\n' +
    '    at C:\\Users\\suporte2\\Documents\\Programacao\\Nodejs\\Wpconnect\\src\\services\\WbotServices\\Helpers\\HandleMessage.ts:110:5',
  timestamp: '2024-11-29T12:48:41.877Z'
}
{
  level: 'error',
  message: "Cannot read properties of undefined (reading 'id')",
  session: 46,
  type: 'client',
  stack: "TypeError: Cannot read properties of undefined (reading 'id')\n" +
    '    at VerifyMessage (C:\\Users\\suporte2\\Documents\\Programacao\\Nodejs\\Wpconnect\\src\\services\\WbotServices\\Helpers\\VerifyMessage.ts:16:20)\n' +
    '    at processTicksAndRejections (node:internal/process/task_queues:105:5)\n' +
    '    at C:\\Users\\suporte2\\Documents\\Programacao\\Nodejs\\Wpconnect\\src\\services\\WbotServices\\Helpers\\HandleMessage.ts:110:5',
  timestamp: '2024-11-29T12:49:57.054Z'
}
{
  level: 'error',
  message: "Cannot read properties of undefined (reading 'id')",
  session: 46,
  type: 'client',
  stack: "TypeError: Cannot read properties of undefined (reading 'id')\n" +
    '    at VerifyMessage (C:\\Users\\suporte2\\Documents\\Programacao\\Nodejs\\Wpconnect\\src\\services\\WbotServices\\Helpers\\VerifyMessage.ts:16:20)\n' +
    '    at processTicksAndRejections (node:internal/process/task_queues:105:5)\n' +
    '    at C:\\Users\\suporte2\\Documents\\Programacao\\Nodejs\\Wpconnect\\src\\services\\WbotServices\\Helpers\\HandleMessage.ts:110:5',
  timestamp: '2024-11-29T12:52:12.730Z'
}
{
  level: 'error',
  message: "Cannot read properties of undefined (reading 'id')",
  session: 46,
  type: 'client',
  stack: "TypeError: Cannot read properties of undefined (reading 'id')\n" +
    '    at VerifyMessage (C:\\Users\\suporte2\\Documents\\Programacao\\Nodejs\\Wpconnect\\src\\services\\WbotServices\\Helpers\\VerifyMessage.ts:16:20)\n' +
    '    at processTicksAndRejections (node:internal/process/task_queues:105:5)\n' +
    '    at C:\\Users\\suporte2\\Documents\\Programacao\\Nodejs\\Wpconnect\\src\\services\\WbotServices\\Helpers\\HandleMessage.ts:110:5',
  timestamp: '2024-11-29T13:05:41.644Z'
}
{
  level: 'error',
  message: "Cannot read properties of undefined (reading 'id')",
  session: 46,
  type: 'client',
  stack: "TypeError: Cannot read properties of undefined (reading 'id')\n" +
    '    at VerifyMessage (C:\\Users\\suporte2\\Documents\\Programacao\\Nodejs\\Wpconnect\\src\\services\\WbotServices\\Helpers\\VerifyMessage.ts:16:20)\n' +
    '    at processTicksAndRejections (node:internal/process/task_queues:105:5)\n' +
    '    at C:\\Users\\suporte2\\Documents\\Programacao\\Nodejs\\Wpconnect\\src\\services\\WbotServices\\Helpers\\HandleMessage.ts:110:5',
  timestamp: '2024-11-29T13:06:39.469Z'
}
{
  level: 'error',
  message: "Cannot read properties of undefined (reading 'id')",
  session: 46,
  type: 'client',
  stack: "TypeError: Cannot read properties of undefined (reading 'id')\n" +
    '    at VerifyMessage (C:\\Users\\suporte2\\Documents\\Programacao\\Nodejs\\Wpconnect\\src\\services\\WbotServices\\Helpers\\VerifyMessage.ts:16:20)\n' +
    '    at processTicksAndRejections (node:internal/process/task_queues:105:5)\n' +
    '    at C:\\Users\\suporte2\\Documents\\Programacao\\Nodejs\\Wpconnect\\src\\services\\WbotServices\\Helpers\\HandleMessage.ts:110:5',
  timestamp: '2024-11-29T13:09:39.975Z'
}
{
  level: 'error',
  message: "Cannot read properties of undefined (reading 'id')",
  session: 46,
  type: 'client',
  stack: "TypeError: Cannot read properties of undefined (reading 'id')\n" +
    '    at VerifyMessage (C:\\Users\\suporte2\\Documents\\Programacao\\Nodejs\\Wpconnect\\src\\services\\WbotServices\\Helpers\\VerifyMessage.ts:16:20)\n' +
    '    at processTicksAndRejections (node:internal/process/task_queues:105:5)\n' +
    '    at C:\\Users\\suporte2\\Documents\\Programacao\\Nodejs\\Wpconnect\\src\\services\\WbotServices\\Helpers\\HandleMessage.ts:110:5',
  timestamp: '2024-11-29T13:12:57.035Z'
}
{
  level: 'error',
  message: "Cannot read properties of undefined (reading 'id')",
  session: 46,
  type: 'client',
  stack: "TypeError: Cannot read properties of undefined (reading 'id')\n" +
    '    at VerifyMessage (C:\\Users\\suporte2\\Documents\\Programacao\\Nodejs\\Wpconnect\\src\\services\\WbotServices\\Helpers\\VerifyMessage.ts:16:20)\n' +
    '    at processTicksAndRejections (node:internal/process/task_queues:105:5)\n' +
    '    at C:\\Users\\suporte2\\Documents\\Programacao\\Nodejs\\Wpconnect\\src\\services\\WbotServices\\Helpers\\HandleMessage.ts:110:5',
  timestamp: '2024-11-29T13:21:20.625Z'
}
{
  level: 'error',
  message: "Cannot read properties of undefined (reading 'id')",
  session: 46,
  type: 'client',
  stack: "TypeError: Cannot read properties of undefined (reading 'id')\n" +
    '    at VerifyMessage (C:\\Users\\suporte2\\Documents\\Programacao\\Nodejs\\Wpconnect\\src\\services\\WbotServices\\Helpers\\VerifyMessage.ts:16:20)\n' +
    '    at processTicksAndRejections (node:internal/process/task_queues:105:5)\n' +
    '    at C:\\Users\\suporte2\\Documents\\Programacao\\Nodejs\\Wpconnect\\src\\services\\WbotServices\\Helpers\\HandleMessage.ts:110:5',
  timestamp: '2024-11-29T13:23:11.400Z'
}
{
  level: 'error',
  message: "Cannot read properties of undefined (reading 'id')",
  session: 46,
  type: 'client',
  stack: "TypeError: Cannot read properties of undefined (reading 'id')\n" +
    '    at VerifyMessage (C:\\Users\\suporte2\\Documents\\Programacao\\Nodejs\\Wpconnect\\src\\services\\WbotServices\\Helpers\\VerifyMessage.ts:16:20)\n' +
    '    at processTicksAndRejections (node:internal/process/task_queues:105:5)\n' +
    '    at C:\\Users\\suporte2\\Documents\\Programacao\\Nodejs\\Wpconnect\\src\\services\\WbotServices\\Helpers\\HandleMessage.ts:110:5',
  timestamp: '2024-11-29T13:24:45.041Z'
}
{
  level: 'error',
  message: "Cannot read properties of undefined (reading 'id')",
  session: 46,
  type: 'client',
  stack: "TypeError: Cannot read properties of undefined (reading 'id')\n" +
    '    at VerifyMessage (C:\\Users\\suporte2\\Documents\\Programacao\\Nodejs\\Wpconnect\\src\\services\\WbotServices\\Helpers\\VerifyMessage.ts:16:20)\n' +
    '    at processTicksAndRejections (node:internal/process/task_queues:105:5)\n' +
    '    at C:\\Users\\suporte2\\Documents\\Programacao\\Nodejs\\Wpconnect\\src\\services\\WbotServices\\Helpers\\HandleMessage.ts:110:5',
  timestamp: '2024-11-29T13:25:46.156Z'
}
{
  error: Error: ⨯ Unable to compile TypeScript:
  src/services/TicketServices/FindOrCreateTicketService.ts(295,11): error TS1003: Identifier expected.
  
      at Object.<anonymous> (C:\Users\suporte2\Documents\Programacao\Nodejs\Wpconnect\src\services\TicketServices\FindOrCreateTicketService.ts:1:7)
      at Module.<anonymous> (node:internal/modules/cjs/loader:1546:14)
      at Module._compile (C:\Users\suporte2\Documents\Programacao\Nodejs\Wpconnect\node_modules\source-map-support\source-map-support.js:568:25)
      at Module.m._compile (C:\Users\suporte2\AppData\Local\Temp\ts-node-dev-hook-24702449605529342.js:69:33)
      at node:internal/modules/cjs/loader:1689:10
      at require.extensions..jsx.require.extensions..js (C:\Users\suporte2\AppData\Local\Temp\ts-node-dev-hook-24702449605529342.js:114:20)
      at require.extensions.<computed> (C:\Users\suporte2\AppData\Local\Temp\ts-node-dev-hook-24702449605529342.js:71:20)
      at Object.nodeDevHook [as .ts] (C:\Users\suporte2\Documents\Programacao\Nodejs\Wpconnect\node_modules\ts-node-dev\lib\hook.js:63:13)
      at Module.load (node:internal/modules/cjs/loader:1318:32)
      at Function._load (node:internal/modules/cjs/loader:1128:12),
  level: 'error',
  message: 'uncaughtException: ⨯ Unable to compile TypeScript:\n' +
    'src/services/TicketServices/FindOrCreateTicketService.ts(295,11): error TS1003: Identifier expected.\r\n' +
    '\n' +
    'Error: ⨯ Unable to compile TypeScript:\n' +
    'src/services/TicketServices/FindOrCreateTicketService.ts(295,11): error TS1003: Identifier expected.\r\n' +
    '\n' +
    '    at Object.<anonymous> (C:\\Users\\suporte2\\Documents\\Programacao\\Nodejs\\Wpconnect\\src\\services\\TicketServices\\FindOrCreateTicketService.ts:1:7)\n' +
    '    at Module.<anonymous> (node:internal/modules/cjs/loader:1546:14)\n' +
    '    at Module._compile (C:\\Users\\suporte2\\Documents\\Programacao\\Nodejs\\Wpconnect\\node_modules\\source-map-support\\source-map-support.js:568:25)\n' +
    '    at Module.m._compile (C:\\Users\\suporte2\\AppData\\Local\\Temp\\ts-node-dev-hook-24702449605529342.js:69:33)\n' +
    '    at node:internal/modules/cjs/loader:1689:10\n' +
    '    at require.extensions..jsx.require.extensions..js (C:\\Users\\suporte2\\AppData\\Local\\Temp\\ts-node-dev-hook-24702449605529342.js:114:20)\n' +
    '    at require.extensions.<computed> (C:\\Users\\suporte2\\AppData\\Local\\Temp\\ts-node-dev-hook-24702449605529342.js:71:20)\n' +
    '    at Object.nodeDevHook [as .ts] (C:\\Users\\suporte2\\Documents\\Programacao\\Nodejs\\Wpconnect\\node_modules\\ts-node-dev\\lib\\hook.js:63:13)\n' +
    '    at Module.load (node:internal/modules/cjs/loader:1318:32)\n' +
    '    at Function._load (node:internal/modules/cjs/loader:1128:12)',
  stack: 'Error: ⨯ Unable to compile TypeScript:\n' +
    'src/services/TicketServices/FindOrCreateTicketService.ts(295,11): error TS1003: Identifier expected.\r\n' +
    '\n' +
    '    at Object.<anonymous> (C:\\Users\\suporte2\\Documents\\Programacao\\Nodejs\\Wpconnect\\src\\services\\TicketServices\\FindOrCreateTicketService.ts:1:7)\n' +
    '    at Module.<anonymous> (node:internal/modules/cjs/loader:1546:14)\n' +
    '    at Module._compile (C:\\Users\\suporte2\\Documents\\Programacao\\Nodejs\\Wpconnect\\node_modules\\source-map-support\\source-map-support.js:568:25)\n' +
    '    at Module.m._compile (C:\\Users\\suporte2\\AppData\\Local\\Temp\\ts-node-dev-hook-24702449605529342.js:69:33)\n' +
    '    at node:internal/modules/cjs/loader:1689:10\n' +
    '    at require.extensions..jsx.require.extensions..js (C:\\Users\\suporte2\\AppData\\Local\\Temp\\ts-node-dev-hook-24702449605529342.js:114:20)\n' +
    '    at require.extensions.<computed> (C:\\Users\\suporte2\\AppData\\Local\\Temp\\ts-node-dev-hook-24702449605529342.js:71:20)\n' +
    '    at Object.nodeDevHook [as .ts] (C:\\Users\\suporte2\\Documents\\Programacao\\Nodejs\\Wpconnect\\node_modules\\ts-node-dev\\lib\\hook.js:63:13)\n' +
    '    at Module.load (node:internal/modules/cjs/loader:1318:32)\n' +
    '    at Function._load (node:internal/modules/cjs/loader:1128:12)',
  exception: true,
  date: 'Fri Nov 29 2024 10:39:00 GMT-0300 (Horário Padrão de Brasília)',
  process: {
    pid: 2720,
    uid: null,
    gid: null,
    cwd: 'C:\\Users\\suporte2\\Documents\\Programacao\\Nodejs\\Wpconnect',
    execPath: 'C:\\Users\\suporte2\\Documents\\Programacao\\Nodejs\\Port\\app\\node.exe',
    version: 'v22.11.0',
    argv: [
      'C:\\Users\\suporte2\\Documents\\Programacao\\Nodejs\\Port\\app\\node.exe',
      'src/server.ts'
    ],
    memoryUsage: {
      rss: 150749184,
      heapTotal: 101150720,
      heapUsed: 80843240,
      external: 3482322,
      arrayBuffers: 417034
    }
  },
  os: { loadavg: [ 0, 0, 0 ], uptime: 184714.75 },
  trace: [
    {
      column: 7,
      file: 'C:\\Users\\suporte2\\Documents\\Programacao\\Nodejs\\Wpconnect\\src\\services\\TicketServices\\FindOrCreateTicketService.ts',
      function: null,
      line: 1,
      method: null,
      native: false
    },
    {
      column: 14,
      file: 'node:internal/modules/cjs/loader',
      function: null,
      line: 1546,
      method: null,
      native: false
    },
    {
      column: 25,
      file: 'C:\\Users\\suporte2\\Documents\\Programacao\\Nodejs\\Wpconnect\\node_modules\\source-map-support\\source-map-support.js',
      function: 'Module._compile',
      line: 568,
      method: '_compile',
      native: false
    },
    {
      column: 33,
      file: 'C:\\Users\\suporte2\\AppData\\Local\\Temp\\ts-node-dev-hook-24702449605529342.js',
      function: 'Module.m._compile',
      line: 69,
      method: '_compile',
      native: false
    },
    {
      column: 10,
      file: 'node:internal/modules/cjs/loader',
      function: null,
      line: 1689,
      method: null,
      native: false
    },
    {
      column: 20,
      file: 'C:\\Users\\suporte2\\AppData\\Local\\Temp\\ts-node-dev-hook-24702449605529342.js',
      function: 'require.extensions..jsx.require.extensions..js',
      line: 114,
      method: '.js',
      native: false
    },
    {
      column: 20,
      file: 'C:\\Users\\suporte2\\AppData\\Local\\Temp\\ts-node-dev-hook-24702449605529342.js',
      function: 'require.extensions.<computed>',
      line: 71,
      method: '<computed>',
      native: false
    },
    {
      column: 13,
      file: 'C:\\Users\\suporte2\\Documents\\Programacao\\Nodejs\\Wpconnect\\node_modules\\ts-node-dev\\lib\\hook.js',
      function: 'Object.nodeDevHook [as .ts]',
      line: 63,
      method: 'ts]',
      native: false
    },
    {
      column: 32,
      file: 'node:internal/modules/cjs/loader',
      function: 'Module.load',
      line: 1318,
      method: 'load',
      native: false
    },
    {
      column: 12,
      file: 'node:internal/modules/cjs/loader',
      function: 'Function._load',
      line: 1128,
      method: '_load',
      native: false
    }
  ],
  timestamp: '2024-11-29T13:39:00.741Z'
}
{
  error: Error: ⨯ Unable to compile TypeScript:
  src/services/TicketServices/FindOrCreateTicketService.ts(296,1): error TS1472: 'catch' or 'finally' expected.
  
      at Object.<anonymous> (C:\Users\suporte2\Documents\Programacao\Nodejs\Wpconnect\src\services\TicketServices\FindOrCreateTicketService.ts:1:7)
      at Module.<anonymous> (node:internal/modules/cjs/loader:1546:14)
      at Module._compile (C:\Users\suporte2\Documents\Programacao\Nodejs\Wpconnect\node_modules\source-map-support\source-map-support.js:568:25)
      at Module.m._compile (C:\Users\suporte2\AppData\Local\Temp\ts-node-dev-hook-24702449605529342.js:69:33)
      at node:internal/modules/cjs/loader:1689:10
      at require.extensions..jsx.require.extensions..js (C:\Users\suporte2\AppData\Local\Temp\ts-node-dev-hook-24702449605529342.js:114:20)
      at require.extensions.<computed> (C:\Users\suporte2\AppData\Local\Temp\ts-node-dev-hook-24702449605529342.js:71:20)
      at Object.nodeDevHook [as .ts] (C:\Users\suporte2\Documents\Programacao\Nodejs\Wpconnect\node_modules\ts-node-dev\lib\hook.js:63:13)
      at Module.load (node:internal/modules/cjs/loader:1318:32)
      at Function._load (node:internal/modules/cjs/loader:1128:12),
  level: 'error',
  message: 'uncaughtException: ⨯ Unable to compile TypeScript:\n' +
    "src/services/TicketServices/FindOrCreateTicketService.ts(296,1): error TS1472: 'catch' or 'finally' expected.\r\n" +
    '\n' +
    'Error: ⨯ Unable to compile TypeScript:\n' +
    "src/services/TicketServices/FindOrCreateTicketService.ts(296,1): error TS1472: 'catch' or 'finally' expected.\r\n" +
    '\n' +
    '    at Object.<anonymous> (C:\\Users\\suporte2\\Documents\\Programacao\\Nodejs\\Wpconnect\\src\\services\\TicketServices\\FindOrCreateTicketService.ts:1:7)\n' +
    '    at Module.<anonymous> (node:internal/modules/cjs/loader:1546:14)\n' +
    '    at Module._compile (C:\\Users\\suporte2\\Documents\\Programacao\\Nodejs\\Wpconnect\\node_modules\\source-map-support\\source-map-support.js:568:25)\n' +
    '    at Module.m._compile (C:\\Users\\suporte2\\AppData\\Local\\Temp\\ts-node-dev-hook-24702449605529342.js:69:33)\n' +
    '    at node:internal/modules/cjs/loader:1689:10\n' +
    '    at require.extensions..jsx.require.extensions..js (C:\\Users\\suporte2\\AppData\\Local\\Temp\\ts-node-dev-hook-24702449605529342.js:114:20)\n' +
    '    at require.extensions.<computed> (C:\\Users\\suporte2\\AppData\\Local\\Temp\\ts-node-dev-hook-24702449605529342.js:71:20)\n' +
    '    at Object.nodeDevHook [as .ts] (C:\\Users\\suporte2\\Documents\\Programacao\\Nodejs\\Wpconnect\\node_modules\\ts-node-dev\\lib\\hook.js:63:13)\n' +
    '    at Module.load (node:internal/modules/cjs/loader:1318:32)\n' +
    '    at Function._load (node:internal/modules/cjs/loader:1128:12)',
  stack: 'Error: ⨯ Unable to compile TypeScript:\n' +
    "src/services/TicketServices/FindOrCreateTicketService.ts(296,1): error TS1472: 'catch' or 'finally' expected.\r\n" +
    '\n' +
    '    at Object.<anonymous> (C:\\Users\\suporte2\\Documents\\Programacao\\Nodejs\\Wpconnect\\src\\services\\TicketServices\\FindOrCreateTicketService.ts:1:7)\n' +
    '    at Module.<anonymous> (node:internal/modules/cjs/loader:1546:14)\n' +
    '    at Module._compile (C:\\Users\\suporte2\\Documents\\Programacao\\Nodejs\\Wpconnect\\node_modules\\source-map-support\\source-map-support.js:568:25)\n' +
    '    at Module.m._compile (C:\\Users\\suporte2\\AppData\\Local\\Temp\\ts-node-dev-hook-24702449605529342.js:69:33)\n' +
    '    at node:internal/modules/cjs/loader:1689:10\n' +
    '    at require.extensions..jsx.require.extensions..js (C:\\Users\\suporte2\\AppData\\Local\\Temp\\ts-node-dev-hook-24702449605529342.js:114:20)\n' +
    '    at require.extensions.<computed> (C:\\Users\\suporte2\\AppData\\Local\\Temp\\ts-node-dev-hook-24702449605529342.js:71:20)\n' +
    '    at Object.nodeDevHook [as .ts] (C:\\Users\\suporte2\\Documents\\Programacao\\Nodejs\\Wpconnect\\node_modules\\ts-node-dev\\lib\\hook.js:63:13)\n' +
    '    at Module.load (node:internal/modules/cjs/loader:1318:32)\n' +
    '    at Function._load (node:internal/modules/cjs/loader:1128:12)',
  exception: true,
  date: 'Fri Nov 29 2024 10:39:20 GMT-0300 (Horário Padrão de Brasília)',
  process: {
    pid: 2984,
    uid: null,
    gid: null,
    cwd: 'C:\\Users\\suporte2\\Documents\\Programacao\\Nodejs\\Wpconnect',
    execPath: 'C:\\Users\\suporte2\\Documents\\Programacao\\Nodejs\\Port\\app\\node.exe',
    version: 'v22.11.0',
    argv: [
      'C:\\Users\\suporte2\\Documents\\Programacao\\Nodejs\\Port\\app\\node.exe',
      'src/server.ts'
    ],
    memoryUsage: {
      rss: 153968640,
      heapTotal: 105467904,
      heapUsed: 73236752,
      external: 3482322,
      arrayBuffers: 417043
    }
  },
  os: { loadavg: [ 0, 0, 0 ], uptime: 184734.062 },
  trace: [
    {
      column: 7,
      file: 'C:\\Users\\suporte2\\Documents\\Programacao\\Nodejs\\Wpconnect\\src\\services\\TicketServices\\FindOrCreateTicketService.ts',
      function: null,
      line: 1,
      method: null,
      native: false
    },
    {
      column: 14,
      file: 'node:internal/modules/cjs/loader',
      function: null,
      line: 1546,
      method: null,
      native: false
    },
    {
      column: 25,
      file: 'C:\\Users\\suporte2\\Documents\\Programacao\\Nodejs\\Wpconnect\\node_modules\\source-map-support\\source-map-support.js',
      function: 'Module._compile',
      line: 568,
      method: '_compile',
      native: false
    },
    {
      column: 33,
      file: 'C:\\Users\\suporte2\\AppData\\Local\\Temp\\ts-node-dev-hook-24702449605529342.js',
      function: 'Module.m._compile',
      line: 69,
      method: '_compile',
      native: false
    },
    {
      column: 10,
      file: 'node:internal/modules/cjs/loader',
      function: null,
      line: 1689,
      method: null,
      native: false
    },
    {
      column: 20,
      file: 'C:\\Users\\suporte2\\AppData\\Local\\Temp\\ts-node-dev-hook-24702449605529342.js',
      function: 'require.extensions..jsx.require.extensions..js',
      line: 114,
      method: '.js',
      native: false
    },
    {
      column: 20,
      file: 'C:\\Users\\suporte2\\AppData\\Local\\Temp\\ts-node-dev-hook-24702449605529342.js',
      function: 'require.extensions.<computed>',
      line: 71,
      method: '<computed>',
      native: false
    },
    {
      column: 13,
      file: 'C:\\Users\\suporte2\\Documents\\Programacao\\Nodejs\\Wpconnect\\node_modules\\ts-node-dev\\lib\\hook.js',
      function: 'Object.nodeDevHook [as .ts]',
      line: 63,
      method: 'ts]',
      native: false
    },
    {
      column: 32,
      file: 'node:internal/modules/cjs/loader',
      function: 'Module.load',
      line: 1318,
      method: 'load',
      native: false
    },
    {
      column: 12,
      file: 'node:internal/modules/cjs/loader',
      function: 'Function._load',
      line: 1128,
      method: '_load',
      native: false
    }
  ],
  timestamp: '2024-11-29T13:39:20.057Z'
}
{
  level: 'error',
  message: 'SendMessagesSchenduleWbot > SendMessage ERR_WAPP_NOT_INITIALIZED',
  stack: 'Error: ERR_WAPP_NOT_INITIALIZED\n' +
    '    at getWbot (C:\\Users\\suporte2\\Documents\\Programacao\\Nodejs\\Wpconnect\\src\\libs\\wbot.ts:336:9)\n' +
    '    at SendMessage (C:\\Users\\suporte2\\Documents\\Programacao\\Nodejs\\Wpconnect\\src\\services\\WbotServices\\SendMessage.ts:9:22)\n' +
    '    at SendMessagesSchenduleWbot (C:\\Users\\suporte2\\Documents\\Programacao\\Nodejs\\Wpconnect\\src\\services\\WbotServices\\SendMessagesSchenduleWbot.ts:80:21)\n' +
    '    at processTicksAndRejections (node:internal/process/task_queues:105:5)\n' +
    '    at handle (C:\\Users\\suporte2\\Documents\\Programacao\\Nodejs\\Wpconnect\\src\\jobs\\SendMessageSchenduled.ts:19:4)\n' +
    '    at Worker.bullmq_1.Worker.connection [as processFn] (C:\\Users\\suporte2\\Documents\\Programacao\\Nodejs\\Wpconnect\\src\\libs\\Queue.ts:64:6)\n' +
    '    at C:\\Users\\suporte2\\Documents\\Programacao\\Nodejs\\Wpconnect\\node_modules\\bullmq\\src\\classes\\worker.ts:904:26\n' +
    '    at Worker.retryIfFailed (C:\\Users\\suporte2\\Documents\\Programacao\\Nodejs\\Wpconnect\\node_modules\\bullmq\\src\\classes\\worker.ts:1175:16)',
  timestamp: '2024-11-29T15:33:01.499Z'
}
{
  level: 'error',
  message: 'SendMessagesSchenduleWbot > SendMessage ERR_WAPP_NOT_INITIALIZED',
  stack: 'Error: ERR_WAPP_NOT_INITIALIZED\n' +
    '    at getWbot (C:\\Users\\suporte2\\Documents\\Programacao\\Nodejs\\Wpconnect\\src\\libs\\wbot.ts:336:9)\n' +
    '    at SendMessage (C:\\Users\\suporte2\\Documents\\Programacao\\Nodejs\\Wpconnect\\src\\services\\WbotServices\\SendMessage.ts:9:22)\n' +
    '    at SendMessagesSchenduleWbot (C:\\Users\\suporte2\\Documents\\Programacao\\Nodejs\\Wpconnect\\src\\services\\WbotServices\\SendMessagesSchenduleWbot.ts:80:21)\n' +
    '    at processTicksAndRejections (node:internal/process/task_queues:105:5)\n' +
    '    at handle (C:\\Users\\suporte2\\Documents\\Programacao\\Nodejs\\Wpconnect\\src\\jobs\\SendMessageSchenduled.ts:19:4)\n' +
    '    at Worker.bullmq_1.Worker.connection [as processFn] (C:\\Users\\suporte2\\Documents\\Programacao\\Nodejs\\Wpconnect\\src\\libs\\Queue.ts:64:6)\n' +
    '    at C:\\Users\\suporte2\\Documents\\Programacao\\Nodejs\\Wpconnect\\node_modules\\bullmq\\src\\classes\\worker.ts:904:26\n' +
    '    at Worker.retryIfFailed (C:\\Users\\suporte2\\Documents\\Programacao\\Nodejs\\Wpconnect\\node_modules\\bullmq\\src\\classes\\worker.ts:1175:16)',
  timestamp: '2024-11-29T15:33:01.501Z'
}
{
  level: 'error',
  message: "SendMessagesSchenduleWbot > SendMessage Cannot read properties of undefined (reading 'id')",
  stack: "TypeError: Cannot read properties of undefined (reading 'id')\n" +
    '    at SendMessage (C:\\Users\\suporte2\\Documents\\Programacao\\Nodejs\\Wpconnect\\src\\services\\WbotServices\\SendMessage.ts:43:28)\n' +
    '    at SendMessagesSchenduleWbot (C:\\Users\\suporte2\\Documents\\Programacao\\Nodejs\\Wpconnect\\src\\services\\WbotServices\\SendMessagesSchenduleWbot.ts:80:21)\n' +
    '    at processTicksAndRejections (node:internal/process/task_queues:105:5)\n' +
    '    at handle (C:\\Users\\suporte2\\Documents\\Programacao\\Nodejs\\Wpconnect\\src\\jobs\\SendMessageSchenduled.ts:19:4)\n' +
    '    at Worker.bullmq_1.Worker.connection [as processFn] (C:\\Users\\suporte2\\Documents\\Programacao\\Nodejs\\Wpconnect\\src\\libs\\Queue.ts:64:6)\n' +
    '    at C:\\Users\\suporte2\\Documents\\Programacao\\Nodejs\\Wpconnect\\node_modules\\bullmq\\src\\classes\\worker.ts:904:26\n' +
    '    at Worker.retryIfFailed (C:\\Users\\suporte2\\Documents\\Programacao\\Nodejs\\Wpconnect\\node_modules\\bullmq\\src\\classes\\worker.ts:1175:16)',
  timestamp: '2024-11-29T15:34:02.390Z'
}
{
  level: 'error',
  message: "SendMessagesSchenduleWbot > SendMessage Cannot read properties of undefined (reading 'id')",
  stack: "TypeError: Cannot read properties of undefined (reading 'id')\n" +
    '    at SendMessage (C:\\Users\\suporte2\\Documents\\Programacao\\Nodejs\\Wpconnect\\src\\services\\WbotServices\\SendMessage.ts:43:28)\n' +
    '    at SendMessagesSchenduleWbot (C:\\Users\\suporte2\\Documents\\Programacao\\Nodejs\\Wpconnect\\src\\services\\WbotServices\\SendMessagesSchenduleWbot.ts:80:21)\n' +
    '    at processTicksAndRejections (node:internal/process/task_queues:105:5)\n' +
    '    at handle (C:\\Users\\suporte2\\Documents\\Programacao\\Nodejs\\Wpconnect\\src\\jobs\\SendMessageSchenduled.ts:19:4)\n' +
    '    at Worker.bullmq_1.Worker.connection [as processFn] (C:\\Users\\suporte2\\Documents\\Programacao\\Nodejs\\Wpconnect\\src\\libs\\Queue.ts:64:6)\n' +
    '    at C:\\Users\\suporte2\\Documents\\Programacao\\Nodejs\\Wpconnect\\node_modules\\bullmq\\src\\classes\\worker.ts:904:26\n' +
    '    at Worker.retryIfFailed (C:\\Users\\suporte2\\Documents\\Programacao\\Nodejs\\Wpconnect\\node_modules\\bullmq\\src\\classes\\worker.ts:1175:16)',
  timestamp: '2024-11-29T15:34:02.392Z'
}
{
  level: 'error',
  message: "SendMessagesSchenduleWbot > SendMessage Cannot read properties of undefined (reading 'id')",
  stack: "TypeError: Cannot read properties of undefined (reading 'id')\n" +
    '    at SendMessage (C:\\Users\\suporte2\\Documents\\Programacao\\Nodejs\\Wpconnect\\src\\services\\WbotServices\\SendMessage.ts:43:28)\n' +
    '    at SendMessagesSchenduleWbot (C:\\Users\\suporte2\\Documents\\Programacao\\Nodejs\\Wpconnect\\src\\services\\WbotServices\\SendMessagesSchenduleWbot.ts:80:21)\n' +
    '    at processTicksAndRejections (node:internal/process/task_queues:105:5)\n' +
    '    at handle (C:\\Users\\suporte2\\Documents\\Programacao\\Nodejs\\Wpconnect\\src\\jobs\\SendMessageSchenduled.ts:19:4)\n' +
    '    at Worker.bullmq_1.Worker.connection [as processFn] (C:\\Users\\suporte2\\Documents\\Programacao\\Nodejs\\Wpconnect\\src\\libs\\Queue.ts:64:6)\n' +
    '    at C:\\Users\\suporte2\\Documents\\Programacao\\Nodejs\\Wpconnect\\node_modules\\bullmq\\src\\classes\\worker.ts:904:26\n' +
    '    at Worker.retryIfFailed (C:\\Users\\suporte2\\Documents\\Programacao\\Nodejs\\Wpconnect\\node_modules\\bullmq\\src\\classes\\worker.ts:1175:16)',
  timestamp: '2024-11-29T15:35:01.237Z'
}
{
  level: 'error',
  message: "SendMessagesSchenduleWbot > SendMessage Cannot read properties of undefined (reading 'id')",
  stack: "TypeError: Cannot read properties of undefined (reading 'id')\n" +
    '    at SendMessage (C:\\Users\\suporte2\\Documents\\Programacao\\Nodejs\\Wpconnect\\src\\services\\WbotServices\\SendMessage.ts:43:28)\n' +
    '    at SendMessagesSchenduleWbot (C:\\Users\\suporte2\\Documents\\Programacao\\Nodejs\\Wpconnect\\src\\services\\WbotServices\\SendMessagesSchenduleWbot.ts:80:21)\n' +
    '    at processTicksAndRejections (node:internal/process/task_queues:105:5)\n' +
    '    at handle (C:\\Users\\suporte2\\Documents\\Programacao\\Nodejs\\Wpconnect\\src\\jobs\\SendMessageSchenduled.ts:19:4)\n' +
    '    at Worker.bullmq_1.Worker.connection [as processFn] (C:\\Users\\suporte2\\Documents\\Programacao\\Nodejs\\Wpconnect\\src\\libs\\Queue.ts:64:6)\n' +
    '    at C:\\Users\\suporte2\\Documents\\Programacao\\Nodejs\\Wpconnect\\node_modules\\bullmq\\src\\classes\\worker.ts:904:26\n' +
    '    at Worker.retryIfFailed (C:\\Users\\suporte2\\Documents\\Programacao\\Nodejs\\Wpconnect\\node_modules\\bullmq\\src\\classes\\worker.ts:1175:16)',
  timestamp: '2024-11-29T15:35:01.238Z'
}
{
  level: 'error',
  message: "SendMessagesSchenduleWbot > SendMessage Cannot read properties of undefined (reading 'id')",
  stack: "TypeError: Cannot read properties of undefined (reading 'id')\n" +
    '    at SendMessage (C:\\Users\\suporte2\\Documents\\Programacao\\Nodejs\\Wpconnect\\src\\services\\WbotServices\\SendMessage.ts:43:28)\n' +
    '    at SendMessagesSchenduleWbot (C:\\Users\\suporte2\\Documents\\Programacao\\Nodejs\\Wpconnect\\src\\services\\WbotServices\\SendMessagesSchenduleWbot.ts:80:21)\n' +
    '    at processTicksAndRejections (node:internal/process/task_queues:105:5)\n' +
    '    at handle (C:\\Users\\suporte2\\Documents\\Programacao\\Nodejs\\Wpconnect\\src\\jobs\\SendMessageSchenduled.ts:19:4)\n' +
    '    at Worker.bullmq_1.Worker.connection [as processFn] (C:\\Users\\suporte2\\Documents\\Programacao\\Nodejs\\Wpconnect\\src\\libs\\Queue.ts:64:6)\n' +
    '    at C:\\Users\\suporte2\\Documents\\Programacao\\Nodejs\\Wpconnect\\node_modules\\bullmq\\src\\classes\\worker.ts:904:26\n' +
    '    at Worker.retryIfFailed (C:\\Users\\suporte2\\Documents\\Programacao\\Nodejs\\Wpconnect\\node_modules\\bullmq\\src\\classes\\worker.ts:1175:16)',
  timestamp: '2024-11-29T15:36:01.413Z'
}
{
  level: 'error',
  message: "SendMessagesSchenduleWbot > SendMessage Cannot read properties of undefined (reading 'id')",
  stack: "TypeError: Cannot read properties of undefined (reading 'id')\n" +
    '    at SendMessage (C:\\Users\\suporte2\\Documents\\Programacao\\Nodejs\\Wpconnect\\src\\services\\WbotServices\\SendMessage.ts:43:28)\n' +
    '    at SendMessagesSchenduleWbot (C:\\Users\\suporte2\\Documents\\Programacao\\Nodejs\\Wpconnect\\src\\services\\WbotServices\\SendMessagesSchenduleWbot.ts:80:21)\n' +
    '    at processTicksAndRejections (node:internal/process/task_queues:105:5)\n' +
    '    at handle (C:\\Users\\suporte2\\Documents\\Programacao\\Nodejs\\Wpconnect\\src\\jobs\\SendMessageSchenduled.ts:19:4)\n' +
    '    at Worker.bullmq_1.Worker.connection [as processFn] (C:\\Users\\suporte2\\Documents\\Programacao\\Nodejs\\Wpconnect\\src\\libs\\Queue.ts:64:6)\n' +
    '    at C:\\Users\\suporte2\\Documents\\Programacao\\Nodejs\\Wpconnect\\node_modules\\bullmq\\src\\classes\\worker.ts:904:26\n' +
    '    at Worker.retryIfFailed (C:\\Users\\suporte2\\Documents\\Programacao\\Nodejs\\Wpconnect\\node_modules\\bullmq\\src\\classes\\worker.ts:1175:16)',
  timestamp: '2024-11-29T15:36:01.418Z'
}
{
  level: 'error',
  message: "SendMessagesSchenduleWbot > SendMessage Cannot read properties of undefined (reading 'id')",
  stack: "TypeError: Cannot read properties of undefined (reading 'id')\n" +
    '    at SendMessage (C:\\Users\\suporte2\\Documents\\Programacao\\Nodejs\\Wpconnect\\src\\services\\WbotServices\\SendMessage.ts:43:28)\n' +
    '    at SendMessagesSchenduleWbot (C:\\Users\\suporte2\\Documents\\Programacao\\Nodejs\\Wpconnect\\src\\services\\WbotServices\\SendMessagesSchenduleWbot.ts:80:21)\n' +
    '    at processTicksAndRejections (node:internal/process/task_queues:105:5)\n' +
    '    at handle (C:\\Users\\suporte2\\Documents\\Programacao\\Nodejs\\Wpconnect\\src\\jobs\\SendMessageSchenduled.ts:19:4)\n' +
    '    at Worker.bullmq_1.Worker.connection [as processFn] (C:\\Users\\suporte2\\Documents\\Programacao\\Nodejs\\Wpconnect\\src\\libs\\Queue.ts:64:6)\n' +
    '    at C:\\Users\\suporte2\\Documents\\Programacao\\Nodejs\\Wpconnect\\node_modules\\bullmq\\src\\classes\\worker.ts:904:26\n' +
    '    at Worker.retryIfFailed (C:\\Users\\suporte2\\Documents\\Programacao\\Nodejs\\Wpconnect\\node_modules\\bullmq\\src\\classes\\worker.ts:1175:16)',
  timestamp: '2024-11-29T15:37:02.667Z'
}
{
  level: 'error',
  message: "SendMessagesSchenduleWbot > SendMessage Cannot read properties of undefined (reading 'id')",
  stack: "TypeError: Cannot read properties of undefined (reading 'id')\n" +
    '    at SendMessage (C:\\Users\\suporte2\\Documents\\Programacao\\Nodejs\\Wpconnect\\src\\services\\WbotServices\\SendMessage.ts:43:28)\n' +
    '    at SendMessagesSchenduleWbot (C:\\Users\\suporte2\\Documents\\Programacao\\Nodejs\\Wpconnect\\src\\services\\WbotServices\\SendMessagesSchenduleWbot.ts:80:21)\n' +
    '    at processTicksAndRejections (node:internal/process/task_queues:105:5)\n' +
    '    at handle (C:\\Users\\suporte2\\Documents\\Programacao\\Nodejs\\Wpconnect\\src\\jobs\\SendMessageSchenduled.ts:19:4)\n' +
    '    at Worker.bullmq_1.Worker.connection [as processFn] (C:\\Users\\suporte2\\Documents\\Programacao\\Nodejs\\Wpconnect\\src\\libs\\Queue.ts:64:6)\n' +
    '    at C:\\Users\\suporte2\\Documents\\Programacao\\Nodejs\\Wpconnect\\node_modules\\bullmq\\src\\classes\\worker.ts:904:26\n' +
    '    at Worker.retryIfFailed (C:\\Users\\suporte2\\Documents\\Programacao\\Nodejs\\Wpconnect\\node_modules\\bullmq\\src\\classes\\worker.ts:1175:16)',
  timestamp: '2024-11-29T15:37:02.671Z'
}
{
  level: 'error',
  message: "SendMessagesSchenduleWbot > SendMessage Cannot read properties of undefined (reading 'id')",
  stack: "TypeError: Cannot read properties of undefined (reading 'id')\n" +
    '    at SendMessage (C:\\Users\\suporte2\\Documents\\Programacao\\Nodejs\\Wpconnect\\src\\services\\WbotServices\\SendMessage.ts:43:28)\n' +
    '    at SendMessagesSchenduleWbot (C:\\Users\\suporte2\\Documents\\Programacao\\Nodejs\\Wpconnect\\src\\services\\WbotServices\\SendMessagesSchenduleWbot.ts:80:21)\n' +
    '    at processTicksAndRejections (node:internal/process/task_queues:105:5)\n' +
    '    at handle (C:\\Users\\suporte2\\Documents\\Programacao\\Nodejs\\Wpconnect\\src\\jobs\\SendMessageSchenduled.ts:19:4)\n' +
    '    at Worker.bullmq_1.Worker.connection [as processFn] (C:\\Users\\suporte2\\Documents\\Programacao\\Nodejs\\Wpconnect\\src\\libs\\Queue.ts:64:6)\n' +
    '    at C:\\Users\\suporte2\\Documents\\Programacao\\Nodejs\\Wpconnect\\node_modules\\bullmq\\src\\classes\\worker.ts:904:26\n' +
    '    at Worker.retryIfFailed (C:\\Users\\suporte2\\Documents\\Programacao\\Nodejs\\Wpconnect\\node_modules\\bullmq\\src\\classes\\worker.ts:1175:16)',
  timestamp: '2024-11-29T15:38:02.695Z'
}
{
  level: 'error',
  message: "SendMessagesSchenduleWbot > SendMessage Cannot read properties of undefined (reading 'id')",
  stack: "TypeError: Cannot read properties of undefined (reading 'id')\n" +
    '    at SendMessage (C:\\Users\\suporte2\\Documents\\Programacao\\Nodejs\\Wpconnect\\src\\services\\WbotServices\\SendMessage.ts:43:28)\n' +
    '    at SendMessagesSchenduleWbot (C:\\Users\\suporte2\\Documents\\Programacao\\Nodejs\\Wpconnect\\src\\services\\WbotServices\\SendMessagesSchenduleWbot.ts:80:21)\n' +
    '    at processTicksAndRejections (node:internal/process/task_queues:105:5)\n' +
    '    at handle (C:\\Users\\suporte2\\Documents\\Programacao\\Nodejs\\Wpconnect\\src\\jobs\\SendMessageSchenduled.ts:19:4)\n' +
    '    at Worker.bullmq_1.Worker.connection [as processFn] (C:\\Users\\suporte2\\Documents\\Programacao\\Nodejs\\Wpconnect\\src\\libs\\Queue.ts:64:6)\n' +
    '    at C:\\Users\\suporte2\\Documents\\Programacao\\Nodejs\\Wpconnect\\node_modules\\bullmq\\src\\classes\\worker.ts:904:26\n' +
    '    at Worker.retryIfFailed (C:\\Users\\suporte2\\Documents\\Programacao\\Nodejs\\Wpconnect\\node_modules\\bullmq\\src\\classes\\worker.ts:1175:16)',
  timestamp: '2024-11-29T15:38:02.700Z'
}
{
  level: 'error',
  message: 'SendMessagesSchenduleWbot > SendMessage ERR_WAPP_NOT_INITIALIZED',
  stack: 'Error: ERR_WAPP_NOT_INITIALIZED\n' +
    '    at getWbot (C:\\Users\\suporte2\\Documents\\Programacao\\Nodejs\\Wpconnect\\src\\libs\\wbot.ts:336:9)\n' +
    '    at SendMessage (C:\\Users\\suporte2\\Documents\\Programacao\\Nodejs\\Wpconnect\\src\\services\\WbotServices\\SendMessage.ts:9:22)\n' +
    '    at SendMessagesSchenduleWbot (C:\\Users\\suporte2\\Documents\\Programacao\\Nodejs\\Wpconnect\\src\\services\\WbotServices\\SendMessagesSchenduleWbot.ts:80:21)\n' +
    '    at processTicksAndRejections (node:internal/process/task_queues:105:5)\n' +
    '    at handle (C:\\Users\\suporte2\\Documents\\Programacao\\Nodejs\\Wpconnect\\src\\jobs\\SendMessageSchenduled.ts:19:4)\n' +
    '    at Worker.bullmq_1.Worker.connection [as processFn] (C:\\Users\\suporte2\\Documents\\Programacao\\Nodejs\\Wpconnect\\src\\libs\\Queue.ts:64:6)\n' +
    '    at C:\\Users\\suporte2\\Documents\\Programacao\\Nodejs\\Wpconnect\\node_modules\\bullmq\\src\\classes\\worker.ts:904:26\n' +
    '    at Worker.retryIfFailed (C:\\Users\\suporte2\\Documents\\Programacao\\Nodejs\\Wpconnect\\node_modules\\bullmq\\src\\classes\\worker.ts:1175:16)',
  timestamp: '2024-11-29T15:39:01.840Z'
}
{
  level: 'error',
  message: 'SendMessagesSchenduleWbot > SendMessage ERR_WAPP_NOT_INITIALIZED',
  stack: 'Error: ERR_WAPP_NOT_INITIALIZED\n' +
    '    at getWbot (C:\\Users\\suporte2\\Documents\\Programacao\\Nodejs\\Wpconnect\\src\\libs\\wbot.ts:336:9)\n' +
    '    at SendMessage (C:\\Users\\suporte2\\Documents\\Programacao\\Nodejs\\Wpconnect\\src\\services\\WbotServices\\SendMessage.ts:9:22)\n' +
    '    at SendMessagesSchenduleWbot (C:\\Users\\suporte2\\Documents\\Programacao\\Nodejs\\Wpconnect\\src\\services\\WbotServices\\SendMessagesSchenduleWbot.ts:80:21)\n' +
    '    at processTicksAndRejections (node:internal/process/task_queues:105:5)\n' +
    '    at handle (C:\\Users\\suporte2\\Documents\\Programacao\\Nodejs\\Wpconnect\\src\\jobs\\SendMessageSchenduled.ts:19:4)\n' +
    '    at Worker.bullmq_1.Worker.connection [as processFn] (C:\\Users\\suporte2\\Documents\\Programacao\\Nodejs\\Wpconnect\\src\\libs\\Queue.ts:64:6)\n' +
    '    at C:\\Users\\suporte2\\Documents\\Programacao\\Nodejs\\Wpconnect\\node_modules\\bullmq\\src\\classes\\worker.ts:904:26\n' +
    '    at Worker.retryIfFailed (C:\\Users\\suporte2\\Documents\\Programacao\\Nodejs\\Wpconnect\\node_modules\\bullmq\\src\\classes\\worker.ts:1175:16)',
  timestamp: '2024-11-29T15:39:01.844Z'
}
{
  level: 'error',
  message: "SendMessagesSchenduleWbot > SendMessage Cannot read properties of undefined (reading 'id')",
  stack: "TypeError: Cannot read properties of undefined (reading 'id')\n" +
    '    at SendMessage (C:\\Users\\suporte2\\Documents\\Programacao\\Nodejs\\Wpconnect\\src\\services\\WbotServices\\SendMessage.ts:43:28)\n' +
    '    at SendMessagesSchenduleWbot (C:\\Users\\suporte2\\Documents\\Programacao\\Nodejs\\Wpconnect\\src\\services\\WbotServices\\SendMessagesSchenduleWbot.ts:80:21)\n' +
    '    at processTicksAndRejections (node:internal/process/task_queues:105:5)\n' +
    '    at handle (C:\\Users\\suporte2\\Documents\\Programacao\\Nodejs\\Wpconnect\\src\\jobs\\SendMessageSchenduled.ts:19:4)\n' +
    '    at Worker.bullmq_1.Worker.connection [as processFn] (C:\\Users\\suporte2\\Documents\\Programacao\\Nodejs\\Wpconnect\\src\\libs\\Queue.ts:64:6)\n' +
    '    at C:\\Users\\suporte2\\Documents\\Programacao\\Nodejs\\Wpconnect\\node_modules\\bullmq\\src\\classes\\worker.ts:904:26\n' +
    '    at Worker.retryIfFailed (C:\\Users\\suporte2\\Documents\\Programacao\\Nodejs\\Wpconnect\\node_modules\\bullmq\\src\\classes\\worker.ts:1175:16)',
  timestamp: '2024-11-29T15:40:02.470Z'
}
{
  level: 'error',
  message: "SendMessagesSchenduleWbot > SendMessage Cannot read properties of undefined (reading 'id')",
  stack: "TypeError: Cannot read properties of undefined (reading 'id')\n" +
    '    at SendMessage (C:\\Users\\suporte2\\Documents\\Programacao\\Nodejs\\Wpconnect\\src\\services\\WbotServices\\SendMessage.ts:43:28)\n' +
    '    at SendMessagesSchenduleWbot (C:\\Users\\suporte2\\Documents\\Programacao\\Nodejs\\Wpconnect\\src\\services\\WbotServices\\SendMessagesSchenduleWbot.ts:80:21)\n' +
    '    at processTicksAndRejections (node:internal/process/task_queues:105:5)\n' +
    '    at handle (C:\\Users\\suporte2\\Documents\\Programacao\\Nodejs\\Wpconnect\\src\\jobs\\SendMessageSchenduled.ts:19:4)\n' +
    '    at Worker.bullmq_1.Worker.connection [as processFn] (C:\\Users\\suporte2\\Documents\\Programacao\\Nodejs\\Wpconnect\\src\\libs\\Queue.ts:64:6)\n' +
    '    at C:\\Users\\suporte2\\Documents\\Programacao\\Nodejs\\Wpconnect\\node_modules\\bullmq\\src\\classes\\worker.ts:904:26\n' +
    '    at Worker.retryIfFailed (C:\\Users\\suporte2\\Documents\\Programacao\\Nodejs\\Wpconnect\\node_modules\\bullmq\\src\\classes\\worker.ts:1175:16)',
  timestamp: '2024-11-29T15:40:02.472Z'
}
{
  level: 'error',
  message: "SendMessagesSchenduleWbot > SendMessage Cannot read properties of undefined (reading 'id')",
  stack: "TypeError: Cannot read properties of undefined (reading 'id')\n" +
    '    at SendMessage (C:\\Users\\suporte2\\Documents\\Programacao\\Nodejs\\Wpconnect\\src\\services\\WbotServices\\SendMessage.ts:43:28)\n' +
    '    at SendMessagesSchenduleWbot (C:\\Users\\suporte2\\Documents\\Programacao\\Nodejs\\Wpconnect\\src\\services\\WbotServices\\SendMessagesSchenduleWbot.ts:80:21)\n' +
    '    at processTicksAndRejections (node:internal/process/task_queues:105:5)\n' +
    '    at handle (C:\\Users\\suporte2\\Documents\\Programacao\\Nodejs\\Wpconnect\\src\\jobs\\SendMessageSchenduled.ts:19:4)\n' +
    '    at Worker.bullmq_1.Worker.connection [as processFn] (C:\\Users\\suporte2\\Documents\\Programacao\\Nodejs\\Wpconnect\\src\\libs\\Queue.ts:64:6)\n' +
    '    at C:\\Users\\suporte2\\Documents\\Programacao\\Nodejs\\Wpconnect\\node_modules\\bullmq\\src\\classes\\worker.ts:904:26\n' +
    '    at Worker.retryIfFailed (C:\\Users\\suporte2\\Documents\\Programacao\\Nodejs\\Wpconnect\\node_modules\\bullmq\\src\\classes\\worker.ts:1175:16)',
  timestamp: '2024-11-29T15:40:02.473Z'
}
{
  name: 'JsonWebTokenError',
  message: 'invalid signature',
  level: 'error',
  stack: 'JsonWebTokenError: invalid signature\n' +
    '    at C:\\Users\\suporte2\\Documents\\Programacao\\Nodejs\\Wpconnect\\node_modules\\jsonwebtoken\\verify.js:171:19\n' +
    '    at getSecret (C:\\Users\\suporte2\\Documents\\Programacao\\Nodejs\\Wpconnect\\node_modules\\jsonwebtoken\\verify.js:97:14)\n' +
    '    at module.exports (C:\\Users\\suporte2\\Documents\\Programacao\\Nodejs\\Wpconnect\\node_modules\\jsonwebtoken\\verify.js:101:10)\n' +
    '    at decode (C:\\Users\\suporte2\\Documents\\Programacao\\Nodejs\\Wpconnect\\src\\libs\\decodeTokenSocket.ts:34:25)\n' +
    '    at Array.<anonymous> (C:\\Users\\suporte2\\Documents\\Programacao\\Nodejs\\Wpconnect\\src\\libs\\scoket.ts:43:36)\n' +
    '    at run (C:\\Users\\suporte2\\Documents\\Programacao\\Nodejs\\Wpconnect\\node_modules\\socket.io\\dist\\namespace.js:130:19)\n' +
    '    at Namespace.run (C:\\Users\\suporte2\\Documents\\Programacao\\Nodejs\\Wpconnect\\node_modules\\socket.io\\dist\\namespace.js:141:9)\n' +
    '    at Namespace._add (C:\\Users\\suporte2\\Documents\\Programacao\\Nodejs\\Wpconnect\\node_modules\\socket.io\\dist\\namespace.js:218:14)\n' +
    '    at processTicksAndRejections (node:internal/process/task_queues:105:5)',
  timestamp: '2024-11-29T18:51:41.570Z'
}
{
  message: 'Invalid token.',
  statusCode: 403,
  level: 'error',
  timestamp: '2024-11-29T18:51:41.880Z'
}
{
  message: 'Invalid token.',
  statusCode: 403,
  level: 'error',
  timestamp: '2024-11-29T18:51:41.891Z'
}
{
  message: 'Invalid token.',
  statusCode: 403,
  level: 'error',
  timestamp: '2024-11-29T18:51:42.138Z'
}
{
  message: 'Invalid token.',
  statusCode: 403,
  level: 'error',
  timestamp: '2024-11-29T18:51:43.684Z'
}
{
  message: 'Invalid token.',
  statusCode: 403,
  level: 'error',
  timestamp: '2024-11-29T18:51:43.700Z'
}
{
  message: 'Invalid token.',
  statusCode: 403,
  level: 'error',
  timestamp: '2024-11-29T18:51:43.709Z'
}
{
  message: 'Invalid token.',
  statusCode: 403,
  level: 'error',
  timestamp: '2024-11-29T18:51:43.720Z'
}
{
  message: 'Invalid token.',
  statusCode: 403,
  level: 'error',
  timestamp: '2024-11-29T18:51:43.732Z'
}
{
  message: 'Invalid token.',
  statusCode: 403,
  level: 'error',
  timestamp: '2024-11-29T18:51:43.741Z'
}
{
  name: 'JsonWebTokenError',
  message: 'invalid signature',
  level: 'error',
  stack: 'JsonWebTokenError: invalid signature\n' +
    '    at C:\\Users\\suporte2\\Documents\\Programacao\\Nodejs\\Wpconnect\\node_modules\\jsonwebtoken\\verify.js:171:19\n' +
    '    at getSecret (C:\\Users\\suporte2\\Documents\\Programacao\\Nodejs\\Wpconnect\\node_modules\\jsonwebtoken\\verify.js:97:14)\n' +
    '    at module.exports (C:\\Users\\suporte2\\Documents\\Programacao\\Nodejs\\Wpconnect\\node_modules\\jsonwebtoken\\verify.js:101:10)\n' +
    '    at decode (C:\\Users\\suporte2\\Documents\\Programacao\\Nodejs\\Wpconnect\\src\\libs\\decodeTokenSocket.ts:34:25)\n' +
    '    at Array.<anonymous> (C:\\Users\\suporte2\\Documents\\Programacao\\Nodejs\\Wpconnect\\src\\libs\\scoket.ts:43:36)\n' +
    '    at run (C:\\Users\\suporte2\\Documents\\Programacao\\Nodejs\\Wpconnect\\node_modules\\socket.io\\dist\\namespace.js:130:19)\n' +
    '    at Namespace.run (C:\\Users\\suporte2\\Documents\\Programacao\\Nodejs\\Wpconnect\\node_modules\\socket.io\\dist\\namespace.js:141:9)\n' +
    '    at Namespace._add (C:\\Users\\suporte2\\Documents\\Programacao\\Nodejs\\Wpconnect\\node_modules\\socket.io\\dist\\namespace.js:218:14)\n' +
    '    at processTicksAndRejections (node:internal/process/task_queues:105:5)',
  timestamp: '2024-11-29T18:51:43.997Z'
}
{
  message: 'Invalid token.',
  statusCode: 403,
  level: 'error',
  timestamp: '2024-11-29T18:51:58.772Z'
}
{
  message: 'Invalid token.',
  statusCode: 403,
  level: 'error',
  timestamp: '2024-11-29T18:51:58.793Z'
}
{
  message: 'Invalid token.',
  statusCode: 403,
  level: 'error',
  timestamp: '2024-11-29T18:51:58.805Z'
}
{
  message: 'Invalid token.',
  statusCode: 403,
  level: 'error',
  timestamp: '2024-11-29T18:51:58.813Z'
}
{
  message: 'Invalid token.',
  statusCode: 403,
  level: 'error',
  timestamp: '2024-11-29T18:51:58.823Z'
}
{
  message: 'Invalid token.',
  statusCode: 403,
  level: 'error',
  timestamp: '2024-11-29T18:51:58.831Z'
}
{
  name: 'JsonWebTokenError',
  message: 'invalid signature',
  level: 'error',
  stack: 'JsonWebTokenError: invalid signature\n' +
    '    at C:\\Users\\suporte2\\Documents\\Programacao\\Nodejs\\Wpconnect\\node_modules\\jsonwebtoken\\verify.js:171:19\n' +
    '    at getSecret (C:\\Users\\suporte2\\Documents\\Programacao\\Nodejs\\Wpconnect\\node_modules\\jsonwebtoken\\verify.js:97:14)\n' +
    '    at module.exports (C:\\Users\\suporte2\\Documents\\Programacao\\Nodejs\\Wpconnect\\node_modules\\jsonwebtoken\\verify.js:101:10)\n' +
    '    at decode (C:\\Users\\suporte2\\Documents\\Programacao\\Nodejs\\Wpconnect\\src\\libs\\decodeTokenSocket.ts:34:25)\n' +
    '    at Array.<anonymous> (C:\\Users\\suporte2\\Documents\\Programacao\\Nodejs\\Wpconnect\\src\\libs\\scoket.ts:43:36)\n' +
    '    at run (C:\\Users\\suporte2\\Documents\\Programacao\\Nodejs\\Wpconnect\\node_modules\\socket.io\\dist\\namespace.js:130:19)\n' +
    '    at Namespace.run (C:\\Users\\suporte2\\Documents\\Programacao\\Nodejs\\Wpconnect\\node_modules\\socket.io\\dist\\namespace.js:141:9)\n' +
    '    at Namespace._add (C:\\Users\\suporte2\\Documents\\Programacao\\Nodejs\\Wpconnect\\node_modules\\socket.io\\dist\\namespace.js:218:14)\n' +
    '    at processTicksAndRejections (node:internal/process/task_queues:105:5)',
  timestamp: '2024-11-29T18:51:59.066Z'
}
{
  name: 'JsonWebTokenError',
  message: 'invalid signature',
  level: 'error',
  stack: 'JsonWebTokenError: invalid signature\n' +
    '    at C:\\Users\\suporte2\\Documents\\Programacao\\Nodejs\\Wpconnect\\node_modules\\jsonwebtoken\\verify.js:171:19\n' +
    '    at getSecret (C:\\Users\\suporte2\\Documents\\Programacao\\Nodejs\\Wpconnect\\node_modules\\jsonwebtoken\\verify.js:97:14)\n' +
    '    at module.exports (C:\\Users\\suporte2\\Documents\\Programacao\\Nodejs\\Wpconnect\\node_modules\\jsonwebtoken\\verify.js:101:10)\n' +
    '    at decode (C:\\Users\\suporte2\\Documents\\Programacao\\Nodejs\\Wpconnect\\src\\libs\\decodeTokenSocket.ts:34:25)\n' +
    '    at Array.<anonymous> (C:\\Users\\suporte2\\Documents\\Programacao\\Nodejs\\Wpconnect\\src\\libs\\scoket.ts:43:36)\n' +
    '    at run (C:\\Users\\suporte2\\Documents\\Programacao\\Nodejs\\Wpconnect\\node_modules\\socket.io\\dist\\namespace.js:130:19)\n' +
    '    at Namespace.run (C:\\Users\\suporte2\\Documents\\Programacao\\Nodejs\\Wpconnect\\node_modules\\socket.io\\dist\\namespace.js:141:9)\n' +
    '    at Namespace._add (C:\\Users\\suporte2\\Documents\\Programacao\\Nodejs\\Wpconnect\\node_modules\\socket.io\\dist\\namespace.js:218:14)\n' +
    '    at processTicksAndRejections (node:internal/process/task_queues:105:5)',
  timestamp: '2024-11-29T18:52:00.827Z'
}
{
  level: 'error',
  message: 'Protocol error (DOM.describeNode): Cannot find context with specified id',
  session: 46,
  type: 'client',
  name: 'ProtocolError',
  stack: 'ProtocolError: Protocol error (DOM.describeNode): Cannot find context with specified id\n' +
    '    at Callback.<instance_members_initializer> (C:\\Users\\suporte2\\Documents\\Programacao\\Nodejs\\Wpconnect\\node_modules\\puppeteer-core\\src\\common\\CallbackRegistry.ts:117:12)\n' +
    '    at new Callback (C:\\Users\\suporte2\\Documents\\Programacao\\Nodejs\\Wpconnect\\node_modules\\puppeteer-core\\src\\common\\CallbackRegistry.ts:122:3)\n' +
    '    at CallbackRegistry.create (C:\\Users\\suporte2\\Documents\\Programacao\\Nodejs\\Wpconnect\\node_modules\\puppeteer-core\\src\\common\\CallbackRegistry.ts:28:22)\n' +
    '    at Connection._rawSend (C:\\Users\\suporte2\\Documents\\Programacao\\Nodejs\\Wpconnect\\node_modules\\puppeteer-core\\src\\cdp\\Connection.ts:125:22)\n' +
    '    at CdpCDPSession.send (C:\\Users\\suporte2\\Documents\\Programacao\\Nodejs\\Wpconnect\\node_modules\\puppeteer-core\\src\\cdp\\CDPSession.ts:95:29)\n' +
    '    at IsolatedWorld.transferHandle (C:\\Users\\suporte2\\Documents\\Programacao\\Nodejs\\Wpconnect\\node_modules\\puppeteer-core\\src\\cdp\\IsolatedWorld.ts:238:36)\n' +
    '    at CdpFrame.addScriptTag (C:\\Users\\suporte2\\Documents\\Programacao\\Nodejs\\Wpconnect\\node_modules\\puppeteer-core\\src\\api\\Frame.ts:910:35)\n' +
    '    at CdpPage.addScriptTag (C:\\Users\\suporte2\\Documents\\Programacao\\Nodejs\\Wpconnect\\node_modules\\puppeteer-core\\src\\api\\Page.ts:1430:12)',
  timestamp: '2024-11-29T18:53:52.868Z'
}
{
  level: 'error',
  message: 'Protocol error (DOM.describeNode): Cannot find context with specified id',
  session: 46,
  type: 'client',
  name: 'ProtocolError',
  stack: 'ProtocolError: Protocol error (DOM.describeNode): Cannot find context with specified id\n' +
    '    at Callback.<instance_members_initializer> (C:\\Users\\suporte2\\Documents\\Programacao\\Nodejs\\Wpconnect\\node_modules\\puppeteer-core\\src\\common\\CallbackRegistry.ts:117:12)\n' +
    '    at new Callback (C:\\Users\\suporte2\\Documents\\Programacao\\Nodejs\\Wpconnect\\node_modules\\puppeteer-core\\src\\common\\CallbackRegistry.ts:122:3)\n' +
    '    at CallbackRegistry.create (C:\\Users\\suporte2\\Documents\\Programacao\\Nodejs\\Wpconnect\\node_modules\\puppeteer-core\\src\\common\\CallbackRegistry.ts:28:22)\n' +
    '    at Connection._rawSend (C:\\Users\\suporte2\\Documents\\Programacao\\Nodejs\\Wpconnect\\node_modules\\puppeteer-core\\src\\cdp\\Connection.ts:125:22)\n' +
    '    at CdpCDPSession.send (C:\\Users\\suporte2\\Documents\\Programacao\\Nodejs\\Wpconnect\\node_modules\\puppeteer-core\\src\\cdp\\CDPSession.ts:95:29)\n' +
    '    at IsolatedWorld.transferHandle (C:\\Users\\suporte2\\Documents\\Programacao\\Nodejs\\Wpconnect\\node_modules\\puppeteer-core\\src\\cdp\\IsolatedWorld.ts:238:36)\n' +
    '    at CdpFrame.addScriptTag (C:\\Users\\suporte2\\Documents\\Programacao\\Nodejs\\Wpconnect\\node_modules\\puppeteer-core\\src\\api\\Frame.ts:910:35)\n' +
    '    at CdpPage.addScriptTag (C:\\Users\\suporte2\\Documents\\Programacao\\Nodejs\\Wpconnect\\node_modules\\puppeteer-core\\src\\api\\Page.ts:1430:12)',
  timestamp: '2024-11-29T18:55:51.133Z'
}
{
  level: 'error',
  message: 'CreateMessageSystemService ERR_WAPP_NOT_INITIALIZED',
  stack: 'Error: ERR_WAPP_NOT_INITIALIZED\n' +
    '    at getWbot (C:\\Users\\suporte2\\Documents\\Programacao\\Nodejs\\Wpconnect\\src\\libs\\wbot.ts:336:9)\n' +
    '    at GetTicketWbot (C:\\Users\\suporte2\\Documents\\Programacao\\Nodejs\\Wpconnect\\src\\helpers\\GetTicketWbot.ts:16:22)\n' +
    '    at SendWhatsAppMessage (C:\\Users\\suporte2\\Documents\\Programacao\\Nodejs\\Wpconnect\\src\\services\\WbotServices\\SendWhatsAppMessage.ts:29:34)\n' +
    '    at SendMessageSystemProxy (C:\\Users\\suporte2\\Documents\\Programacao\\Nodejs\\Wpconnect\\src\\helpers\\SendMessageSystemProxy.ts:28:38)\n' +
    '    at CreateMessageSystemService (C:\\Users\\suporte2\\Documents\\Programacao\\Nodejs\\Wpconnect\\src\\services\\MessageServices\\CreateMessageSystemService.ts:244:43)\n' +
    '    at store (C:\\Users\\suporte2\\Documents\\Programacao\\Nodejs\\Wpconnect\\src\\controllers\\MessageController.ts:58:34)\n' +
    '    at processTicksAndRejections (node:internal/process/task_queues:105:5)',
  timestamp: '2024-11-29T18:59:54.973Z'
}
{
  level: 'error',
  message: 'ERR_WAPP_NOT_INITIALIZED',
  stack: 'Error: ERR_WAPP_NOT_INITIALIZED\n' +
    '    at getWbot (C:\\Users\\suporte2\\Documents\\Programacao\\Nodejs\\Wpconnect\\src\\libs\\wbot.ts:336:9)\n' +
    '    at remove (C:\\Users\\suporte2\\Documents\\Programacao\\Nodejs\\Wpconnect\\src\\controllers\\WhatsAppSessionController.ts:53:24)\n' +
    '    at processTicksAndRejections (node:internal/process/task_queues:105:5)',
  timestamp: '2024-11-29T19:00:03.706Z'
}
{
  session: 46,
  type: 'browser',
  level: 'error',
  message: 'Error no open browser',
  timestamp: '2024-11-29T19:00:05.204Z'
}
{
  session: 46,
  type: 'browser',
  level: 'error',
  message: 'Failed to launch the browser process! undefined\n' +
    '\n' +
    '\n' +
    'TROUBLESHOOTING: https://pptr.dev/troubleshooting\n',
  timestamp: '2024-11-29T19:00:05.206Z'
}
{
  level: 'error',
  message: 'Auto Close Called',
  session: 46,
  type: 'client',
  timestamp: '2024-11-29T19:00:21.609Z'
}
{
  name: 'SequelizeConnectionRefusedError',
  parent: AggregateError: 
      at internalConnectMultiple (node:net:1128:18)
      at afterConnectMultiple (node:net:1693:7) {
    code: 'ECONNREFUSED',
    [errors]: [
      Error: connect ECONNREFUSED ::1:443
          at createConnectionError (node:net:1656:14)
          at afterConnectMultiple (node:net:1686:16) {
        errno: -61,
        code: 'ECONNREFUSED',
        syscall: 'connect',
        address: '::1',
        port: 443
      },
      Error: connect ECONNREFUSED 127.0.0.1:443
          at createConnectionError (node:net:1656:14)
          at afterConnectMultiple (node:net:1686:16) {
        errno: -61,
        code: 'ECONNREFUSED',
        syscall: 'connect',
        address: '127.0.0.1',
        port: 443
      }
    ]
  },
  original: AggregateError: 
      at internalConnectMultiple (node:net:1128:18)
      at afterConnectMultiple (node:net:1693:7) {
    code: 'ECONNREFUSED',
    [errors]: [
      Error: connect ECONNREFUSED ::1:443
          at createConnectionError (node:net:1656:14)
          at afterConnectMultiple (node:net:1686:16) {
        errno: -61,
        code: 'ECONNREFUSED',
        syscall: 'connect',
        address: '::1',
        port: 443
      },
      Error: connect ECONNREFUSED 127.0.0.1:443
          at createConnectionError (node:net:1656:14)
          at afterConnectMultiple (node:net:1686:16) {
        errno: -61,
        code: 'ECONNREFUSED',
        syscall: 'connect',
        address: '127.0.0.1',
        port: 443
      }
    ]
  },
  level: 'error',
  message: 'Sequelize encountered an error:',
  stack: 'SequelizeConnectionRefusedError: \n' +
    '    at Client._connectionCallback (/Users/renatomendonca/Desktop/Node/newServerWpConnect/node_modules/sequelize/src/dialects/postgres/connection-manager.js:184:24)\n' +
    '    at Client._handleErrorWhileConnecting (/Users/renatomendonca/Desktop/Node/newServerWpConnect/node_modules/pg/lib/client.js:326:19)\n' +
    '    at Client._handleErrorEvent (/Users/renatomendonca/Desktop/Node/newServerWpConnect/node_modules/pg/lib/client.js:336:19)\n' +
    '    at Connection.emit (node:events:513:28)\n' +
    '    at Socket.reportStreamError (/Users/renatomendonca/Desktop/Node/newServerWpConnect/node_modules/pg/lib/connection.js:57:12)\n' +
    '    at Socket.emit (node:events:513:28)\n' +
    '    at emitErrorNT (node:internal/streams/destroy:170:8)\n' +
    '    at emitErrorCloseNT (node:internal/streams/destroy:129:3)\n' +
    '    at processTicksAndRejections (node:internal/process/task_queues:90:21)',
  timestamp: '2024-11-30T12:22:08.806Z'
}
{
  level: 'error',
  message: 'Auto Close Called',
  session: 48,
  type: 'client',
  timestamp: '2024-11-30T22:55:39.917Z'
}
{
  level: 'error',
  message: 'null value in column "isGroup" of relation "Contacts" violates not-null constraint',
  session: 1,
  type: 'client',
  name: 'SequelizeDatabaseError',
  parent: error: null value in column "isGroup" of relation "Contacts" violates not-null constraint
      at Parser.parseErrorMessage (/Users/renatomendonca/Desktop/Node/newServerWpConnect/node_modules/pg-protocol/src/parser.ts:368:69)
      at Parser.handlePacket (/Users/renatomendonca/Desktop/Node/newServerWpConnect/node_modules/pg-protocol/src/parser.ts:187:21)
      at Parser.parse (/Users/renatomendonca/Desktop/Node/newServerWpConnect/node_modules/pg-protocol/src/parser.ts:102:30)
      at Socket.<anonymous> (/Users/renatomendonca/Desktop/Node/newServerWpConnect/node_modules/pg-protocol/src/index.ts:7:48)
      at Socket.emit (node:events:513:28)
      at addChunk (node:internal/streams/readable:559:12)
      at readableAddChunkPushByteMode (node:internal/streams/readable:510:3)
      at Socket.Readable.push (node:internal/streams/readable:390:5)
      at TCP.onStreamRead (node:internal/stream_base_commons:189:23) {
    length: 389,
    severity: 'ERROR',
    code: '23502',
    detail: 'Failing row contains (8, Amor, 553187481219, https://media-gru2-1.cdn.whatsapp.net/v/t61.24694-24/440771987_7..., 2024-12-02 20:10:31.531-03, 2024-12-02 20:10:31.531-03, , null, 1, t, Veronica, t, null, null, null).',
    hint: undefined,
    position: undefined,
    internalPosition: undefined,
    internalQuery: undefined,
    where: undefined,
    schema: 'public',
    table: 'Contacts',
    column: 'isGroup',
    dataType: undefined,
    constraint: undefined,
    file: 'execMain.c',
    line: '1987',
    routine: 'ExecConstraints',
    sql: 'INSERT INTO "Contacts" ("id","name","number","email","profilePicUrl","pushname","telegramId","messengerId","instagramPK","isUser","isWAContact","isGroup","createdAt","updatedAt","tenantId") VALUES (DEFAULT,$1,$2,$3,$4,$5,$6,$7,$8,$9,$10,$11,$12,$13,$14) RETURNING "id","name","number","email","profilePicUrl","pushname","telegramId","messengerId","instagramPK","isUser","isWAContact","isGroup","createdAt","updatedAt","tenantId";',
    parameters: [
      'Amor',
      '553187481219',
      '',
      'https://media-gru2-1.cdn.whatsapp.net/v/t61.24694-24/440771987_7946612105406481_2785966217708757041_n.jpg?stp=dst-jpg_tt6&ccb=11-4&oh=01_Q5AaIGUXy-Iolz0Gjj13yRf9zfPSOTYJmi85W47O9R_FNBXU&oe=675B5154&_nc_sid=5e03e0&_nc_cat=108',
      'Veronica',
      null,
      null,
      null,
      true,
      true,
      null,
      '2024-12-02 20:10:31.531 -03:00',
      '2024-12-02 20:10:31.531 -03:00',
      1
    ]
  },
  original: error: null value in column "isGroup" of relation "Contacts" violates not-null constraint
      at Parser.parseErrorMessage (/Users/renatomendonca/Desktop/Node/newServerWpConnect/node_modules/pg-protocol/src/parser.ts:368:69)
      at Parser.handlePacket (/Users/renatomendonca/Desktop/Node/newServerWpConnect/node_modules/pg-protocol/src/parser.ts:187:21)
      at Parser.parse (/Users/renatomendonca/Desktop/Node/newServerWpConnect/node_modules/pg-protocol/src/parser.ts:102:30)
      at Socket.<anonymous> (/Users/renatomendonca/Desktop/Node/newServerWpConnect/node_modules/pg-protocol/src/index.ts:7:48)
      at Socket.emit (node:events:513:28)
      at addChunk (node:internal/streams/readable:559:12)
      at readableAddChunkPushByteMode (node:internal/streams/readable:510:3)
      at Socket.Readable.push (node:internal/streams/readable:390:5)
      at TCP.onStreamRead (node:internal/stream_base_commons:189:23) {
    length: 389,
    severity: 'ERROR',
    code: '23502',
    detail: 'Failing row contains (8, Amor, 553187481219, https://media-gru2-1.cdn.whatsapp.net/v/t61.24694-24/440771987_7..., 2024-12-02 20:10:31.531-03, 2024-12-02 20:10:31.531-03, , null, 1, t, Veronica, t, null, null, null).',
    hint: undefined,
    position: undefined,
    internalPosition: undefined,
    internalQuery: undefined,
    where: undefined,
    schema: 'public',
    table: 'Contacts',
    column: 'isGroup',
    dataType: undefined,
    constraint: undefined,
    file: 'execMain.c',
    line: '1987',
    routine: 'ExecConstraints',
    sql: 'INSERT INTO "Contacts" ("id","name","number","email","profilePicUrl","pushname","telegramId","messengerId","instagramPK","isUser","isWAContact","isGroup","createdAt","updatedAt","tenantId") VALUES (DEFAULT,$1,$2,$3,$4,$5,$6,$7,$8,$9,$10,$11,$12,$13,$14) RETURNING "id","name","number","email","profilePicUrl","pushname","telegramId","messengerId","instagramPK","isUser","isWAContact","isGroup","createdAt","updatedAt","tenantId";',
    parameters: [
      'Amor',
      '553187481219',
      '',
      'https://media-gru2-1.cdn.whatsapp.net/v/t61.24694-24/440771987_7946612105406481_2785966217708757041_n.jpg?stp=dst-jpg_tt6&ccb=11-4&oh=01_Q5AaIGUXy-Iolz0Gjj13yRf9zfPSOTYJmi85W47O9R_FNBXU&oe=675B5154&_nc_sid=5e03e0&_nc_cat=108',
      'Veronica',
      null,
      null,
      null,
      true,
      true,
      null,
      '2024-12-02 20:10:31.531 -03:00',
      '2024-12-02 20:10:31.531 -03:00',
      1
    ]
  },
  sql: 'INSERT INTO "Contacts" ("id","name","number","email","profilePicUrl","pushname","telegramId","messengerId","instagramPK","isUser","isWAContact","isGroup","createdAt","updatedAt","tenantId") VALUES (DEFAULT,$1,$2,$3,$4,$5,$6,$7,$8,$9,$10,$11,$12,$13,$14) RETURNING "id","name","number","email","profilePicUrl","pushname","telegramId","messengerId","instagramPK","isUser","isWAContact","isGroup","createdAt","updatedAt","tenantId";',
  parameters: [
    'Amor',
    '553187481219',
    '',
    'https://media-gru2-1.cdn.whatsapp.net/v/t61.24694-24/440771987_7946612105406481_2785966217708757041_n.jpg?stp=dst-jpg_tt6&ccb=11-4&oh=01_Q5AaIGUXy-Iolz0Gjj13yRf9zfPSOTYJmi85W47O9R_FNBXU&oe=675B5154&_nc_sid=5e03e0&_nc_cat=108',
    'Veronica',
    null,
    null,
    null,
    true,
    true,
    null,
    '2024-12-02 20:10:31.531 -03:00',
    '2024-12-02 20:10:31.531 -03:00',
    1
  ],
  stack: 'Error: \n' +
    '    at Query.run (/Users/renatomendonca/Desktop/Node/newServerWpConnect/node_modules/sequelize/src/dialects/postgres/query.js:76:25)\n' +
    '    at /Users/renatomendonca/Desktop/Node/newServerWpConnect/node_modules/sequelize/src/sequelize.js:650:28\n' +
    '    at processTicksAndRejections (node:internal/process/task_queues:105:5)\n' +
    '    at PostgresQueryInterface.insert (/Users/renatomendonca/Desktop/Node/newServerWpConnect/node_modules/sequelize/src/dialects/abstract/query-interface.js:795:21)\n' +
    '    at Contact.save (/Users/renatomendonca/Desktop/Node/newServerWpConnect/node_modules/sequelize/src/model.js:4154:35)\n' +
    '    at Function.create (/Users/renatomendonca/Desktop/Node/newServerWpConnect/node_modules/sequelize/src/model.js:2305:12)\n' +
    '    at CreateOrUpdateContactService (/Users/renatomendonca/Desktop/Node/newServerWpConnect/src/services/ContactServices/CreateOrUpdateContactService.ts:70:13)\n' +
    '    at VerifyContact (/Users/renatomendonca/Desktop/Node/newServerWpConnect/src/services/WbotServices/Helpers/VerifyContact.ts:32:18)\n' +
    '    at /Users/renatomendonca/Desktop/Node/newServerWpConnect/src/services/WbotServices/Helpers/HandleMessage.ts:74:20',
  timestamp: '2024-12-02T23:10:32.739Z'
}
{
  level: 'error',
  message: 'null value in column "isGroup" of relation "Contacts" violates not-null constraint',
  session: 1,
  type: 'client',
  name: 'SequelizeDatabaseError',
  parent: error: null value in column "isGroup" of relation "Contacts" violates not-null constraint
      at Parser.parseErrorMessage (/Users/renatomendonca/Desktop/Node/newServerWpConnect/node_modules/pg-protocol/src/parser.ts:368:69)
      at Parser.handlePacket (/Users/renatomendonca/Desktop/Node/newServerWpConnect/node_modules/pg-protocol/src/parser.ts:187:21)
      at Parser.parse (/Users/renatomendonca/Desktop/Node/newServerWpConnect/node_modules/pg-protocol/src/parser.ts:102:30)
      at Socket.<anonymous> (/Users/renatomendonca/Desktop/Node/newServerWpConnect/node_modules/pg-protocol/src/index.ts:7:48)
      at Socket.emit (node:events:513:28)
      at addChunk (node:internal/streams/readable:559:12)
      at readableAddChunkPushByteMode (node:internal/streams/readable:510:3)
      at Socket.Readable.push (node:internal/streams/readable:390:5)
      at TCP.onStreamRead (node:internal/stream_base_commons:189:23) {
    length: 390,
    severity: 'ERROR',
    code: '23502',
    detail: 'Failing row contains (11, Amor, 553187481219, https://media-gru2-1.cdn.whatsapp.net/v/t61.24694-24/440771987_7..., 2024-12-02 20:10:32.965-03, 2024-12-02 20:10:32.965-03, , null, 1, t, Veronica, t, null, null, null).',
    hint: undefined,
    position: undefined,
    internalPosition: undefined,
    internalQuery: undefined,
    where: undefined,
    schema: 'public',
    table: 'Contacts',
    column: 'isGroup',
    dataType: undefined,
    constraint: undefined,
    file: 'execMain.c',
    line: '1987',
    routine: 'ExecConstraints',
    sql: 'INSERT INTO "Contacts" ("id","name","number","email","profilePicUrl","pushname","telegramId","messengerId","instagramPK","isUser","isWAContact","isGroup","createdAt","updatedAt","tenantId") VALUES (DEFAULT,$1,$2,$3,$4,$5,$6,$7,$8,$9,$10,$11,$12,$13,$14) RETURNING "id","name","number","email","profilePicUrl","pushname","telegramId","messengerId","instagramPK","isUser","isWAContact","isGroup","createdAt","updatedAt","tenantId";',
    parameters: [
      'Amor',
      '553187481219',
      '',
      'https://media-gru2-1.cdn.whatsapp.net/v/t61.24694-24/440771987_7946612105406481_2785966217708757041_n.jpg?stp=dst-jpg_tt6&ccb=11-4&oh=01_Q5AaIGUXy-Iolz0Gjj13yRf9zfPSOTYJmi85W47O9R_FNBXU&oe=675B5154&_nc_sid=5e03e0&_nc_cat=108',
      'Veronica',
      null,
      null,
      null,
      true,
      true,
      null,
      '2024-12-02 20:10:32.965 -03:00',
      '2024-12-02 20:10:32.965 -03:00',
      1
    ]
  },
  original: error: null value in column "isGroup" of relation "Contacts" violates not-null constraint
      at Parser.parseErrorMessage (/Users/renatomendonca/Desktop/Node/newServerWpConnect/node_modules/pg-protocol/src/parser.ts:368:69)
      at Parser.handlePacket (/Users/renatomendonca/Desktop/Node/newServerWpConnect/node_modules/pg-protocol/src/parser.ts:187:21)
      at Parser.parse (/Users/renatomendonca/Desktop/Node/newServerWpConnect/node_modules/pg-protocol/src/parser.ts:102:30)
      at Socket.<anonymous> (/Users/renatomendonca/Desktop/Node/newServerWpConnect/node_modules/pg-protocol/src/index.ts:7:48)
      at Socket.emit (node:events:513:28)
      at addChunk (node:internal/streams/readable:559:12)
      at readableAddChunkPushByteMode (node:internal/streams/readable:510:3)
      at Socket.Readable.push (node:internal/streams/readable:390:5)
      at TCP.onStreamRead (node:internal/stream_base_commons:189:23) {
    length: 390,
    severity: 'ERROR',
    code: '23502',
    detail: 'Failing row contains (11, Amor, 553187481219, https://media-gru2-1.cdn.whatsapp.net/v/t61.24694-24/440771987_7..., 2024-12-02 20:10:32.965-03, 2024-12-02 20:10:32.965-03, , null, 1, t, Veronica, t, null, null, null).',
    hint: undefined,
    position: undefined,
    internalPosition: undefined,
    internalQuery: undefined,
    where: undefined,
    schema: 'public',
    table: 'Contacts',
    column: 'isGroup',
    dataType: undefined,
    constraint: undefined,
    file: 'execMain.c',
    line: '1987',
    routine: 'ExecConstraints',
    sql: 'INSERT INTO "Contacts" ("id","name","number","email","profilePicUrl","pushname","telegramId","messengerId","instagramPK","isUser","isWAContact","isGroup","createdAt","updatedAt","tenantId") VALUES (DEFAULT,$1,$2,$3,$4,$5,$6,$7,$8,$9,$10,$11,$12,$13,$14) RETURNING "id","name","number","email","profilePicUrl","pushname","telegramId","messengerId","instagramPK","isUser","isWAContact","isGroup","createdAt","updatedAt","tenantId";',
    parameters: [
      'Amor',
      '553187481219',
      '',
      'https://media-gru2-1.cdn.whatsapp.net/v/t61.24694-24/440771987_7946612105406481_2785966217708757041_n.jpg?stp=dst-jpg_tt6&ccb=11-4&oh=01_Q5AaIGUXy-Iolz0Gjj13yRf9zfPSOTYJmi85W47O9R_FNBXU&oe=675B5154&_nc_sid=5e03e0&_nc_cat=108',
      'Veronica',
      null,
      null,
      null,
      true,
      true,
      null,
      '2024-12-02 20:10:32.965 -03:00',
      '2024-12-02 20:10:32.965 -03:00',
      1
    ]
  },
  sql: 'INSERT INTO "Contacts" ("id","name","number","email","profilePicUrl","pushname","telegramId","messengerId","instagramPK","isUser","isWAContact","isGroup","createdAt","updatedAt","tenantId") VALUES (DEFAULT,$1,$2,$3,$4,$5,$6,$7,$8,$9,$10,$11,$12,$13,$14) RETURNING "id","name","number","email","profilePicUrl","pushname","telegramId","messengerId","instagramPK","isUser","isWAContact","isGroup","createdAt","updatedAt","tenantId";',
  parameters: [
    'Amor',
    '553187481219',
    '',
    'https://media-gru2-1.cdn.whatsapp.net/v/t61.24694-24/440771987_7946612105406481_2785966217708757041_n.jpg?stp=dst-jpg_tt6&ccb=11-4&oh=01_Q5AaIGUXy-Iolz0Gjj13yRf9zfPSOTYJmi85W47O9R_FNBXU&oe=675B5154&_nc_sid=5e03e0&_nc_cat=108',
    'Veronica',
    null,
    null,
    null,
    true,
    true,
    null,
    '2024-12-02 20:10:32.965 -03:00',
    '2024-12-02 20:10:32.965 -03:00',
    1
  ],
  stack: 'Error: \n' +
    '    at Query.run (/Users/renatomendonca/Desktop/Node/newServerWpConnect/node_modules/sequelize/src/dialects/postgres/query.js:76:25)\n' +
    '    at /Users/renatomendonca/Desktop/Node/newServerWpConnect/node_modules/sequelize/src/sequelize.js:650:28\n' +
    '    at PostgresQueryInterface.insert (/Users/renatomendonca/Desktop/Node/newServerWpConnect/node_modules/sequelize/src/dialects/abstract/query-interface.js:795:21)\n' +
    '    at Contact.save (/Users/renatomendonca/Desktop/Node/newServerWpConnect/node_modules/sequelize/src/model.js:4154:35)\n' +
    '    at Function.create (/Users/renatomendonca/Desktop/Node/newServerWpConnect/node_modules/sequelize/src/model.js:2305:12)\n' +
    '    at CreateOrUpdateContactService (/Users/renatomendonca/Desktop/Node/newServerWpConnect/src/services/ContactServices/CreateOrUpdateContactService.ts:70:13)\n' +
    '    at VerifyContact (/Users/renatomendonca/Desktop/Node/newServerWpConnect/src/services/WbotServices/Helpers/VerifyContact.ts:32:18)\n' +
    '    at /Users/renatomendonca/Desktop/Node/newServerWpConnect/src/services/WbotServices/Helpers/HandleMessage.ts:74:20',
  timestamp: '2024-12-02T23:10:33.871Z'
}
{
  name: 'JsonWebTokenError',
  message: 'invalid signature',
  level: 'error',
  stack: 'JsonWebTokenError: invalid signature\n' +
    '    at C:\\Users\\suporte2\\Documents\\Programacao\\Nodejs\\Wpconnect\\node_modules\\jsonwebtoken\\verify.js:171:19\n' +
    '    at getSecret (C:\\Users\\suporte2\\Documents\\Programacao\\Nodejs\\Wpconnect\\node_modules\\jsonwebtoken\\verify.js:97:14)\n' +
    '    at module.exports (C:\\Users\\suporte2\\Documents\\Programacao\\Nodejs\\Wpconnect\\node_modules\\jsonwebtoken\\verify.js:101:10)\n' +
    '    at decode (C:\\Users\\suporte2\\Documents\\Programacao\\Nodejs\\Wpconnect\\src\\libs\\decodeTokenSocket.ts:34:25)\n' +
    '    at Array.<anonymous> (C:\\Users\\suporte2\\Documents\\Programacao\\Nodejs\\Wpconnect\\src\\libs\\scoket.ts:43:36)\n' +
    '    at run (C:\\Users\\suporte2\\Documents\\Programacao\\Nodejs\\Wpconnect\\node_modules\\socket.io\\dist\\namespace.js:130:19)\n' +
    '    at Namespace.run (C:\\Users\\suporte2\\Documents\\Programacao\\Nodejs\\Wpconnect\\node_modules\\socket.io\\dist\\namespace.js:141:9)\n' +
    '    at Namespace._add (C:\\Users\\suporte2\\Documents\\Programacao\\Nodejs\\Wpconnect\\node_modules\\socket.io\\dist\\namespace.js:218:14)\n' +
    '    at processTicksAndRejections (node:internal/process/task_queues:105:5)',
  timestamp: '2024-12-03T09:45:15.473Z'
}
{
  message: 'Invalid token.',
  statusCode: 403,
  level: 'error',
  timestamp: '2024-12-03T09:45:15.785Z'
}
{
  message: 'Invalid token.',
  statusCode: 403,
  level: 'error',
  timestamp: '2024-12-03T09:45:15.793Z'
}
{
  message: 'Invalid token.',
  statusCode: 403,
  level: 'error',
  timestamp: '2024-12-03T09:45:16.032Z'
}
{
  message: "Error enviar message campaign: TypeError: Cannot read properties of undefined (reading 'whatsappId')",
  level: 'error',
  timestamp: '2024-12-03T10:05:14.915Z'
}
{
  message: 'Erro ao processar o job SendMessageWhatsappCampaign',
  error: Error: TypeError: Cannot read properties of undefined (reading 'whatsappId')
      at handle (C:\Users\suporte2\Documents\Programacao\Nodejs\Wpconnect\src\jobs\SendMessageWhatsappCampaign.ts:54:10)
      at Worker.bullmq_1.Worker.connection [as processFn] (C:\Users\suporte2\Documents\Programacao\Nodejs\Wpconnect\src\libs\Queue.ts:64:12)
      at Worker.callProcessJob (C:\Users\suporte2\Documents\Programacao\Nodejs\Wpconnect\node_modules\bullmq\src\classes\worker.ts:363:17)
      at C:\Users\suporte2\Documents\Programacao\Nodejs\Wpconnect\node_modules\bullmq\src\classes\worker.ts:904:37
      at trace (C:\Users\suporte2\Documents\Programacao\Nodejs\Wpconnect\node_modules\bullmq\src\utils.ts:312:12)
      at Worker.trace (C:\Users\suporte2\Documents\Programacao\Nodejs\Wpconnect\node_modules\bullmq\src\classes\queue-base.ts:201:17)
      at Worker.processJob (C:\Users\suporte2\Documents\Programacao\Nodejs\Wpconnect\node_modules\bullmq\src\classes\worker.ts:826:17)
      at C:\Users\suporte2\Documents\Programacao\Nodejs\Wpconnect\node_modules\bullmq\src\classes\worker.ts:524:22
      at Worker.retryIfFailed (C:\Users\suporte2\Documents\Programacao\Nodejs\Wpconnect\node_modules\bullmq\src\classes\worker.ts:1175:22)
      at Worker.run (C:\Users\suporte2\Documents\Programacao\Nodejs\Wpconnect\node_modules\bullmq\src\classes\worker.ts:522:18),
  level: 'error',
  timestamp: '2024-12-03T10:05:14.922Z'
}
{
  message: "Error enviar message campaign: TypeError: Cannot read properties of undefined (reading 'whatsappId')",
  level: 'error',
  timestamp: '2024-12-03T10:06:41.941Z'
}
{
  message: 'Erro ao processar o job SendMessageWhatsappCampaign',
  error: Error: TypeError: Cannot read properties of undefined (reading 'whatsappId')
      at handle (C:\Users\suporte2\Documents\Programacao\Nodejs\Wpconnect\src\jobs\SendMessageWhatsappCampaign.ts:55:10)
      at Worker.bullmq_1.Worker.connection [as processFn] (C:\Users\suporte2\Documents\Programacao\Nodejs\Wpconnect\src\libs\Queue.ts:64:12)
      at Worker.callProcessJob (C:\Users\suporte2\Documents\Programacao\Nodejs\Wpconnect\node_modules\bullmq\src\classes\worker.ts:363:17)
      at C:\Users\suporte2\Documents\Programacao\Nodejs\Wpconnect\node_modules\bullmq\src\classes\worker.ts:904:37
      at trace (C:\Users\suporte2\Documents\Programacao\Nodejs\Wpconnect\node_modules\bullmq\src\utils.ts:312:12)
      at Worker.trace (C:\Users\suporte2\Documents\Programacao\Nodejs\Wpconnect\node_modules\bullmq\src\classes\queue-base.ts:201:17)
      at Worker.processJob (C:\Users\suporte2\Documents\Programacao\Nodejs\Wpconnect\node_modules\bullmq\src\classes\worker.ts:826:17)
      at C:\Users\suporte2\Documents\Programacao\Nodejs\Wpconnect\node_modules\bullmq\src\classes\worker.ts:524:22
      at Worker.retryIfFailed (C:\Users\suporte2\Documents\Programacao\Nodejs\Wpconnect\node_modules\bullmq\src\classes\worker.ts:1175:22)
      at Worker.run (C:\Users\suporte2\Documents\Programacao\Nodejs\Wpconnect\node_modules\bullmq\src\classes\worker.ts:522:18),
  level: 'error',
  timestamp: '2024-12-03T10:06:41.947Z'
}
{
  message: "Error enviar message campaign: TypeError: Cannot read properties of undefined (reading 'whatsappId')",
  level: 'error',
  timestamp: '2024-12-03T10:08:24.791Z'
}
{
  message: 'Erro ao processar o job SendMessageWhatsappCampaign',
  error: Error: TypeError: Cannot read properties of undefined (reading 'whatsappId')
      at handle (C:\Users\suporte2\Documents\Programacao\Nodejs\Wpconnect\src\jobs\SendMessageWhatsappCampaign.ts:55:10)
      at Worker.bullmq_1.Worker.connection [as processFn] (C:\Users\suporte2\Documents\Programacao\Nodejs\Wpconnect\src\libs\Queue.ts:64:12)
      at Worker.callProcessJob (C:\Users\suporte2\Documents\Programacao\Nodejs\Wpconnect\node_modules\bullmq\src\classes\worker.ts:363:17)
      at C:\Users\suporte2\Documents\Programacao\Nodejs\Wpconnect\node_modules\bullmq\src\classes\worker.ts:904:37
      at trace (C:\Users\suporte2\Documents\Programacao\Nodejs\Wpconnect\node_modules\bullmq\src\utils.ts:312:12)
      at Worker.trace (C:\Users\suporte2\Documents\Programacao\Nodejs\Wpconnect\node_modules\bullmq\src\classes\queue-base.ts:201:17)
      at Worker.processJob (C:\Users\suporte2\Documents\Programacao\Nodejs\Wpconnect\node_modules\bullmq\src\classes\worker.ts:826:17)
      at C:\Users\suporte2\Documents\Programacao\Nodejs\Wpconnect\node_modules\bullmq\src\classes\worker.ts:524:22
      at Worker.retryIfFailed (C:\Users\suporte2\Documents\Programacao\Nodejs\Wpconnect\node_modules\bullmq\src\classes\worker.ts:1175:22)
      at Worker.run (C:\Users\suporte2\Documents\Programacao\Nodejs\Wpconnect\node_modules\bullmq\src\classes\worker.ts:522:18),
  level: 'error',
  timestamp: '2024-12-03T10:08:24.798Z'
}
{
  message: "Error enviar message campaign: TypeError: Cannot read properties of undefined (reading 'whatsappId')",
  level: 'error',
  timestamp: '2024-12-03T10:09:50.482Z'
}
{
  message: 'Erro ao processar o job SendMessageWhatsappCampaign',
  error: Error: TypeError: Cannot read properties of undefined (reading 'whatsappId')
      at handle (C:\Users\suporte2\Documents\Programacao\Nodejs\Wpconnect\src\jobs\SendMessageWhatsappCampaign.ts:54:10)
      at Worker.bullmq_1.Worker.connection [as processFn] (C:\Users\suporte2\Documents\Programacao\Nodejs\Wpconnect\src\libs\Queue.ts:65:12)
      at Worker.callProcessJob (C:\Users\suporte2\Documents\Programacao\Nodejs\Wpconnect\node_modules\bullmq\src\classes\worker.ts:363:17)
      at C:\Users\suporte2\Documents\Programacao\Nodejs\Wpconnect\node_modules\bullmq\src\classes\worker.ts:904:37
      at trace (C:\Users\suporte2\Documents\Programacao\Nodejs\Wpconnect\node_modules\bullmq\src\utils.ts:312:12)
      at Worker.trace (C:\Users\suporte2\Documents\Programacao\Nodejs\Wpconnect\node_modules\bullmq\src\classes\queue-base.ts:201:17)
      at Worker.processJob (C:\Users\suporte2\Documents\Programacao\Nodejs\Wpconnect\node_modules\bullmq\src\classes\worker.ts:826:17)
      at C:\Users\suporte2\Documents\Programacao\Nodejs\Wpconnect\node_modules\bullmq\src\classes\worker.ts:524:22
      at Worker.retryIfFailed (C:\Users\suporte2\Documents\Programacao\Nodejs\Wpconnect\node_modules\bullmq\src\classes\worker.ts:1175:22)
      at Worker.run (C:\Users\suporte2\Documents\Programacao\Nodejs\Wpconnect\node_modules\bullmq\src\classes\worker.ts:522:18),
  level: 'error',
  timestamp: '2024-12-03T10:09:50.484Z'
}
{
  message: 'Error enviar message campaign: Error: ERR_WAPP_NOT_INITIALIZED',
  level: 'error',
  timestamp: '2024-12-03T10:17:39.586Z'
}
{
  message: 'Erro ao processar o job SendMessageWhatsappCampaign',
  error: Error: Error: ERR_WAPP_NOT_INITIALIZED
      at handle (C:\Users\suporte2\Documents\Programacao\Nodejs\Wpconnect\src\jobs\SendMessageWhatsappCampaign.ts:62:10)
      at Worker.bullmq_1.Worker.connection [as processFn] (C:\Users\suporte2\Documents\Programacao\Nodejs\Wpconnect\src\libs\Queue.ts:65:12)
      at Worker.callProcessJob (C:\Users\suporte2\Documents\Programacao\Nodejs\Wpconnect\node_modules\bullmq\src\classes\worker.ts:363:17)
      at C:\Users\suporte2\Documents\Programacao\Nodejs\Wpconnect\node_modules\bullmq\src\classes\worker.ts:904:37
      at trace (C:\Users\suporte2\Documents\Programacao\Nodejs\Wpconnect\node_modules\bullmq\src\utils.ts:312:12)
      at Worker.trace (C:\Users\suporte2\Documents\Programacao\Nodejs\Wpconnect\node_modules\bullmq\src\classes\queue-base.ts:201:17)
      at Worker.processJob (C:\Users\suporte2\Documents\Programacao\Nodejs\Wpconnect\node_modules\bullmq\src\classes\worker.ts:826:17)
      at C:\Users\suporte2\Documents\Programacao\Nodejs\Wpconnect\node_modules\bullmq\src\classes\worker.ts:524:22
      at Worker.retryIfFailed (C:\Users\suporte2\Documents\Programacao\Nodejs\Wpconnect\node_modules\bullmq\src\classes\worker.ts:1175:22)
      at Worker.run (C:\Users\suporte2\Documents\Programacao\Nodejs\Wpconnect\node_modules\bullmq\src\classes\worker.ts:522:18),
  level: 'error',
  timestamp: '2024-12-03T10:17:39.592Z'
}
{
  message: 'Error enviar message campaign: Error: ERR_WAPP_NOT_INITIALIZED',
  level: 'error',
  timestamp: '2024-12-03T10:19:57.228Z'
}
{
  message: 'Erro ao processar o job SendMessageWhatsappCampaign',
  error: Error: Error: ERR_WAPP_NOT_INITIALIZED
      at handle (C:\Users\suporte2\Documents\Programacao\Nodejs\Wpconnect\src\jobs\SendMessageWhatsappCampaign.ts:63:10)
      at Worker.bullmq_1.Worker.connection [as processFn] (C:\Users\suporte2\Documents\Programacao\Nodejs\Wpconnect\src\libs\Queue.ts:65:12)
      at Worker.callProcessJob (C:\Users\suporte2\Documents\Programacao\Nodejs\Wpconnect\node_modules\bullmq\src\classes\worker.ts:363:17)
      at C:\Users\suporte2\Documents\Programacao\Nodejs\Wpconnect\node_modules\bullmq\src\classes\worker.ts:904:37
      at trace (C:\Users\suporte2\Documents\Programacao\Nodejs\Wpconnect\node_modules\bullmq\src\utils.ts:312:12)
      at Worker.trace (C:\Users\suporte2\Documents\Programacao\Nodejs\Wpconnect\node_modules\bullmq\src\classes\queue-base.ts:201:17)
      at Worker.processJob (C:\Users\suporte2\Documents\Programacao\Nodejs\Wpconnect\node_modules\bullmq\src\classes\worker.ts:826:17)
      at C:\Users\suporte2\Documents\Programacao\Nodejs\Wpconnect\node_modules\bullmq\src\classes\worker.ts:524:22
      at Worker.retryIfFailed (C:\Users\suporte2\Documents\Programacao\Nodejs\Wpconnect\node_modules\bullmq\src\classes\worker.ts:1175:22)
      at Worker.run (C:\Users\suporte2\Documents\Programacao\Nodejs\Wpconnect\node_modules\bullmq\src\classes\worker.ts:522:18),
  level: 'error',
  timestamp: '2024-12-03T10:19:57.233Z'
}
{
  message: 'Error enviar message campaign: Error: ERR_WAPP_NOT_INITIALIZED',
  level: 'error',
  timestamp: '2024-12-03T10:21:07.975Z'
}
{
  message: 'Erro ao processar o job SendMessageWhatsappCampaign',
  error: Error: Error: ERR_WAPP_NOT_INITIALIZED
      at handle (C:\Users\suporte2\Documents\Programacao\Nodejs\Wpconnect\src\jobs\SendMessageWhatsappCampaign.ts:63:10)
      at Worker.bullmq_1.Worker.connection [as processFn] (C:\Users\suporte2\Documents\Programacao\Nodejs\Wpconnect\src\libs\Queue.ts:65:12)
      at Worker.callProcessJob (C:\Users\suporte2\Documents\Programacao\Nodejs\Wpconnect\node_modules\bullmq\src\classes\worker.ts:363:17)
      at C:\Users\suporte2\Documents\Programacao\Nodejs\Wpconnect\node_modules\bullmq\src\classes\worker.ts:904:37
      at trace (C:\Users\suporte2\Documents\Programacao\Nodejs\Wpconnect\node_modules\bullmq\src\utils.ts:312:12)
      at Worker.trace (C:\Users\suporte2\Documents\Programacao\Nodejs\Wpconnect\node_modules\bullmq\src\classes\queue-base.ts:201:17)
      at Worker.processJob (C:\Users\suporte2\Documents\Programacao\Nodejs\Wpconnect\node_modules\bullmq\src\classes\worker.ts:826:17)
      at C:\Users\suporte2\Documents\Programacao\Nodejs\Wpconnect\node_modules\bullmq\src\classes\worker.ts:524:22
      at Worker.retryIfFailed (C:\Users\suporte2\Documents\Programacao\Nodejs\Wpconnect\node_modules\bullmq\src\classes\worker.ts:1175:22)
      at Worker.run (C:\Users\suporte2\Documents\Programacao\Nodejs\Wpconnect\node_modules\bullmq\src\classes\worker.ts:522:18),
  level: 'error',
  timestamp: '2024-12-03T10:21:07.977Z'
}
{
  message: 'Error enviar message campaign: Error: ERR_WAPP_NOT_INITIALIZED',
  level: 'error',
  timestamp: '2024-12-03T10:22:19.931Z'
}
{
  message: 'Erro ao processar o job SendMessageWhatsappCampaign',
  error: Error: Error: ERR_WAPP_NOT_INITIALIZED
      at handle (C:\Users\suporte2\Documents\Programacao\Nodejs\Wpconnect\src\jobs\SendMessageWhatsappCampaign.ts:63:10)
      at Worker.bullmq_1.Worker.connection [as processFn] (C:\Users\suporte2\Documents\Programacao\Nodejs\Wpconnect\src\libs\Queue.ts:65:12)
      at Worker.callProcessJob (C:\Users\suporte2\Documents\Programacao\Nodejs\Wpconnect\node_modules\bullmq\src\classes\worker.ts:363:17)
      at C:\Users\suporte2\Documents\Programacao\Nodejs\Wpconnect\node_modules\bullmq\src\classes\worker.ts:904:37
      at trace (C:\Users\suporte2\Documents\Programacao\Nodejs\Wpconnect\node_modules\bullmq\src\utils.ts:312:12)
      at Worker.trace (C:\Users\suporte2\Documents\Programacao\Nodejs\Wpconnect\node_modules\bullmq\src\classes\queue-base.ts:201:17)
      at Worker.processJob (C:\Users\suporte2\Documents\Programacao\Nodejs\Wpconnect\node_modules\bullmq\src\classes\worker.ts:826:17)
      at C:\Users\suporte2\Documents\Programacao\Nodejs\Wpconnect\node_modules\bullmq\src\classes\worker.ts:524:22
      at Worker.retryIfFailed (C:\Users\suporte2\Documents\Programacao\Nodejs\Wpconnect\node_modules\bullmq\src\classes\worker.ts:1175:22)
      at Worker.run (C:\Users\suporte2\Documents\Programacao\Nodejs\Wpconnect\node_modules\bullmq\src\classes\worker.ts:522:18),
  level: 'error',
  timestamp: '2024-12-03T10:22:19.935Z'
}
{
  message: 'Error enviar message campaign: Error: ERR_WAPP_NOT_INITIALIZED',
  level: 'error',
  timestamp: '2024-12-03T10:23:23.251Z'
}
{
  message: 'Erro ao processar o job SendMessageWhatsappCampaign',
  error: Error: Error: ERR_WAPP_NOT_INITIALIZED
      at handle (C:\Users\suporte2\Documents\Programacao\Nodejs\Wpconnect\src\jobs\SendMessageWhatsappCampaign.ts:63:10)
      at Worker.bullmq_1.Worker.connection [as processFn] (C:\Users\suporte2\Documents\Programacao\Nodejs\Wpconnect\src\libs\Queue.ts:65:12)
      at Worker.callProcessJob (C:\Users\suporte2\Documents\Programacao\Nodejs\Wpconnect\node_modules\bullmq\src\classes\worker.ts:363:17)
      at C:\Users\suporte2\Documents\Programacao\Nodejs\Wpconnect\node_modules\bullmq\src\classes\worker.ts:904:37
      at trace (C:\Users\suporte2\Documents\Programacao\Nodejs\Wpconnect\node_modules\bullmq\src\utils.ts:312:12)
      at Worker.trace (C:\Users\suporte2\Documents\Programacao\Nodejs\Wpconnect\node_modules\bullmq\src\classes\queue-base.ts:201:17)
      at Worker.processJob (C:\Users\suporte2\Documents\Programacao\Nodejs\Wpconnect\node_modules\bullmq\src\classes\worker.ts:826:17)
      at C:\Users\suporte2\Documents\Programacao\Nodejs\Wpconnect\node_modules\bullmq\src\classes\worker.ts:524:22
      at Worker.retryIfFailed (C:\Users\suporte2\Documents\Programacao\Nodejs\Wpconnect\node_modules\bullmq\src\classes\worker.ts:1175:22)
      at Worker.run (C:\Users\suporte2\Documents\Programacao\Nodejs\Wpconnect\node_modules\bullmq\src\classes\worker.ts:522:18),
  level: 'error',
  timestamp: '2024-12-03T10:23:23.256Z'
}
{
  message: 'Error enviar message campaign: Error: ERR_WAPP_NOT_INITIALIZED',
  level: 'error',
  timestamp: '2024-12-03T10:24:34.160Z'
}
{
  message: 'Erro ao processar o job SendMessageWhatsappCampaign',
  error: Error: Error: ERR_WAPP_NOT_INITIALIZED
      at handle (C:\Users\suporte2\Documents\Programacao\Nodejs\Wpconnect\src\jobs\SendMessageWhatsappCampaign.ts:63:10)
      at Worker.bullmq_1.Worker.connection [as processFn] (C:\Users\suporte2\Documents\Programacao\Nodejs\Wpconnect\src\libs\Queue.ts:65:12)
      at Worker.callProcessJob (C:\Users\suporte2\Documents\Programacao\Nodejs\Wpconnect\node_modules\bullmq\src\classes\worker.ts:363:17)
      at C:\Users\suporte2\Documents\Programacao\Nodejs\Wpconnect\node_modules\bullmq\src\classes\worker.ts:904:37
      at trace (C:\Users\suporte2\Documents\Programacao\Nodejs\Wpconnect\node_modules\bullmq\src\utils.ts:312:12)
      at Worker.trace (C:\Users\suporte2\Documents\Programacao\Nodejs\Wpconnect\node_modules\bullmq\src\classes\queue-base.ts:201:17)
      at Worker.processJob (C:\Users\suporte2\Documents\Programacao\Nodejs\Wpconnect\node_modules\bullmq\src\classes\worker.ts:826:17)
      at C:\Users\suporte2\Documents\Programacao\Nodejs\Wpconnect\node_modules\bullmq\src\classes\worker.ts:524:22
      at Worker.retryIfFailed (C:\Users\suporte2\Documents\Programacao\Nodejs\Wpconnect\node_modules\bullmq\src\classes\worker.ts:1175:22)
      at Worker.run (C:\Users\suporte2\Documents\Programacao\Nodejs\Wpconnect\node_modules\bullmq\src\classes\worker.ts:522:18),
  level: 'error',
  timestamp: '2024-12-03T10:24:34.165Z'
}
{
  message: 'Error enviar message campaign: Error: ERR_WAPP_NOT_INITIALIZED',
  level: 'error',
  timestamp: '2024-12-03T10:25:33.255Z'
}
{
  message: 'Erro ao processar o job SendMessageWhatsappCampaign',
  error: Error: Error: ERR_WAPP_NOT_INITIALIZED
      at handle (C:\Users\suporte2\Documents\Programacao\Nodejs\Wpconnect\src\jobs\SendMessageWhatsappCampaign.ts:63:10)
      at Worker.bullmq_1.Worker.connection [as processFn] (C:\Users\suporte2\Documents\Programacao\Nodejs\Wpconnect\src\libs\Queue.ts:65:12)
      at Worker.callProcessJob (C:\Users\suporte2\Documents\Programacao\Nodejs\Wpconnect\node_modules\bullmq\src\classes\worker.ts:363:17)
      at C:\Users\suporte2\Documents\Programacao\Nodejs\Wpconnect\node_modules\bullmq\src\classes\worker.ts:904:37
      at trace (C:\Users\suporte2\Documents\Programacao\Nodejs\Wpconnect\node_modules\bullmq\src\utils.ts:312:12)
      at Worker.trace (C:\Users\suporte2\Documents\Programacao\Nodejs\Wpconnect\node_modules\bullmq\src\classes\queue-base.ts:201:17)
      at Worker.processJob (C:\Users\suporte2\Documents\Programacao\Nodejs\Wpconnect\node_modules\bullmq\src\classes\worker.ts:826:17)
      at C:\Users\suporte2\Documents\Programacao\Nodejs\Wpconnect\node_modules\bullmq\src\classes\worker.ts:524:22
      at Worker.retryIfFailed (C:\Users\suporte2\Documents\Programacao\Nodejs\Wpconnect\node_modules\bullmq\src\classes\worker.ts:1175:22)
      at Worker.run (C:\Users\suporte2\Documents\Programacao\Nodejs\Wpconnect\node_modules\bullmq\src\classes\worker.ts:522:18),
  level: 'error',
  timestamp: '2024-12-03T10:25:33.260Z'
}
{
  message: 'Error enviar message campaign: Error: ERR_WAPP_NOT_INITIALIZED',
  level: 'error',
  timestamp: '2024-12-03T10:26:28.222Z'
}
{
  message: 'Erro ao processar o job SendMessageWhatsappCampaign',
  error: Error: Error: ERR_WAPP_NOT_INITIALIZED
      at handle (C:\Users\suporte2\Documents\Programacao\Nodejs\Wpconnect\src\jobs\SendMessageWhatsappCampaign.ts:63:10)
      at Worker.bullmq_1.Worker.connection [as processFn] (C:\Users\suporte2\Documents\Programacao\Nodejs\Wpconnect\src\libs\Queue.ts:65:12)
      at Worker.callProcessJob (C:\Users\suporte2\Documents\Programacao\Nodejs\Wpconnect\node_modules\bullmq\src\classes\worker.ts:363:17)
      at C:\Users\suporte2\Documents\Programacao\Nodejs\Wpconnect\node_modules\bullmq\src\classes\worker.ts:904:37
      at trace (C:\Users\suporte2\Documents\Programacao\Nodejs\Wpconnect\node_modules\bullmq\src\utils.ts:312:12)
      at Worker.trace (C:\Users\suporte2\Documents\Programacao\Nodejs\Wpconnect\node_modules\bullmq\src\classes\queue-base.ts:201:17)
      at Worker.processJob (C:\Users\suporte2\Documents\Programacao\Nodejs\Wpconnect\node_modules\bullmq\src\classes\worker.ts:826:17)
      at C:\Users\suporte2\Documents\Programacao\Nodejs\Wpconnect\node_modules\bullmq\src\classes\worker.ts:524:22
      at Worker.retryIfFailed (C:\Users\suporte2\Documents\Programacao\Nodejs\Wpconnect\node_modules\bullmq\src\classes\worker.ts:1175:22)
      at Worker.run (C:\Users\suporte2\Documents\Programacao\Nodejs\Wpconnect\node_modules\bullmq\src\classes\worker.ts:522:18),
  level: 'error',
  timestamp: '2024-12-03T10:26:28.228Z'
}
{
  error: C:\Users\suporte2\Documents\Programacao\Nodejs\Wpconnect\src\jobs\SendMessageWhatsappCampaign.ts:33
                      messageSent = await wbot.sendFile(`${number}@c.us`, mediaPath, {
                                    ^^^^^
  
  SyntaxError: await is only valid in async functions and the top level bodies of modules
      at wrapSafe (node:internal/modules/cjs/loader:1469:18)
      at Module.<anonymous> (node:internal/modules/cjs/loader:1491:20)
      at Module._compile (C:\Users\suporte2\Documents\Programacao\Nodejs\Wpconnect\node_modules\source-map-support\source-map-support.js:568:25)
      at Module.m._compile (C:\Users\suporte2\AppData\Local\Temp\ts-node-dev-hook-37733007459396095.js:69:33)
      at node:internal/modules/cjs/loader:1689:10
      at require.extensions..jsx.require.extensions..js (C:\Users\suporte2\AppData\Local\Temp\ts-node-dev-hook-37733007459396095.js:114:20)
      at require.extensions.<computed> (C:\Users\suporte2\AppData\Local\Temp\ts-node-dev-hook-37733007459396095.js:71:20)
      at Object.nodeDevHook [as .ts] (C:\Users\suporte2\Documents\Programacao\Nodejs\Wpconnect\node_modules\ts-node-dev\lib\hook.js:63:13)
      at Module.load (node:internal/modules/cjs/loader:1318:32)
      at Function._load (node:internal/modules/cjs/loader:1128:12),
  level: 'error',
  message: 'uncaughtException: await is only valid in async functions and the top level bodies of modules\n' +
    'C:\\Users\\suporte2\\Documents\\Programacao\\Nodejs\\Wpconnect\\src\\jobs\\SendMessageWhatsappCampaign.ts:33\n' +
    '                    messageSent = await wbot.sendFile(`${number}@c.us`, mediaPath, {\n' +
    '                                  ^^^^^\n' +
    '\n' +
    'SyntaxError: await is only valid in async functions and the top level bodies of modules\n' +
    '    at wrapSafe (node:internal/modules/cjs/loader:1469:18)\n' +
    '    at Module.<anonymous> (node:internal/modules/cjs/loader:1491:20)\n' +
    '    at Module._compile (C:\\Users\\suporte2\\Documents\\Programacao\\Nodejs\\Wpconnect\\node_modules\\source-map-support\\source-map-support.js:568:25)\n' +
    '    at Module.m._compile (C:\\Users\\suporte2\\AppData\\Local\\Temp\\ts-node-dev-hook-37733007459396095.js:69:33)\n' +
    '    at node:internal/modules/cjs/loader:1689:10\n' +
    '    at require.extensions..jsx.require.extensions..js (C:\\Users\\suporte2\\AppData\\Local\\Temp\\ts-node-dev-hook-37733007459396095.js:114:20)\n' +
    '    at require.extensions.<computed> (C:\\Users\\suporte2\\AppData\\Local\\Temp\\ts-node-dev-hook-37733007459396095.js:71:20)\n' +
    '    at Object.nodeDevHook [as .ts] (C:\\Users\\suporte2\\Documents\\Programacao\\Nodejs\\Wpconnect\\node_modules\\ts-node-dev\\lib\\hook.js:63:13)\n' +
    '    at Module.load (node:internal/modules/cjs/loader:1318:32)\n' +
    '    at Function._load (node:internal/modules/cjs/loader:1128:12)',
  stack: 'C:\\Users\\suporte2\\Documents\\Programacao\\Nodejs\\Wpconnect\\src\\jobs\\SendMessageWhatsappCampaign.ts:33\n' +
    '                    messageSent = await wbot.sendFile(`${number}@c.us`, mediaPath, {\n' +
    '                                  ^^^^^\n' +
    '\n' +
    'SyntaxError: await is only valid in async functions and the top level bodies of modules\n' +
    '    at wrapSafe (node:internal/modules/cjs/loader:1469:18)\n' +
    '    at Module.<anonymous> (node:internal/modules/cjs/loader:1491:20)\n' +
    '    at Module._compile (C:\\Users\\suporte2\\Documents\\Programacao\\Nodejs\\Wpconnect\\node_modules\\source-map-support\\source-map-support.js:568:25)\n' +
    '    at Module.m._compile (C:\\Users\\suporte2\\AppData\\Local\\Temp\\ts-node-dev-hook-37733007459396095.js:69:33)\n' +
    '    at node:internal/modules/cjs/loader:1689:10\n' +
    '    at require.extensions..jsx.require.extensions..js (C:\\Users\\suporte2\\AppData\\Local\\Temp\\ts-node-dev-hook-37733007459396095.js:114:20)\n' +
    '    at require.extensions.<computed> (C:\\Users\\suporte2\\AppData\\Local\\Temp\\ts-node-dev-hook-37733007459396095.js:71:20)\n' +
    '    at Object.nodeDevHook [as .ts] (C:\\Users\\suporte2\\Documents\\Programacao\\Nodejs\\Wpconnect\\node_modules\\ts-node-dev\\lib\\hook.js:63:13)\n' +
    '    at Module.load (node:internal/modules/cjs/loader:1318:32)\n' +
    '    at Function._load (node:internal/modules/cjs/loader:1128:12)',
  exception: true,
  date: 'Tue Dec 03 2024 07:27:12 GMT-0300 (Horário Padrão de Brasília)',
  process: {
    pid: 8736,
    uid: null,
    gid: null,
    cwd: 'C:\\Users\\suporte2\\Documents\\Programacao\\Nodejs\\Wpconnect',
    execPath: 'C:\\Users\\suporte2\\Documents\\Programacao\\Nodejs\\Port\\app\\node.exe',
    version: 'v22.11.0',
    argv: [
      'C:\\Users\\suporte2\\Documents\\Programacao\\Nodejs\\Port\\app\\node.exe',
      'src/server.ts'
    ],
    memoryUsage: {
      rss: 161484800,
      heapTotal: 111677440,
      heapUsed: 91195368,
      external: 3482322,
      arrayBuffers: 433374
    }
  },
  os: { loadavg: [ 0, 0, 0 ], uptime: 518809.484 },
  trace: [
    {
      column: 18,
      file: 'node:internal/modules/cjs/loader',
      function: 'wrapSafe',
      line: 1469,
      method: null,
      native: false
    },
    {
      column: 20,
      file: 'node:internal/modules/cjs/loader',
      function: null,
      line: 1491,
      method: null,
      native: false
    },
    {
      column: 25,
      file: 'C:\\Users\\suporte2\\Documents\\Programacao\\Nodejs\\Wpconnect\\node_modules\\source-map-support\\source-map-support.js',
      function: 'Module._compile',
      line: 568,
      method: '_compile',
      native: false
    },
    {
      column: 33,
      file: 'C:\\Users\\suporte2\\AppData\\Local\\Temp\\ts-node-dev-hook-37733007459396095.js',
      function: 'Module.m._compile',
      line: 69,
      method: '_compile',
      native: false
    },
    {
      column: 10,
      file: 'node:internal/modules/cjs/loader',
      function: null,
      line: 1689,
      method: null,
      native: false
    },
    {
      column: 20,
      file: 'C:\\Users\\suporte2\\AppData\\Local\\Temp\\ts-node-dev-hook-37733007459396095.js',
      function: 'require.extensions..jsx.require.extensions..js',
      line: 114,
      method: '.js',
      native: false
    },
    {
      column: 20,
      file: 'C:\\Users\\suporte2\\AppData\\Local\\Temp\\ts-node-dev-hook-37733007459396095.js',
      function: 'require.extensions.<computed>',
      line: 71,
      method: '<computed>',
      native: false
    },
    {
      column: 13,
      file: 'C:\\Users\\suporte2\\Documents\\Programacao\\Nodejs\\Wpconnect\\node_modules\\ts-node-dev\\lib\\hook.js',
      function: 'Object.nodeDevHook [as .ts]',
      line: 63,
      method: 'ts]',
      native: false
    },
    {
      column: 32,
      file: 'node:internal/modules/cjs/loader',
      function: 'Module.load',
      line: 1318,
      method: 'load',
      native: false
    },
    {
      column: 12,
      file: 'node:internal/modules/cjs/loader',
      function: 'Function._load',
      line: 1128,
      method: '_load',
      native: false
    }
  ],
  timestamp: '2024-12-03T10:27:12.288Z'
}
{
  error: C:\Users\suporte2\Documents\Programacao\Nodejs\Wpconnect\src\jobs\SendMessageWhatsappCampaign.ts:33
                      messageSent = await wbot.sendFile(`${number}@c.us`, mediaPath, {
                                    ^^^^^
  
  SyntaxError: await is only valid in async functions and the top level bodies of modules
      at wrapSafe (node:internal/modules/cjs/loader:1469:18)
      at Module.<anonymous> (node:internal/modules/cjs/loader:1491:20)
      at Module._compile (C:\Users\suporte2\Documents\Programacao\Nodejs\Wpconnect\node_modules\source-map-support\source-map-support.js:568:25)
      at Module.m._compile (C:\Users\suporte2\AppData\Local\Temp\ts-node-dev-hook-37733007459396095.js:69:33)
      at node:internal/modules/cjs/loader:1689:10
      at require.extensions..jsx.require.extensions..js (C:\Users\suporte2\AppData\Local\Temp\ts-node-dev-hook-37733007459396095.js:114:20)
      at require.extensions.<computed> (C:\Users\suporte2\AppData\Local\Temp\ts-node-dev-hook-37733007459396095.js:71:20)
      at Object.nodeDevHook [as .ts] (C:\Users\suporte2\Documents\Programacao\Nodejs\Wpconnect\node_modules\ts-node-dev\lib\hook.js:63:13)
      at Module.load (node:internal/modules/cjs/loader:1318:32)
      at Function._load (node:internal/modules/cjs/loader:1128:12),
  level: 'error',
  message: 'uncaughtException: await is only valid in async functions and the top level bodies of modules\n' +
    'C:\\Users\\suporte2\\Documents\\Programacao\\Nodejs\\Wpconnect\\src\\jobs\\SendMessageWhatsappCampaign.ts:33\n' +
    '                    messageSent = await wbot.sendFile(`${number}@c.us`, mediaPath, {\n' +
    '                                  ^^^^^\n' +
    '\n' +
    'SyntaxError: await is only valid in async functions and the top level bodies of modules\n' +
    '    at wrapSafe (node:internal/modules/cjs/loader:1469:18)\n' +
    '    at Module.<anonymous> (node:internal/modules/cjs/loader:1491:20)\n' +
    '    at Module._compile (C:\\Users\\suporte2\\Documents\\Programacao\\Nodejs\\Wpconnect\\node_modules\\source-map-support\\source-map-support.js:568:25)\n' +
    '    at Module.m._compile (C:\\Users\\suporte2\\AppData\\Local\\Temp\\ts-node-dev-hook-37733007459396095.js:69:33)\n' +
    '    at node:internal/modules/cjs/loader:1689:10\n' +
    '    at require.extensions..jsx.require.extensions..js (C:\\Users\\suporte2\\AppData\\Local\\Temp\\ts-node-dev-hook-37733007459396095.js:114:20)\n' +
    '    at require.extensions.<computed> (C:\\Users\\suporte2\\AppData\\Local\\Temp\\ts-node-dev-hook-37733007459396095.js:71:20)\n' +
    '    at Object.nodeDevHook [as .ts] (C:\\Users\\suporte2\\Documents\\Programacao\\Nodejs\\Wpconnect\\node_modules\\ts-node-dev\\lib\\hook.js:63:13)\n' +
    '    at Module.load (node:internal/modules/cjs/loader:1318:32)\n' +
    '    at Function._load (node:internal/modules/cjs/loader:1128:12)',
  stack: 'C:\\Users\\suporte2\\Documents\\Programacao\\Nodejs\\Wpconnect\\src\\jobs\\SendMessageWhatsappCampaign.ts:33\n' +
    '                    messageSent = await wbot.sendFile(`${number}@c.us`, mediaPath, {\n' +
    '                                  ^^^^^\n' +
    '\n' +
    'SyntaxError: await is only valid in async functions and the top level bodies of modules\n' +
    '    at wrapSafe (node:internal/modules/cjs/loader:1469:18)\n' +
    '    at Module.<anonymous> (node:internal/modules/cjs/loader:1491:20)\n' +
    '    at Module._compile (C:\\Users\\suporte2\\Documents\\Programacao\\Nodejs\\Wpconnect\\node_modules\\source-map-support\\source-map-support.js:568:25)\n' +
    '    at Module.m._compile (C:\\Users\\suporte2\\AppData\\Local\\Temp\\ts-node-dev-hook-37733007459396095.js:69:33)\n' +
    '    at node:internal/modules/cjs/loader:1689:10\n' +
    '    at require.extensions..jsx.require.extensions..js (C:\\Users\\suporte2\\AppData\\Local\\Temp\\ts-node-dev-hook-37733007459396095.js:114:20)\n' +
    '    at require.extensions.<computed> (C:\\Users\\suporte2\\AppData\\Local\\Temp\\ts-node-dev-hook-37733007459396095.js:71:20)\n' +
    '    at Object.nodeDevHook [as .ts] (C:\\Users\\suporte2\\Documents\\Programacao\\Nodejs\\Wpconnect\\node_modules\\ts-node-dev\\lib\\hook.js:63:13)\n' +
    '    at Module.load (node:internal/modules/cjs/loader:1318:32)\n' +
    '    at Function._load (node:internal/modules/cjs/loader:1128:12)',
  exception: true,
  date: 'Tue Dec 03 2024 07:27:22 GMT-0300 (Horário Padrão de Brasília)',
  process: {
    pid: 18188,
    uid: null,
    gid: null,
    cwd: 'C:\\Users\\suporte2\\Documents\\Programacao\\Nodejs\\Wpconnect',
    execPath: 'C:\\Users\\suporte2\\Documents\\Programacao\\Nodejs\\Port\\app\\node.exe',
    version: 'v22.11.0',
    argv: [
      'C:\\Users\\suporte2\\Documents\\Programacao\\Nodejs\\Port\\app\\node.exe',
      'src/server.ts'
    ],
    memoryUsage: {
      rss: 156397568,
      heapTotal: 106459136,
      heapUsed: 76926840,
      external: 3482322,
      arrayBuffers: 433374
    }
  },
  os: { loadavg: [ 0, 0, 0 ], uptime: 518819.968 },
  trace: [
    {
      column: 18,
      file: 'node:internal/modules/cjs/loader',
      function: 'wrapSafe',
      line: 1469,
      method: null,
      native: false
    },
    {
      column: 20,
      file: 'node:internal/modules/cjs/loader',
      function: null,
      line: 1491,
      method: null,
      native: false
    },
    {
      column: 25,
      file: 'C:\\Users\\suporte2\\Documents\\Programacao\\Nodejs\\Wpconnect\\node_modules\\source-map-support\\source-map-support.js',
      function: 'Module._compile',
      line: 568,
      method: '_compile',
      native: false
    },
    {
      column: 33,
      file: 'C:\\Users\\suporte2\\AppData\\Local\\Temp\\ts-node-dev-hook-37733007459396095.js',
      function: 'Module.m._compile',
      line: 69,
      method: '_compile',
      native: false
    },
    {
      column: 10,
      file: 'node:internal/modules/cjs/loader',
      function: null,
      line: 1689,
      method: null,
      native: false
    },
    {
      column: 20,
      file: 'C:\\Users\\suporte2\\AppData\\Local\\Temp\\ts-node-dev-hook-37733007459396095.js',
      function: 'require.extensions..jsx.require.extensions..js',
      line: 114,
      method: '.js',
      native: false
    },
    {
      column: 20,
      file: 'C:\\Users\\suporte2\\AppData\\Local\\Temp\\ts-node-dev-hook-37733007459396095.js',
      function: 'require.extensions.<computed>',
      line: 71,
      method: '<computed>',
      native: false
    },
    {
      column: 13,
      file: 'C:\\Users\\suporte2\\Documents\\Programacao\\Nodejs\\Wpconnect\\node_modules\\ts-node-dev\\lib\\hook.js',
      function: 'Object.nodeDevHook [as .ts]',
      line: 63,
      method: 'ts]',
      native: false
    },
    {
      column: 32,
      file: 'node:internal/modules/cjs/loader',
      function: 'Module.load',
      line: 1318,
      method: 'load',
      native: false
    },
    {
      column: 12,
      file: 'node:internal/modules/cjs/loader',
      function: 'Function._load',
      line: 1128,
      method: '_load',
      native: false
    }
  ],
  timestamp: '2024-12-03T10:27:22.778Z'
}
{
  error: Error: ⨯ Unable to compile TypeScript:
  src/services/CampaignServices/StartCampaignService.ts(159,56): error TS1005: ')' expected.
  
      at Object.<anonymous> (C:\Users\suporte2\Documents\Programacao\Nodejs\Wpconnect\src\services\CampaignServices\StartCampaignService.ts:1:7)
      at Module.<anonymous> (node:internal/modules/cjs/loader:1546:14)
      at Module._compile (C:\Users\suporte2\Documents\Programacao\Nodejs\Wpconnect\node_modules\source-map-support\source-map-support.js:568:25)
      at Module.m._compile (C:\Users\suporte2\AppData\Local\Temp\ts-node-dev-hook-022215023038863135.js:69:33)
      at node:internal/modules/cjs/loader:1689:10
      at require.extensions..jsx.require.extensions..js (C:\Users\suporte2\AppData\Local\Temp\ts-node-dev-hook-022215023038863135.js:114:20)
      at require.extensions.<computed> (C:\Users\suporte2\AppData\Local\Temp\ts-node-dev-hook-022215023038863135.js:71:20)
      at Object.nodeDevHook [as .ts] (C:\Users\suporte2\Documents\Programacao\Nodejs\Wpconnect\node_modules\ts-node-dev\lib\hook.js:63:13)
      at Module.load (node:internal/modules/cjs/loader:1318:32)
      at Function._load (node:internal/modules/cjs/loader:1128:12),
  level: 'error',
  message: 'uncaughtException: ⨯ Unable to compile TypeScript:\n' +
    "src/services/CampaignServices/StartCampaignService.ts(159,56): error TS1005: ')' expected.\r\n" +
    '\n' +
    'Error: ⨯ Unable to compile TypeScript:\n' +
    "src/services/CampaignServices/StartCampaignService.ts(159,56): error TS1005: ')' expected.\r\n" +
    '\n' +
    '    at Object.<anonymous> (C:\\Users\\suporte2\\Documents\\Programacao\\Nodejs\\Wpconnect\\src\\services\\CampaignServices\\StartCampaignService.ts:1:7)\n' +
    '    at Module.<anonymous> (node:internal/modules/cjs/loader:1546:14)\n' +
    '    at Module._compile (C:\\Users\\suporte2\\Documents\\Programacao\\Nodejs\\Wpconnect\\node_modules\\source-map-support\\source-map-support.js:568:25)\n' +
    '    at Module.m._compile (C:\\Users\\suporte2\\AppData\\Local\\Temp\\ts-node-dev-hook-022215023038863135.js:69:33)\n' +
    '    at node:internal/modules/cjs/loader:1689:10\n' +
    '    at require.extensions..jsx.require.extensions..js (C:\\Users\\suporte2\\AppData\\Local\\Temp\\ts-node-dev-hook-022215023038863135.js:114:20)\n' +
    '    at require.extensions.<computed> (C:\\Users\\suporte2\\AppData\\Local\\Temp\\ts-node-dev-hook-022215023038863135.js:71:20)\n' +
    '    at Object.nodeDevHook [as .ts] (C:\\Users\\suporte2\\Documents\\Programacao\\Nodejs\\Wpconnect\\node_modules\\ts-node-dev\\lib\\hook.js:63:13)\n' +
    '    at Module.load (node:internal/modules/cjs/loader:1318:32)\n' +
    '    at Function._load (node:internal/modules/cjs/loader:1128:12)',
  stack: 'Error: ⨯ Unable to compile TypeScript:\n' +
    "src/services/CampaignServices/StartCampaignService.ts(159,56): error TS1005: ')' expected.\r\n" +
    '\n' +
    '    at Object.<anonymous> (C:\\Users\\suporte2\\Documents\\Programacao\\Nodejs\\Wpconnect\\src\\services\\CampaignServices\\StartCampaignService.ts:1:7)\n' +
    '    at Module.<anonymous> (node:internal/modules/cjs/loader:1546:14)\n' +
    '    at Module._compile (C:\\Users\\suporte2\\Documents\\Programacao\\Nodejs\\Wpconnect\\node_modules\\source-map-support\\source-map-support.js:568:25)\n' +
    '    at Module.m._compile (C:\\Users\\suporte2\\AppData\\Local\\Temp\\ts-node-dev-hook-022215023038863135.js:69:33)\n' +
    '    at node:internal/modules/cjs/loader:1689:10\n' +
    '    at require.extensions..jsx.require.extensions..js (C:\\Users\\suporte2\\AppData\\Local\\Temp\\ts-node-dev-hook-022215023038863135.js:114:20)\n' +
    '    at require.extensions.<computed> (C:\\Users\\suporte2\\AppData\\Local\\Temp\\ts-node-dev-hook-022215023038863135.js:71:20)\n' +
    '    at Object.nodeDevHook [as .ts] (C:\\Users\\suporte2\\Documents\\Programacao\\Nodejs\\Wpconnect\\node_modules\\ts-node-dev\\lib\\hook.js:63:13)\n' +
    '    at Module.load (node:internal/modules/cjs/loader:1318:32)\n' +
    '    at Function._load (node:internal/modules/cjs/loader:1128:12)',
  exception: true,
  date: 'Tue Dec 03 2024 12:41:50 GMT-0300 (Horário Padrão de Brasília)',
  process: {
    pid: 18816,
    uid: null,
    gid: null,
    cwd: 'C:\\Users\\suporte2\\Documents\\Programacao\\Nodejs\\Wpconnect',
    execPath: 'C:\\Users\\suporte2\\Documents\\Programacao\\Nodejs\\Port\\app\\node.exe',
    version: 'v22.11.0',
    argv: [
      'C:\\Users\\suporte2\\Documents\\Programacao\\Nodejs\\Port\\app\\node.exe',
      'src/server.ts'
    ],
    memoryUsage: {
      rss: 168833024,
      heapTotal: 116166656,
      heapUsed: 83752816,
      external: 3513206,
      arrayBuffers: 506293
    }
  },
  os: { loadavg: [ 0, 0, 0 ], uptime: 537687.484 },
  trace: [
    {
      column: 7,
      file: 'C:\\Users\\suporte2\\Documents\\Programacao\\Nodejs\\Wpconnect\\src\\services\\CampaignServices\\StartCampaignService.ts',
      function: null,
      line: 1,
      method: null,
      native: false
    },
    {
      column: 14,
      file: 'node:internal/modules/cjs/loader',
      function: null,
      line: 1546,
      method: null,
      native: false
    },
    {
      column: 25,
      file: 'C:\\Users\\suporte2\\Documents\\Programacao\\Nodejs\\Wpconnect\\node_modules\\source-map-support\\source-map-support.js',
      function: 'Module._compile',
      line: 568,
      method: '_compile',
      native: false
    },
    {
      column: 33,
      file: 'C:\\Users\\suporte2\\AppData\\Local\\Temp\\ts-node-dev-hook-022215023038863135.js',
      function: 'Module.m._compile',
      line: 69,
      method: '_compile',
      native: false
    },
    {
      column: 10,
      file: 'node:internal/modules/cjs/loader',
      function: null,
      line: 1689,
      method: null,
      native: false
    },
    {
      column: 20,
      file: 'C:\\Users\\suporte2\\AppData\\Local\\Temp\\ts-node-dev-hook-022215023038863135.js',
      function: 'require.extensions..jsx.require.extensions..js',
      line: 114,
      method: '.js',
      native: false
    },
    {
      column: 20,
      file: 'C:\\Users\\suporte2\\AppData\\Local\\Temp\\ts-node-dev-hook-022215023038863135.js',
      function: 'require.extensions.<computed>',
      line: 71,
      method: '<computed>',
      native: false
    },
    {
      column: 13,
      file: 'C:\\Users\\suporte2\\Documents\\Programacao\\Nodejs\\Wpconnect\\node_modules\\ts-node-dev\\lib\\hook.js',
      function: 'Object.nodeDevHook [as .ts]',
      line: 63,
      method: 'ts]',
      native: false
    },
    {
      column: 32,
      file: 'node:internal/modules/cjs/loader',
      function: 'Module.load',
      line: 1318,
      method: 'load',
      native: false
    },
    {
      column: 12,
      file: 'node:internal/modules/cjs/loader',
      function: 'Function._load',
      line: 1128,
      method: '_load',
      native: false
    }
  ],
  timestamp: '2024-12-03T15:41:50.452Z'
}
{
  error: Error: ⨯ Unable to compile TypeScript:
  src/services/CampaignServices/StartCampaignService.ts(165,53): error TS1005: ',' expected.
  
      at Object.<anonymous> (C:\Users\suporte2\Documents\Programacao\Nodejs\Wpconnect\src\services\CampaignServices\StartCampaignService.ts:1:7)
      at Module.<anonymous> (node:internal/modules/cjs/loader:1546:14)
      at Module._compile (C:\Users\suporte2\Documents\Programacao\Nodejs\Wpconnect\node_modules\source-map-support\source-map-support.js:568:25)
      at Module.m._compile (C:\Users\suporte2\AppData\Local\Temp\ts-node-dev-hook-3386966957035038.js:69:33)
      at node:internal/modules/cjs/loader:1689:10
      at require.extensions..jsx.require.extensions..js (C:\Users\suporte2\AppData\Local\Temp\ts-node-dev-hook-3386966957035038.js:114:20)
      at require.extensions.<computed> (C:\Users\suporte2\AppData\Local\Temp\ts-node-dev-hook-3386966957035038.js:71:20)
      at Object.nodeDevHook [as .ts] (C:\Users\suporte2\Documents\Programacao\Nodejs\Wpconnect\node_modules\ts-node-dev\lib\hook.js:63:13)
      at Module.load (node:internal/modules/cjs/loader:1318:32)
      at Function._load (node:internal/modules/cjs/loader:1128:12),
  level: 'error',
  message: 'uncaughtException: ⨯ Unable to compile TypeScript:\n' +
    "src/services/CampaignServices/StartCampaignService.ts(165,53): error TS1005: ',' expected.\r\n" +
    '\n' +
    'Error: ⨯ Unable to compile TypeScript:\n' +
    "src/services/CampaignServices/StartCampaignService.ts(165,53): error TS1005: ',' expected.\r\n" +
    '\n' +
    '    at Object.<anonymous> (C:\\Users\\suporte2\\Documents\\Programacao\\Nodejs\\Wpconnect\\src\\services\\CampaignServices\\StartCampaignService.ts:1:7)\n' +
    '    at Module.<anonymous> (node:internal/modules/cjs/loader:1546:14)\n' +
    '    at Module._compile (C:\\Users\\suporte2\\Documents\\Programacao\\Nodejs\\Wpconnect\\node_modules\\source-map-support\\source-map-support.js:568:25)\n' +
    '    at Module.m._compile (C:\\Users\\suporte2\\AppData\\Local\\Temp\\ts-node-dev-hook-3386966957035038.js:69:33)\n' +
    '    at node:internal/modules/cjs/loader:1689:10\n' +
    '    at require.extensions..jsx.require.extensions..js (C:\\Users\\suporte2\\AppData\\Local\\Temp\\ts-node-dev-hook-3386966957035038.js:114:20)\n' +
    '    at require.extensions.<computed> (C:\\Users\\suporte2\\AppData\\Local\\Temp\\ts-node-dev-hook-3386966957035038.js:71:20)\n' +
    '    at Object.nodeDevHook [as .ts] (C:\\Users\\suporte2\\Documents\\Programacao\\Nodejs\\Wpconnect\\node_modules\\ts-node-dev\\lib\\hook.js:63:13)\n' +
    '    at Module.load (node:internal/modules/cjs/loader:1318:32)\n' +
    '    at Function._load (node:internal/modules/cjs/loader:1128:12)',
  stack: 'Error: ⨯ Unable to compile TypeScript:\n' +
    "src/services/CampaignServices/StartCampaignService.ts(165,53): error TS1005: ',' expected.\r\n" +
    '\n' +
    '    at Object.<anonymous> (C:\\Users\\suporte2\\Documents\\Programacao\\Nodejs\\Wpconnect\\src\\services\\CampaignServices\\StartCampaignService.ts:1:7)\n' +
    '    at Module.<anonymous> (node:internal/modules/cjs/loader:1546:14)\n' +
    '    at Module._compile (C:\\Users\\suporte2\\Documents\\Programacao\\Nodejs\\Wpconnect\\node_modules\\source-map-support\\source-map-support.js:568:25)\n' +
    '    at Module.m._compile (C:\\Users\\suporte2\\AppData\\Local\\Temp\\ts-node-dev-hook-3386966957035038.js:69:33)\n' +
    '    at node:internal/modules/cjs/loader:1689:10\n' +
    '    at require.extensions..jsx.require.extensions..js (C:\\Users\\suporte2\\AppData\\Local\\Temp\\ts-node-dev-hook-3386966957035038.js:114:20)\n' +
    '    at require.extensions.<computed> (C:\\Users\\suporte2\\AppData\\Local\\Temp\\ts-node-dev-hook-3386966957035038.js:71:20)\n' +
    '    at Object.nodeDevHook [as .ts] (C:\\Users\\suporte2\\Documents\\Programacao\\Nodejs\\Wpconnect\\node_modules\\ts-node-dev\\lib\\hook.js:63:13)\n' +
    '    at Module.load (node:internal/modules/cjs/loader:1318:32)\n' +
    '    at Function._load (node:internal/modules/cjs/loader:1128:12)',
  exception: true,
  date: 'Tue Dec 03 2024 12:54:44 GMT-0300 (Horário Padrão de Brasília)',
  process: {
    pid: 18592,
    uid: null,
    gid: null,
    cwd: 'C:\\Users\\suporte2\\Documents\\Programacao\\Nodejs\\Wpconnect',
    execPath: 'C:\\Users\\suporte2\\Documents\\Programacao\\Nodejs\\Port\\app\\node.exe',
    version: 'v22.11.0',
    argv: [
      'C:\\Users\\suporte2\\Documents\\Programacao\\Nodejs\\Port\\app\\node.exe',
      'src/server.ts'
    ],
    memoryUsage: {
      rss: 167809024,
      heapTotal: 116748288,
      heapUsed: 83563872,
      external: 3513206,
      arrayBuffers: 506293
    }
  },
  os: { loadavg: [ 0, 0, 0 ], uptime: 538461.109 },
  trace: [
    {
      column: 7,
      file: 'C:\\Users\\suporte2\\Documents\\Programacao\\Nodejs\\Wpconnect\\src\\services\\CampaignServices\\StartCampaignService.ts',
      function: null,
      line: 1,
      method: null,
      native: false
    },
    {
      column: 14,
      file: 'node:internal/modules/cjs/loader',
      function: null,
      line: 1546,
      method: null,
      native: false
    },
    {
      column: 25,
      file: 'C:\\Users\\suporte2\\Documents\\Programacao\\Nodejs\\Wpconnect\\node_modules\\source-map-support\\source-map-support.js',
      function: 'Module._compile',
      line: 568,
      method: '_compile',
      native: false
    },
    {
      column: 33,
      file: 'C:\\Users\\suporte2\\AppData\\Local\\Temp\\ts-node-dev-hook-3386966957035038.js',
      function: 'Module.m._compile',
      line: 69,
      method: '_compile',
      native: false
    },
    {
      column: 10,
      file: 'node:internal/modules/cjs/loader',
      function: null,
      line: 1689,
      method: null,
      native: false
    },
    {
      column: 20,
      file: 'C:\\Users\\suporte2\\AppData\\Local\\Temp\\ts-node-dev-hook-3386966957035038.js',
      function: 'require.extensions..jsx.require.extensions..js',
      line: 114,
      method: '.js',
      native: false
    },
    {
      column: 20,
      file: 'C:\\Users\\suporte2\\AppData\\Local\\Temp\\ts-node-dev-hook-3386966957035038.js',
      function: 'require.extensions.<computed>',
      line: 71,
      method: '<computed>',
      native: false
    },
    {
      column: 13,
      file: 'C:\\Users\\suporte2\\Documents\\Programacao\\Nodejs\\Wpconnect\\node_modules\\ts-node-dev\\lib\\hook.js',
      function: 'Object.nodeDevHook [as .ts]',
      line: 63,
      method: 'ts]',
      native: false
    },
    {
      column: 32,
      file: 'node:internal/modules/cjs/loader',
      function: 'Module.load',
      line: 1318,
      method: 'load',
      native: false
    },
    {
      column: 12,
      file: 'node:internal/modules/cjs/loader',
      function: 'Function._load',
      line: 1128,
      method: '_load',
      native: false
    }
  ],
  timestamp: '2024-12-03T15:54:44.082Z'
}
{
  error: Error: ⨯ Unable to compile TypeScript:
  src/jobs/SendMessageWhatsappCampaign.ts(59,5): error TS1472: 'catch' or 'finally' expected.
  src/jobs/SendMessageWhatsappCampaign.ts(60,5): error TS1005: ',' expected.
  src/jobs/SendMessageWhatsappCampaign.ts(64,3): error TS1005: ';' expected.
  src/jobs/SendMessageWhatsappCampaign.ts(65,1): error TS1128: Declaration or statement expected.
  
      at Object.<anonymous> (C:\Users\suporte2\Documents\Programacao\Nodejs\Wpconnect\src\jobs\SendMessageWhatsappCampaign.ts:1:7)
      at Module.<anonymous> (node:internal/modules/cjs/loader:1546:14)
      at Module._compile (C:\Users\suporte2\Documents\Programacao\Nodejs\Wpconnect\node_modules\source-map-support\source-map-support.js:568:25)
      at Module.m._compile (C:\Users\suporte2\AppData\Local\Temp\ts-node-dev-hook-3386966957035038.js:69:33)
      at node:internal/modules/cjs/loader:1689:10
      at require.extensions..jsx.require.extensions..js (C:\Users\suporte2\AppData\Local\Temp\ts-node-dev-hook-3386966957035038.js:114:20)
      at require.extensions.<computed> (C:\Users\suporte2\AppData\Local\Temp\ts-node-dev-hook-3386966957035038.js:71:20)
      at Object.nodeDevHook [as .ts] (C:\Users\suporte2\Documents\Programacao\Nodejs\Wpconnect\node_modules\ts-node-dev\lib\hook.js:63:13)
      at Module.load (node:internal/modules/cjs/loader:1318:32)
      at Function._load (node:internal/modules/cjs/loader:1128:12),
  level: 'error',
  message: 'uncaughtException: ⨯ Unable to compile TypeScript:\n' +
    "src/jobs/SendMessageWhatsappCampaign.ts(59,5): error TS1472: 'catch' or 'finally' expected.\r\n" +
    "src/jobs/SendMessageWhatsappCampaign.ts(60,5): error TS1005: ',' expected.\r\n" +
    "src/jobs/SendMessageWhatsappCampaign.ts(64,3): error TS1005: ';' expected.\r\n" +
    'src/jobs/SendMessageWhatsappCampaign.ts(65,1): error TS1128: Declaration or statement expected.\r\n' +
    '\n' +
    'Error: ⨯ Unable to compile TypeScript:\n' +
    "src/jobs/SendMessageWhatsappCampaign.ts(59,5): error TS1472: 'catch' or 'finally' expected.\r\n" +
    "src/jobs/SendMessageWhatsappCampaign.ts(60,5): error TS1005: ',' expected.\r\n" +
    "src/jobs/SendMessageWhatsappCampaign.ts(64,3): error TS1005: ';' expected.\r\n" +
    'src/jobs/SendMessageWhatsappCampaign.ts(65,1): error TS1128: Declaration or statement expected.\r\n' +
    '\n' +
    '    at Object.<anonymous> (C:\\Users\\suporte2\\Documents\\Programacao\\Nodejs\\Wpconnect\\src\\jobs\\SendMessageWhatsappCampaign.ts:1:7)\n' +
    '    at Module.<anonymous> (node:internal/modules/cjs/loader:1546:14)\n' +
    '    at Module._compile (C:\\Users\\suporte2\\Documents\\Programacao\\Nodejs\\Wpconnect\\node_modules\\source-map-support\\source-map-support.js:568:25)\n' +
    '    at Module.m._compile (C:\\Users\\suporte2\\AppData\\Local\\Temp\\ts-node-dev-hook-3386966957035038.js:69:33)\n' +
    '    at node:internal/modules/cjs/loader:1689:10\n' +
    '    at require.extensions..jsx.require.extensions..js (C:\\Users\\suporte2\\AppData\\Local\\Temp\\ts-node-dev-hook-3386966957035038.js:114:20)\n' +
    '    at require.extensions.<computed> (C:\\Users\\suporte2\\AppData\\Local\\Temp\\ts-node-dev-hook-3386966957035038.js:71:20)\n' +
    '    at Object.nodeDevHook [as .ts] (C:\\Users\\suporte2\\Documents\\Programacao\\Nodejs\\Wpconnect\\node_modules\\ts-node-dev\\lib\\hook.js:63:13)\n' +
    '    at Module.load (node:internal/modules/cjs/loader:1318:32)\n' +
    '    at Function._load (node:internal/modules/cjs/loader:1128:12)',
  stack: 'Error: ⨯ Unable to compile TypeScript:\n' +
    "src/jobs/SendMessageWhatsappCampaign.ts(59,5): error TS1472: 'catch' or 'finally' expected.\r\n" +
    "src/jobs/SendMessageWhatsappCampaign.ts(60,5): error TS1005: ',' expected.\r\n" +
    "src/jobs/SendMessageWhatsappCampaign.ts(64,3): error TS1005: ';' expected.\r\n" +
    'src/jobs/SendMessageWhatsappCampaign.ts(65,1): error TS1128: Declaration or statement expected.\r\n' +
    '\n' +
    '    at Object.<anonymous> (C:\\Users\\suporte2\\Documents\\Programacao\\Nodejs\\Wpconnect\\src\\jobs\\SendMessageWhatsappCampaign.ts:1:7)\n' +
    '    at Module.<anonymous> (node:internal/modules/cjs/loader:1546:14)\n' +
    '    at Module._compile (C:\\Users\\suporte2\\Documents\\Programacao\\Nodejs\\Wpconnect\\node_modules\\source-map-support\\source-map-support.js:568:25)\n' +
    '    at Module.m._compile (C:\\Users\\suporte2\\AppData\\Local\\Temp\\ts-node-dev-hook-3386966957035038.js:69:33)\n' +
    '    at node:internal/modules/cjs/loader:1689:10\n' +
    '    at require.extensions..jsx.require.extensions..js (C:\\Users\\suporte2\\AppData\\Local\\Temp\\ts-node-dev-hook-3386966957035038.js:114:20)\n' +
    '    at require.extensions.<computed> (C:\\Users\\suporte2\\AppData\\Local\\Temp\\ts-node-dev-hook-3386966957035038.js:71:20)\n' +
    '    at Object.nodeDevHook [as .ts] (C:\\Users\\suporte2\\Documents\\Programacao\\Nodejs\\Wpconnect\\node_modules\\ts-node-dev\\lib\\hook.js:63:13)\n' +
    '    at Module.load (node:internal/modules/cjs/loader:1318:32)\n' +
    '    at Function._load (node:internal/modules/cjs/loader:1128:12)',
  exception: true,
  date: 'Tue Dec 03 2024 13:02:32 GMT-0300 (Horário Padrão de Brasília)',
  process: {
    pid: 17132,
    uid: null,
    gid: null,
    cwd: 'C:\\Users\\suporte2\\Documents\\Programacao\\Nodejs\\Wpconnect',
    execPath: 'C:\\Users\\suporte2\\Documents\\Programacao\\Nodejs\\Port\\app\\node.exe',
    version: 'v22.11.0',
    argv: [
      'C:\\Users\\suporte2\\Documents\\Programacao\\Nodejs\\Port\\app\\node.exe',
      'src/server.ts'
    ],
    memoryUsage: {
      rss: 156786688,
      heapTotal: 105582592,
      heapUsed: 75780528,
      external: 3482322,
      arrayBuffers: 434567
    }
  },
  os: { loadavg: [ 0, 0, 0 ], uptime: 538929.218 },
  trace: [
    {
      column: 7,
      file: 'C:\\Users\\suporte2\\Documents\\Programacao\\Nodejs\\Wpconnect\\src\\jobs\\SendMessageWhatsappCampaign.ts',
      function: null,
      line: 1,
      method: null,
      native: false
    },
    {
      column: 14,
      file: 'node:internal/modules/cjs/loader',
      function: null,
      line: 1546,
      method: null,
      native: false
    },
    {
      column: 25,
      file: 'C:\\Users\\suporte2\\Documents\\Programacao\\Nodejs\\Wpconnect\\node_modules\\source-map-support\\source-map-support.js',
      function: 'Module._compile',
      line: 568,
      method: '_compile',
      native: false
    },
    {
      column: 33,
      file: 'C:\\Users\\suporte2\\AppData\\Local\\Temp\\ts-node-dev-hook-3386966957035038.js',
      function: 'Module.m._compile',
      line: 69,
      method: '_compile',
      native: false
    },
    {
      column: 10,
      file: 'node:internal/modules/cjs/loader',
      function: null,
      line: 1689,
      method: null,
      native: false
    },
    {
      column: 20,
      file: 'C:\\Users\\suporte2\\AppData\\Local\\Temp\\ts-node-dev-hook-3386966957035038.js',
      function: 'require.extensions..jsx.require.extensions..js',
      line: 114,
      method: '.js',
      native: false
    },
    {
      column: 20,
      file: 'C:\\Users\\suporte2\\AppData\\Local\\Temp\\ts-node-dev-hook-3386966957035038.js',
      function: 'require.extensions.<computed>',
      line: 71,
      method: '<computed>',
      native: false
    },
    {
      column: 13,
      file: 'C:\\Users\\suporte2\\Documents\\Programacao\\Nodejs\\Wpconnect\\node_modules\\ts-node-dev\\lib\\hook.js',
      function: 'Object.nodeDevHook [as .ts]',
      line: 63,
      method: 'ts]',
      native: false
    },
    {
      column: 32,
      file: 'node:internal/modules/cjs/loader',
      function: 'Module.load',
      line: 1318,
      method: 'load',
      native: false
    },
    {
      column: 12,
      file: 'node:internal/modules/cjs/loader',
      function: 'Function._load',
      line: 1128,
      method: '_load',
      native: false
    }
  ],
  timestamp: '2024-12-03T16:02:32.197Z'
}
{
  level: 'error',
  message: 'Auto Close Called',
  session: 1,
  type: 'client',
  timestamp: '2024-12-04T10:21:30.752Z'
}
{
  level: 'error',
  message: 'CreateMessageSystemService ERR_WAPP_NOT_INITIALIZED',
  stack: 'Error: ERR_WAPP_NOT_INITIALIZED\n' +
    '    at getWbot (C:\\Users\\suporte2\\Documents\\Programacao\\Nodejs\\Wpconnect\\src\\libs\\wbot.ts:336:9)\n' +
    '    at GetTicketWbot (C:\\Users\\suporte2\\Documents\\Programacao\\Nodejs\\Wpconnect\\src\\helpers\\GetTicketWbot.ts:16:22)\n' +
    '    at SendWhatsAppMessage (C:\\Users\\suporte2\\Documents\\Programacao\\Nodejs\\Wpconnect\\src\\services\\WbotServices\\SendWhatsAppMessage.ts:29:34)\n' +
    '    at SendMessageSystemProxy (C:\\Users\\suporte2\\Documents\\Programacao\\Nodejs\\Wpconnect\\src\\helpers\\SendMessageSystemProxy.ts:28:38)\n' +
    '    at CreateMessageSystemService (C:\\Users\\suporte2\\Documents\\Programacao\\Nodejs\\Wpconnect\\src\\services\\MessageServices\\CreateMessageSystemService.ts:244:43)\n' +
    '    at store (C:\\Users\\suporte2\\Documents\\Programacao\\Nodejs\\Wpconnect\\src\\controllers\\MessageController.ts:58:34)\n' +
    '    at processTicksAndRejections (node:internal/process/task_queues:105:5)',
  timestamp: '2024-12-04T10:39:21.077Z'
}
{
  message: 'Invalid token.',
  statusCode: 403,
  level: 'error',
  timestamp: '2024-12-04T10:59:09.051Z'
}
{
  name: 'JsonWebTokenError',
  message: 'invalid signature',
  level: 'error',
  stack: 'JsonWebTokenError: invalid signature\n' +
    '    at C:\\Users\\suporte2\\Documents\\Programacao\\Nodejs\\Wpconnect\\node_modules\\jsonwebtoken\\verify.js:171:19\n' +
    '    at getSecret (C:\\Users\\suporte2\\Documents\\Programacao\\Nodejs\\Wpconnect\\node_modules\\jsonwebtoken\\verify.js:97:14)\n' +
    '    at module.exports (C:\\Users\\suporte2\\Documents\\Programacao\\Nodejs\\Wpconnect\\node_modules\\jsonwebtoken\\verify.js:101:10)\n' +
    '    at decode (C:\\Users\\suporte2\\Documents\\Programacao\\Nodejs\\Wpconnect\\src\\libs\\decodeTokenSocket.ts:34:25)\n' +
    '    at Array.<anonymous> (C:\\Users\\suporte2\\Documents\\Programacao\\Nodejs\\Wpconnect\\src\\libs\\scoket.ts:43:36)\n' +
    '    at run (C:\\Users\\suporte2\\Documents\\Programacao\\Nodejs\\Wpconnect\\node_modules\\socket.io\\dist\\namespace.js:130:19)\n' +
    '    at Namespace.run (C:\\Users\\suporte2\\Documents\\Programacao\\Nodejs\\Wpconnect\\node_modules\\socket.io\\dist\\namespace.js:141:9)\n' +
    '    at Namespace._add (C:\\Users\\suporte2\\Documents\\Programacao\\Nodejs\\Wpconnect\\node_modules\\socket.io\\dist\\namespace.js:218:14)\n' +
    '    at processTicksAndRejections (node:internal/process/task_queues:105:5)',
  timestamp: '2024-12-04T18:20:30.403Z'
}
{
  message: 'Invalid token.',
  statusCode: 403,
  level: 'error',
  timestamp: '2024-12-04T18:20:43.638Z'
}
{
  message: 'Invalid token.',
  statusCode: 403,
  level: 'error',
  timestamp: '2024-12-04T18:22:39.256Z'
}
{
  message: 'Invalid token.',
  statusCode: 403,
  level: 'error',
  timestamp: '2024-12-04T18:22:41.433Z'
}
{
  message: 'Invalid token.',
  statusCode: 403,
  level: 'error',
  timestamp: '2024-12-04T18:22:41.462Z'
}
{
  message: 'Invalid token.',
  statusCode: 403,
  level: 'error',
  timestamp: '2024-12-04T18:22:41.480Z'
}
{
  message: 'Invalid token.',
  statusCode: 403,
  level: 'error',
  timestamp: '2024-12-04T18:22:41.535Z'
}
{
  name: 'JsonWebTokenError',
  message: 'invalid signature',
  level: 'error',
  stack: 'JsonWebTokenError: invalid signature\n' +
    '    at C:\\Users\\suporte2\\Documents\\Programacao\\Nodejs\\Wpconnect\\node_modules\\jsonwebtoken\\verify.js:171:19\n' +
    '    at getSecret (C:\\Users\\suporte2\\Documents\\Programacao\\Nodejs\\Wpconnect\\node_modules\\jsonwebtoken\\verify.js:97:14)\n' +
    '    at module.exports (C:\\Users\\suporte2\\Documents\\Programacao\\Nodejs\\Wpconnect\\node_modules\\jsonwebtoken\\verify.js:101:10)\n' +
    '    at decode (C:\\Users\\suporte2\\Documents\\Programacao\\Nodejs\\Wpconnect\\src\\libs\\decodeTokenSocket.ts:34:25)\n' +
    '    at Array.<anonymous> (C:\\Users\\suporte2\\Documents\\Programacao\\Nodejs\\Wpconnect\\src\\libs\\scoket.ts:43:36)\n' +
    '    at run (C:\\Users\\suporte2\\Documents\\Programacao\\Nodejs\\Wpconnect\\node_modules\\socket.io\\dist\\namespace.js:130:19)\n' +
    '    at Namespace.run (C:\\Users\\suporte2\\Documents\\Programacao\\Nodejs\\Wpconnect\\node_modules\\socket.io\\dist\\namespace.js:141:9)\n' +
    '    at Namespace._add (C:\\Users\\suporte2\\Documents\\Programacao\\Nodejs\\Wpconnect\\node_modules\\socket.io\\dist\\namespace.js:218:14)\n' +
    '    at processTicksAndRejections (node:internal/process/task_queues:105:5)',
  timestamp: '2024-12-04T18:22:41.749Z'
}
{
  name: 'JsonWebTokenError',
  message: 'invalid signature',
  level: 'error',
  stack: 'JsonWebTokenError: invalid signature\n' +
    '    at C:\\Users\\suporte2\\Documents\\Programacao\\Nodejs\\Wpconnect\\node_modules\\jsonwebtoken\\verify.js:171:19\n' +
    '    at getSecret (C:\\Users\\suporte2\\Documents\\Programacao\\Nodejs\\Wpconnect\\node_modules\\jsonwebtoken\\verify.js:97:14)\n' +
    '    at module.exports (C:\\Users\\suporte2\\Documents\\Programacao\\Nodejs\\Wpconnect\\node_modules\\jsonwebtoken\\verify.js:101:10)\n' +
    '    at decode (C:\\Users\\suporte2\\Documents\\Programacao\\Nodejs\\Wpconnect\\src\\libs\\decodeTokenSocket.ts:34:25)\n' +
    '    at Array.<anonymous> (C:\\Users\\suporte2\\Documents\\Programacao\\Nodejs\\Wpconnect\\src\\libs\\scoket.ts:43:36)\n' +
    '    at run (C:\\Users\\suporte2\\Documents\\Programacao\\Nodejs\\Wpconnect\\node_modules\\socket.io\\dist\\namespace.js:130:19)\n' +
    '    at Namespace.run (C:\\Users\\suporte2\\Documents\\Programacao\\Nodejs\\Wpconnect\\node_modules\\socket.io\\dist\\namespace.js:141:9)\n' +
    '    at Namespace._add (C:\\Users\\suporte2\\Documents\\Programacao\\Nodejs\\Wpconnect\\node_modules\\socket.io\\dist\\namespace.js:218:14)\n' +
    '    at processTicksAndRejections (node:internal/process/task_queues:105:5)',
  timestamp: '2024-12-04T18:22:51.855Z'
}
{
  message: 'Invalid token.',
  statusCode: 403,
  level: 'error',
  timestamp: '2024-12-04T18:22:51.871Z'
}
{
  message: 'Invalid token.',
  statusCode: 403,
  level: 'error',
  timestamp: '2024-12-04T18:22:51.878Z'
}
{
  message: 'Invalid token.',
  statusCode: 403,
  level: 'error',
  timestamp: '2024-12-04T18:22:51.886Z'
}
{
  message: 'Invalid token.',
  statusCode: 403,
  level: 'error',
  timestamp: '2024-12-04T18:22:51.907Z'
}
{
  name: 'JsonWebTokenError',
  message: 'invalid signature',
  level: 'error',
  stack: 'JsonWebTokenError: invalid signature\n' +
    '    at C:\\Users\\suporte2\\Documents\\Programacao\\Nodejs\\Wpconnect\\node_modules\\jsonwebtoken\\verify.js:171:19\n' +
    '    at getSecret (C:\\Users\\suporte2\\Documents\\Programacao\\Nodejs\\Wpconnect\\node_modules\\jsonwebtoken\\verify.js:97:14)\n' +
    '    at module.exports (C:\\Users\\suporte2\\Documents\\Programacao\\Nodejs\\Wpconnect\\node_modules\\jsonwebtoken\\verify.js:101:10)\n' +
    '    at decode (C:\\Users\\suporte2\\Documents\\Programacao\\Nodejs\\Wpconnect\\src\\libs\\decodeTokenSocket.ts:34:25)\n' +
    '    at Array.<anonymous> (C:\\Users\\suporte2\\Documents\\Programacao\\Nodejs\\Wpconnect\\src\\libs\\scoket.ts:43:36)\n' +
    '    at run (C:\\Users\\suporte2\\Documents\\Programacao\\Nodejs\\Wpconnect\\node_modules\\socket.io\\dist\\namespace.js:130:19)\n' +
    '    at Namespace.run (C:\\Users\\suporte2\\Documents\\Programacao\\Nodejs\\Wpconnect\\node_modules\\socket.io\\dist\\namespace.js:141:9)\n' +
    '    at Namespace._add (C:\\Users\\suporte2\\Documents\\Programacao\\Nodejs\\Wpconnect\\node_modules\\socket.io\\dist\\namespace.js:218:14)\n' +
    '    at processTicksAndRejections (node:internal/process/task_queues:105:5)',
  timestamp: '2024-12-04T18:23:33.735Z'
}
{
  message: 'Invalid token.',
  statusCode: 403,
  level: 'error',
  timestamp: '2024-12-04T18:23:34.057Z'
}
{
  message: 'Invalid token.',
  statusCode: 403,
  level: 'error',
  timestamp: '2024-12-04T18:23:34.067Z'
}
{
  message: 'Invalid token.',
  statusCode: 403,
  level: 'error',
  timestamp: '2024-12-04T18:23:34.081Z'
}
{
  message: 'Invalid token.',
  statusCode: 403,
  level: 'error',
  timestamp: '2024-12-04T18:23:34.319Z'
}
{
  message: 'Error enviar message campaign: Error: ERR_WAPP_NOT_INITIALIZED',
  level: 'error',
  timestamp: '2024-12-04T18:38:56.829Z'
}
{
  message: 'Erro ao processar o job SendMessageWhatsappCampaign',
  error: Error: Error: ERR_WAPP_NOT_INITIALIZED
      at handle (C:\Users\suporte2\Documents\Programacao\Nodejs\Wpconnect\src\jobs\SendMessageWhatsappCampaign.ts:57:10)
      at Worker.bullmq_1.Worker.connection [as processFn] (C:\Users\suporte2\Documents\Programacao\Nodejs\Wpconnect\src\libs\Queue.ts:75:12)
      at Worker.callProcessJob (C:\Users\suporte2\Documents\Programacao\Nodejs\Wpconnect\node_modules\bullmq\src\classes\worker.ts:363:17)
      at C:\Users\suporte2\Documents\Programacao\Nodejs\Wpconnect\node_modules\bullmq\src\classes\worker.ts:904:37
      at trace (C:\Users\suporte2\Documents\Programacao\Nodejs\Wpconnect\node_modules\bullmq\src\utils.ts:312:12)
      at Worker.trace (C:\Users\suporte2\Documents\Programacao\Nodejs\Wpconnect\node_modules\bullmq\src\classes\queue-base.ts:201:17)
      at Worker.processJob (C:\Users\suporte2\Documents\Programacao\Nodejs\Wpconnect\node_modules\bullmq\src\classes\worker.ts:826:17)
      at C:\Users\suporte2\Documents\Programacao\Nodejs\Wpconnect\node_modules\bullmq\src\classes\worker.ts:524:22
      at Worker.retryIfFailed (C:\Users\suporte2\Documents\Programacao\Nodejs\Wpconnect\node_modules\bullmq\src\classes\worker.ts:1175:22)
      at Worker.run (C:\Users\suporte2\Documents\Programacao\Nodejs\Wpconnect\node_modules\bullmq\src\classes\worker.ts:522:18),
  level: 'error',
  timestamp: '2024-12-04T18:38:56.839Z'
}
{
  message: 'Error enviar message campaign: Error: ERR_WAPP_NOT_INITIALIZED',
  level: 'error',
  timestamp: '2024-12-04T18:40:40.431Z'
}
{
  message: 'Erro ao processar o job SendMessageWhatsappCampaign',
  error: Error: Error: ERR_WAPP_NOT_INITIALIZED
      at handle (C:\Users\suporte2\Documents\Programacao\Nodejs\Wpconnect\src\jobs\SendMessageWhatsappCampaign.ts:57:10)
      at Worker.bullmq_1.Worker.connection [as processFn] (C:\Users\suporte2\Documents\Programacao\Nodejs\Wpconnect\src\libs\Queue.ts:75:12)
      at Worker.callProcessJob (C:\Users\suporte2\Documents\Programacao\Nodejs\Wpconnect\node_modules\bullmq\src\classes\worker.ts:363:17)
      at C:\Users\suporte2\Documents\Programacao\Nodejs\Wpconnect\node_modules\bullmq\src\classes\worker.ts:904:37
      at trace (C:\Users\suporte2\Documents\Programacao\Nodejs\Wpconnect\node_modules\bullmq\src\utils.ts:312:12)
      at Worker.trace (C:\Users\suporte2\Documents\Programacao\Nodejs\Wpconnect\node_modules\bullmq\src\classes\queue-base.ts:201:17)
      at Worker.processJob (C:\Users\suporte2\Documents\Programacao\Nodejs\Wpconnect\node_modules\bullmq\src\classes\worker.ts:826:17)
      at C:\Users\suporte2\Documents\Programacao\Nodejs\Wpconnect\node_modules\bullmq\src\classes\worker.ts:524:22
      at Worker.retryIfFailed (C:\Users\suporte2\Documents\Programacao\Nodejs\Wpconnect\node_modules\bullmq\src\classes\worker.ts:1175:22)
      at Worker.run (C:\Users\suporte2\Documents\Programacao\Nodejs\Wpconnect\node_modules\bullmq\src\classes\worker.ts:522:18),
  level: 'error',
  timestamp: '2024-12-04T18:40:40.432Z'
}
{
  message: 'ERR_NO_UPDATE_CAMPAIGN_NOT_IN_CANCELED_PENDING',
  statusCode: 404,
  level: 'error',
  timestamp: '2024-12-04T19:18:36.601Z'
}
{
  message: 'ERR_NO_UPDATE_CAMPAIGN_NOT_IN_CANCELED_PENDING',
  statusCode: 404,
  level: 'error',
  timestamp: '2024-12-04T19:18:36.601Z'
}
{
  message: 'ERR_NO_PERMISSION',
  statusCode: 403,
  level: 'error',
  timestamp: '2024-12-04T19:21:54.864Z'
}
{
  error: Error: ⨯ Unable to compile TypeScript:
  src/controllers/CampaignController.ts(142,2): error TS1472: 'catch' or 'finally' expected.
  src/controllers/CampaignController.ts(156,2): error TS1005: 'try' expected.
  
      at Object.<anonymous> (C:\Users\suporte2\Documents\Programacao\Nodejs\Wpconnect\src\controllers\CampaignController.ts:1:7)
      at Module.<anonymous> (node:internal/modules/cjs/loader:1546:14)
      at Module._compile (C:\Users\suporte2\Documents\Programacao\Nodejs\Wpconnect\node_modules\source-map-support\source-map-support.js:568:25)
      at Module.m._compile (C:\Users\suporte2\AppData\Local\Temp\ts-node-dev-hook-45405242136084856.js:69:33)
      at node:internal/modules/cjs/loader:1689:10
      at require.extensions..jsx.require.extensions..js (C:\Users\suporte2\AppData\Local\Temp\ts-node-dev-hook-45405242136084856.js:114:20)
      at require.extensions.<computed> (C:\Users\suporte2\AppData\Local\Temp\ts-node-dev-hook-45405242136084856.js:71:20)
      at Object.nodeDevHook [as .ts] (C:\Users\suporte2\Documents\Programacao\Nodejs\Wpconnect\node_modules\ts-node-dev\lib\hook.js:63:13)
      at Module.load (node:internal/modules/cjs/loader:1318:32)
      at Function._load (node:internal/modules/cjs/loader:1128:12),
  level: 'error',
  message: 'uncaughtException: ⨯ Unable to compile TypeScript:\n' +
    "src/controllers/CampaignController.ts(142,2): error TS1472: 'catch' or 'finally' expected.\r\n" +
    "src/controllers/CampaignController.ts(156,2): error TS1005: 'try' expected.\r\n" +
    '\n' +
    'Error: ⨯ Unable to compile TypeScript:\n' +
    "src/controllers/CampaignController.ts(142,2): error TS1472: 'catch' or 'finally' expected.\r\n" +
    "src/controllers/CampaignController.ts(156,2): error TS1005: 'try' expected.\r\n" +
    '\n' +
    '    at Object.<anonymous> (C:\\Users\\suporte2\\Documents\\Programacao\\Nodejs\\Wpconnect\\src\\controllers\\CampaignController.ts:1:7)\n' +
    '    at Module.<anonymous> (node:internal/modules/cjs/loader:1546:14)\n' +
    '    at Module._compile (C:\\Users\\suporte2\\Documents\\Programacao\\Nodejs\\Wpconnect\\node_modules\\source-map-support\\source-map-support.js:568:25)\n' +
    '    at Module.m._compile (C:\\Users\\suporte2\\AppData\\Local\\Temp\\ts-node-dev-hook-45405242136084856.js:69:33)\n' +
    '    at node:internal/modules/cjs/loader:1689:10\n' +
    '    at require.extensions..jsx.require.extensions..js (C:\\Users\\suporte2\\AppData\\Local\\Temp\\ts-node-dev-hook-45405242136084856.js:114:20)\n' +
    '    at require.extensions.<computed> (C:\\Users\\suporte2\\AppData\\Local\\Temp\\ts-node-dev-hook-45405242136084856.js:71:20)\n' +
    '    at Object.nodeDevHook [as .ts] (C:\\Users\\suporte2\\Documents\\Programacao\\Nodejs\\Wpconnect\\node_modules\\ts-node-dev\\lib\\hook.js:63:13)\n' +
    '    at Module.load (node:internal/modules/cjs/loader:1318:32)\n' +
    '    at Function._load (node:internal/modules/cjs/loader:1128:12)',
  stack: 'Error: ⨯ Unable to compile TypeScript:\n' +
    "src/controllers/CampaignController.ts(142,2): error TS1472: 'catch' or 'finally' expected.\r\n" +
    "src/controllers/CampaignController.ts(156,2): error TS1005: 'try' expected.\r\n" +
    '\n' +
    '    at Object.<anonymous> (C:\\Users\\suporte2\\Documents\\Programacao\\Nodejs\\Wpconnect\\src\\controllers\\CampaignController.ts:1:7)\n' +
    '    at Module.<anonymous> (node:internal/modules/cjs/loader:1546:14)\n' +
    '    at Module._compile (C:\\Users\\suporte2\\Documents\\Programacao\\Nodejs\\Wpconnect\\node_modules\\source-map-support\\source-map-support.js:568:25)\n' +
    '    at Module.m._compile (C:\\Users\\suporte2\\AppData\\Local\\Temp\\ts-node-dev-hook-45405242136084856.js:69:33)\n' +
    '    at node:internal/modules/cjs/loader:1689:10\n' +
    '    at require.extensions..jsx.require.extensions..js (C:\\Users\\suporte2\\AppData\\Local\\Temp\\ts-node-dev-hook-45405242136084856.js:114:20)\n' +
    '    at require.extensions.<computed> (C:\\Users\\suporte2\\AppData\\Local\\Temp\\ts-node-dev-hook-45405242136084856.js:71:20)\n' +
    '    at Object.nodeDevHook [as .ts] (C:\\Users\\suporte2\\Documents\\Programacao\\Nodejs\\Wpconnect\\node_modules\\ts-node-dev\\lib\\hook.js:63:13)\n' +
    '    at Module.load (node:internal/modules/cjs/loader:1318:32)\n' +
    '    at Function._load (node:internal/modules/cjs/loader:1128:12)',
  exception: true,
  date: 'Wed Dec 04 2024 16:22:49 GMT-0300 (Horário Padrão de Brasília)',
  process: {
    pid: 16284,
    uid: null,
    gid: null,
    cwd: 'C:\\Users\\suporte2\\Documents\\Programacao\\Nodejs\\Wpconnect',
    execPath: 'C:\\Users\\suporte2\\Documents\\Programacao\\Nodejs\\Port\\app\\node.exe',
    version: 'v22.11.0',
    argv: [
      'C:\\Users\\suporte2\\Documents\\Programacao\\Nodejs\\Port\\app\\node.exe',
      'src/server.ts'
    ],
    memoryUsage: {
      rss: 156700672,
      heapTotal: 106754048,
      heapUsed: 86775696,
      external: 3512950,
      arrayBuffers: 493703
    }
  },
  os: { loadavg: [ 0, 0, 0 ], uptime: 637347.046 },
  trace: [
    {
      column: 7,
      file: 'C:\\Users\\suporte2\\Documents\\Programacao\\Nodejs\\Wpconnect\\src\\controllers\\CampaignController.ts',
      function: null,
      line: 1,
      method: null,
      native: false
    },
    {
      column: 14,
      file: 'node:internal/modules/cjs/loader',
      function: null,
      line: 1546,
      method: null,
      native: false
    },
    {
      column: 25,
      file: 'C:\\Users\\suporte2\\Documents\\Programacao\\Nodejs\\Wpconnect\\node_modules\\source-map-support\\source-map-support.js',
      function: 'Module._compile',
      line: 568,
      method: '_compile',
      native: false
    },
    {
      column: 33,
      file: 'C:\\Users\\suporte2\\AppData\\Local\\Temp\\ts-node-dev-hook-45405242136084856.js',
      function: 'Module.m._compile',
      line: 69,
      method: '_compile',
      native: false
    },
    {
      column: 10,
      file: 'node:internal/modules/cjs/loader',
      function: null,
      line: 1689,
      method: null,
      native: false
    },
    {
      column: 20,
      file: 'C:\\Users\\suporte2\\AppData\\Local\\Temp\\ts-node-dev-hook-45405242136084856.js',
      function: 'require.extensions..jsx.require.extensions..js',
      line: 114,
      method: '.js',
      native: false
    },
    {
      column: 20,
      file: 'C:\\Users\\suporte2\\AppData\\Local\\Temp\\ts-node-dev-hook-45405242136084856.js',
      function: 'require.extensions.<computed>',
      line: 71,
      method: '<computed>',
      native: false
    },
    {
      column: 13,
      file: 'C:\\Users\\suporte2\\Documents\\Programacao\\Nodejs\\Wpconnect\\node_modules\\ts-node-dev\\lib\\hook.js',
      function: 'Object.nodeDevHook [as .ts]',
      line: 63,
      method: 'ts]',
      native: false
    },
    {
      column: 32,
      file: 'node:internal/modules/cjs/loader',
      function: 'Module.load',
      line: 1318,
      method: 'load',
      native: false
    },
    {
      column: 12,
      file: 'node:internal/modules/cjs/loader',
      function: 'Function._load',
      line: 1128,
      method: '_load',
      native: false
    }
  ],
  timestamp: '2024-12-04T19:22:49.278Z'
}
{
  error: TypeError: Cannot read properties of undefined (reading 'on')
      at C:\Users\suporte2\Documents\Programacao\Nodejs\Wpconnect\src\libs\Queue.ts:25:10
      at tryCatcher (C:\Users\suporte2\Documents\Programacao\Nodejs\Wpconnect\node_modules\standard-as-callback\built\utils.js:12:23)
      at C:\Users\suporte2\Documents\Programacao\Nodejs\Wpconnect\node_modules\standard-as-callback\built\index.js:33:51
      at processTicksAndRejections (node:internal/process/task_queues:105:5),
  level: 'error',
  message: "uncaughtException: Cannot read properties of undefined (reading 'on')\n" +
    "TypeError: Cannot read properties of undefined (reading 'on')\n" +
    '    at C:\\Users\\suporte2\\Documents\\Programacao\\Nodejs\\Wpconnect\\src\\libs\\Queue.ts:25:10\n' +
    '    at tryCatcher (C:\\Users\\suporte2\\Documents\\Programacao\\Nodejs\\Wpconnect\\node_modules\\standard-as-callback\\built\\utils.js:12:23)\n' +
    '    at C:\\Users\\suporte2\\Documents\\Programacao\\Nodejs\\Wpconnect\\node_modules\\standard-as-callback\\built\\index.js:33:51\n' +
    '    at processTicksAndRejections (node:internal/process/task_queues:105:5)',
  stack: "TypeError: Cannot read properties of undefined (reading 'on')\n" +
    '    at C:\\Users\\suporte2\\Documents\\Programacao\\Nodejs\\Wpconnect\\src\\libs\\Queue.ts:25:10\n' +
    '    at tryCatcher (C:\\Users\\suporte2\\Documents\\Programacao\\Nodejs\\Wpconnect\\node_modules\\standard-as-callback\\built\\utils.js:12:23)\n' +
    '    at C:\\Users\\suporte2\\Documents\\Programacao\\Nodejs\\Wpconnect\\node_modules\\standard-as-callback\\built\\index.js:33:51\n' +
    '    at processTicksAndRejections (node:internal/process/task_queues:105:5)',
  exception: true,
  date: 'Thu Dec 05 2024 06:40:05 GMT-0300 (Horário Padrão de Brasília)',
  process: {
    pid: 3008,
    uid: null,
    gid: null,
    cwd: 'C:\\Users\\suporte2\\Documents\\Programacao\\Nodejs\\Wpconnect',
    execPath: 'C:\\Users\\suporte2\\Documents\\Programacao\\Nodejs\\Port\\app\\node.exe',
    version: 'v22.11.0',
    argv: [
      'C:\\Users\\suporte2\\Documents\\Programacao\\Nodejs\\Port\\app\\node.exe',
      'src/server.ts'
    ],
    memoryUsage: {
      rss: 154636288,
      heapTotal: 100478976,
      heapUsed: 52498616,
      external: 3700179,
      arrayBuffers: 141338
    }
  },
  os: { loadavg: [ 0, 0, 0 ], uptime: 688783.718 },
  trace: [
    {
      column: 10,
      file: 'C:\\Users\\suporte2\\Documents\\Programacao\\Nodejs\\Wpconnect\\src\\libs\\Queue.ts',
      function: null,
      line: 25,
      method: null,
      native: false
    },
    {
      column: 23,
      file: 'C:\\Users\\suporte2\\Documents\\Programacao\\Nodejs\\Wpconnect\\node_modules\\standard-as-callback\\built\\utils.js',
      function: 'tryCatcher',
      line: 12,
      method: null,
      native: false
    },
    {
      column: 51,
      file: 'C:\\Users\\suporte2\\Documents\\Programacao\\Nodejs\\Wpconnect\\node_modules\\standard-as-callback\\built\\index.js',
      function: null,
      line: 33,
      method: null,
      native: false
    },
    {
      column: 5,
      file: 'node:internal/process/task_queues',
      function: 'processTicksAndRejections',
      line: 105,
      method: null,
      native: false
    }
  ],
  timestamp: '2024-12-05T09:40:05.370Z'
}
{
  error: ReferenceError: util is not defined
      at EventEmitter.<anonymous> (C:\Users\suporte2\Documents\Programacao\Nodejs\Wpconnect\src\libs\Queue.ts:26:29)
      at EventEmitter.emit (node:events:518:28)
      at DataHandler.handleMonitorReply (C:\Users\suporte2\Documents\Programacao\Nodejs\Wpconnect\node_modules\ioredis\built\DataHandler.js:166:20)
      at DataHandler.returnReply (C:\Users\suporte2\Documents\Programacao\Nodejs\Wpconnect\node_modules\ioredis\built\DataHandler.js:44:18)
      at JavascriptRedisParser.returnReply (C:\Users\suporte2\Documents\Programacao\Nodejs\Wpconnect\node_modules\ioredis\built\DataHandler.js:21:22)
      at JavascriptRedisParser.execute (C:\Users\suporte2\Documents\Programacao\Nodejs\Wpconnect\node_modules\redis-parser\lib\parser.js:544:14)
      at Socket.<anonymous> (C:\Users\suporte2\Documents\Programacao\Nodejs\Wpconnect\node_modules\ioredis\built\DataHandler.js:25:20)
      at Socket.emit (node:events:518:28)
      at addChunk (node:internal/streams/readable:561:12)
      at readableAddChunkPushByteMode (node:internal/streams/readable:512:3),
  level: 'error',
  message: 'uncaughtException: util is not defined\n' +
    'ReferenceError: util is not defined\n' +
    '    at EventEmitter.<anonymous> (C:\\Users\\suporte2\\Documents\\Programacao\\Nodejs\\Wpconnect\\src\\libs\\Queue.ts:26:29)\n' +
    '    at EventEmitter.emit (node:events:518:28)\n' +
    '    at DataHandler.handleMonitorReply (C:\\Users\\suporte2\\Documents\\Programacao\\Nodejs\\Wpconnect\\node_modules\\ioredis\\built\\DataHandler.js:166:20)\n' +
    '    at DataHandler.returnReply (C:\\Users\\suporte2\\Documents\\Programacao\\Nodejs\\Wpconnect\\node_modules\\ioredis\\built\\DataHandler.js:44:18)\n' +
    '    at JavascriptRedisParser.returnReply (C:\\Users\\suporte2\\Documents\\Programacao\\Nodejs\\Wpconnect\\node_modules\\ioredis\\built\\DataHandler.js:21:22)\n' +
    '    at JavascriptRedisParser.execute (C:\\Users\\suporte2\\Documents\\Programacao\\Nodejs\\Wpconnect\\node_modules\\redis-parser\\lib\\parser.js:544:14)\n' +
    '    at Socket.<anonymous> (C:\\Users\\suporte2\\Documents\\Programacao\\Nodejs\\Wpconnect\\node_modules\\ioredis\\built\\DataHandler.js:25:20)\n' +
    '    at Socket.emit (node:events:518:28)\n' +
    '    at addChunk (node:internal/streams/readable:561:12)\n' +
    '    at readableAddChunkPushByteMode (node:internal/streams/readable:512:3)',
  stack: 'ReferenceError: util is not defined\n' +
    '    at EventEmitter.<anonymous> (C:\\Users\\suporte2\\Documents\\Programacao\\Nodejs\\Wpconnect\\src\\libs\\Queue.ts:26:29)\n' +
    '    at EventEmitter.emit (node:events:518:28)\n' +
    '    at DataHandler.handleMonitorReply (C:\\Users\\suporte2\\Documents\\Programacao\\Nodejs\\Wpconnect\\node_modules\\ioredis\\built\\DataHandler.js:166:20)\n' +
    '    at DataHandler.returnReply (C:\\Users\\suporte2\\Documents\\Programacao\\Nodejs\\Wpconnect\\node_modules\\ioredis\\built\\DataHandler.js:44:18)\n' +
    '    at JavascriptRedisParser.returnReply (C:\\Users\\suporte2\\Documents\\Programacao\\Nodejs\\Wpconnect\\node_modules\\ioredis\\built\\DataHandler.js:21:22)\n' +
    '    at JavascriptRedisParser.execute (C:\\Users\\suporte2\\Documents\\Programacao\\Nodejs\\Wpconnect\\node_modules\\redis-parser\\lib\\parser.js:544:14)\n' +
    '    at Socket.<anonymous> (C:\\Users\\suporte2\\Documents\\Programacao\\Nodejs\\Wpconnect\\node_modules\\ioredis\\built\\DataHandler.js:25:20)\n' +
    '    at Socket.emit (node:events:518:28)\n' +
    '    at addChunk (node:internal/streams/readable:561:12)\n' +
    '    at readableAddChunkPushByteMode (node:internal/streams/readable:512:3)',
  exception: true,
  date: 'Thu Dec 05 2024 06:40:11 GMT-0300 (Horário Padrão de Brasília)',
  process: {
    pid: 5776,
    uid: null,
    gid: null,
    cwd: 'C:\\Users\\suporte2\\Documents\\Programacao\\Nodejs\\Wpconnect',
    execPath: 'C:\\Users\\suporte2\\Documents\\Programacao\\Nodejs\\Port\\app\\node.exe',
    version: 'v22.11.0',
    argv: [
      'C:\\Users\\suporte2\\Documents\\Programacao\\Nodejs\\Port\\app\\node.exe',
      'src/server.ts'
    ],
    memoryUsage: {
      rss: 170704896,
      heapTotal: 114159616,
      heapUsed: 91990184,
      external: 3709347,
      arrayBuffers: 150480
    }
  },
  os: { loadavg: [ 0, 0, 0 ], uptime: 688789.718 },
  trace: [
    {
      column: 29,
      file: 'C:\\Users\\suporte2\\Documents\\Programacao\\Nodejs\\Wpconnect\\src\\libs\\Queue.ts',
      function: null,
      line: 26,
      method: null,
      native: false
    },
    {
      column: 28,
      file: 'node:events',
      function: 'EventEmitter.emit',
      line: 518,
      method: 'emit',
      native: false
    },
    {
      column: 20,
      file: 'C:\\Users\\suporte2\\Documents\\Programacao\\Nodejs\\Wpconnect\\node_modules\\ioredis\\built\\DataHandler.js',
      function: 'DataHandler.handleMonitorReply',
      line: 166,
      method: 'handleMonitorReply',
      native: false
    },
    {
      column: 18,
      file: 'C:\\Users\\suporte2\\Documents\\Programacao\\Nodejs\\Wpconnect\\node_modules\\ioredis\\built\\DataHandler.js',
      function: 'DataHandler.returnReply',
      line: 44,
      method: 'returnReply',
      native: false
    },
    {
      column: 22,
      file: 'C:\\Users\\suporte2\\Documents\\Programacao\\Nodejs\\Wpconnect\\node_modules\\ioredis\\built\\DataHandler.js',
      function: 'JavascriptRedisParser.returnReply',
      line: 21,
      method: 'returnReply',
      native: false
    },
    {
      column: 14,
      file: 'C:\\Users\\suporte2\\Documents\\Programacao\\Nodejs\\Wpconnect\\node_modules\\redis-parser\\lib\\parser.js',
      function: 'JavascriptRedisParser.execute',
      line: 544,
      method: 'execute',
      native: false
    },
    {
      column: 20,
      file: 'C:\\Users\\suporte2\\Documents\\Programacao\\Nodejs\\Wpconnect\\node_modules\\ioredis\\built\\DataHandler.js',
      function: null,
      line: 25,
      method: null,
      native: false
    },
    {
      column: 28,
      file: 'node:events',
      function: 'Socket.emit',
      line: 518,
      method: 'emit',
      native: false
    },
    {
      column: 12,
      file: 'node:internal/streams/readable',
      function: 'addChunk',
      line: 561,
      method: null,
      native: false
    },
    {
      column: 3,
      file: 'node:internal/streams/readable',
      function: 'readableAddChunkPushByteMode',
      line: 512,
      method: null,
      native: false
    }
  ],
  timestamp: '2024-12-05T09:40:11.355Z'
}
{
  error: TypeError: The "listener" argument must be of type function. Received undefined
      at checkListener (node:events:275:3)
      at _addListener (node:events:551:3)
      at Queue.addListener (node:events:610:10)
      at Queue.on (C:\Users\suporte2\Documents\Programacao\Nodejs\Wpconnect\node_modules\bullmq\src\classes\queue.ts:206:11)
      at C:\Users\suporte2\Documents\Programacao\Nodejs\Wpconnect\src\libs\Queue.ts:36:12
      at Array.map (<anonymous>)
      at Object.<anonymous> (C:\Users\suporte2\Documents\Programacao\Nodejs\Wpconnect\src\libs\Queue.ts:26:43)
      at Module.<anonymous> (node:internal/modules/cjs/loader:1546:14)
      at Module._compile (C:\Users\suporte2\Documents\Programacao\Nodejs\Wpconnect\node_modules\source-map-support\source-map-support.js:568:25)
      at Module.m._compile (C:\Users\suporte2\AppData\Local\Temp\ts-node-dev-hook-16984322854581624.js:69:33) {
    code: 'ERR_INVALID_ARG_TYPE'
  },
  level: 'error',
  message: 'uncaughtException: The "listener" argument must be of type function. Received undefined\n' +
    'TypeError: The "listener" argument must be of type function. Received undefined\n' +
    '    at checkListener (node:events:275:3)\n' +
    '    at _addListener (node:events:551:3)\n' +
    '    at Queue.addListener (node:events:610:10)\n' +
    '    at Queue.on (C:\\Users\\suporte2\\Documents\\Programacao\\Nodejs\\Wpconnect\\node_modules\\bullmq\\src\\classes\\queue.ts:206:11)\n' +
    '    at C:\\Users\\suporte2\\Documents\\Programacao\\Nodejs\\Wpconnect\\src\\libs\\Queue.ts:36:12\n' +
    '    at Array.map (<anonymous>)\n' +
    '    at Object.<anonymous> (C:\\Users\\suporte2\\Documents\\Programacao\\Nodejs\\Wpconnect\\src\\libs\\Queue.ts:26:43)\n' +
    '    at Module.<anonymous> (node:internal/modules/cjs/loader:1546:14)\n' +
    '    at Module._compile (C:\\Users\\suporte2\\Documents\\Programacao\\Nodejs\\Wpconnect\\node_modules\\source-map-support\\source-map-support.js:568:25)\n' +
    '    at Module.m._compile (C:\\Users\\suporte2\\AppData\\Local\\Temp\\ts-node-dev-hook-16984322854581624.js:69:33)',
  stack: 'TypeError: The "listener" argument must be of type function. Received undefined\n' +
    '    at checkListener (node:events:275:3)\n' +
    '    at _addListener (node:events:551:3)\n' +
    '    at Queue.addListener (node:events:610:10)\n' +
    '    at Queue.on (C:\\Users\\suporte2\\Documents\\Programacao\\Nodejs\\Wpconnect\\node_modules\\bullmq\\src\\classes\\queue.ts:206:11)\n' +
    '    at C:\\Users\\suporte2\\Documents\\Programacao\\Nodejs\\Wpconnect\\src\\libs\\Queue.ts:36:12\n' +
    '    at Array.map (<anonymous>)\n' +
    '    at Object.<anonymous> (C:\\Users\\suporte2\\Documents\\Programacao\\Nodejs\\Wpconnect\\src\\libs\\Queue.ts:26:43)\n' +
    '    at Module.<anonymous> (node:internal/modules/cjs/loader:1546:14)\n' +
    '    at Module._compile (C:\\Users\\suporte2\\Documents\\Programacao\\Nodejs\\Wpconnect\\node_modules\\source-map-support\\source-map-support.js:568:25)\n' +
    '    at Module.m._compile (C:\\Users\\suporte2\\AppData\\Local\\Temp\\ts-node-dev-hook-16984322854581624.js:69:33)',
  exception: true,
  date: 'Thu Dec 05 2024 07:02:48 GMT-0300 (Horário Padrão de Brasília)',
  process: {
    pid: 19252,
    uid: null,
    gid: null,
    cwd: 'C:\\Users\\suporte2\\Documents\\Programacao\\Nodejs\\Wpconnect',
    execPath: 'C:\\Users\\suporte2\\Documents\\Programacao\\Nodejs\\Port\\app\\node.exe',
    version: 'v22.11.0',
    argv: [
      'C:\\Users\\suporte2\\Documents\\Programacao\\Nodejs\\Port\\app\\node.exe',
      'src/server.ts'
    ],
    memoryUsage: {
      rss: 150249472,
      heapTotal: 100888576,
      heapUsed: 73337000,
      external: 3492628,
      arrayBuffers: 449656
    }
  },
  os: { loadavg: [ 0, 0, 0 ], uptime: 690147.203 },
  trace: [
    {
      column: 3,
      file: 'node:events',
      function: 'checkListener',
      line: 275,
      method: null,
      native: false
    },
    {
      column: 3,
      file: 'node:events',
      function: '_addListener',
      line: 551,
      method: null,
      native: false
    },
    {
      column: 10,
      file: 'node:events',
      function: 'Queue.addListener',
      line: 610,
      method: 'addListener',
      native: false
    },
    {
      column: 11,
      file: 'C:\\Users\\suporte2\\Documents\\Programacao\\Nodejs\\Wpconnect\\node_modules\\bullmq\\src\\classes\\queue.ts',
      function: 'Queue.on',
      line: 206,
      method: 'on',
      native: false
    },
    {
      column: 12,
      file: 'C:\\Users\\suporte2\\Documents\\Programacao\\Nodejs\\Wpconnect\\src\\libs\\Queue.ts',
      function: null,
      line: 36,
      method: null,
      native: false
    },
    {
      column: null,
      file: null,
      function: 'Array.map',
      line: null,
      method: 'map',
      native: false
    },
    {
      column: 43,
      file: 'C:\\Users\\suporte2\\Documents\\Programacao\\Nodejs\\Wpconnect\\src\\libs\\Queue.ts',
      function: null,
      line: 26,
      method: null,
      native: false
    },
    {
      column: 14,
      file: 'node:internal/modules/cjs/loader',
      function: null,
      line: 1546,
      method: null,
      native: false
    },
    {
      column: 25,
      file: 'C:\\Users\\suporte2\\Documents\\Programacao\\Nodejs\\Wpconnect\\node_modules\\source-map-support\\source-map-support.js',
      function: 'Module._compile',
      line: 568,
      method: '_compile',
      native: false
    },
    {
      column: 33,
      file: 'C:\\Users\\suporte2\\AppData\\Local\\Temp\\ts-node-dev-hook-16984322854581624.js',
      function: 'Module.m._compile',
      line: 69,
      method: '_compile',
      native: false
    }
  ],
  timestamp: '2024-12-05T10:02:48.874Z'
}
{
  error: TypeError: The "listener" argument must be of type function. Received undefined
      at checkListener (node:events:275:3)
      at _addListener (node:events:551:3)
      at Queue.addListener (node:events:610:10)
      at Queue.on (C:\Users\suporte2\Documents\Programacao\Nodejs\Wpconnect\node_modules\bullmq\src\classes\queue.ts:206:11)
      at C:\Users\suporte2\Documents\Programacao\Nodejs\Wpconnect\src\libs\Queue.ts:36:12
      at Array.map (<anonymous>)
      at Object.<anonymous> (C:\Users\suporte2\Documents\Programacao\Nodejs\Wpconnect\src\libs\Queue.ts:26:43)
      at Module.<anonymous> (node:internal/modules/cjs/loader:1546:14)
      at Module._compile (C:\Users\suporte2\Documents\Programacao\Nodejs\Wpconnect\node_modules\source-map-support\source-map-support.js:568:25)
      at Module.m._compile (C:\Users\suporte2\AppData\Local\Temp\ts-node-dev-hook-16984322854581624.js:69:33) {
    code: 'ERR_INVALID_ARG_TYPE'
  },
  level: 'error',
  message: 'uncaughtException: The "listener" argument must be of type function. Received undefined\n' +
    'TypeError: The "listener" argument must be of type function. Received undefined\n' +
    '    at checkListener (node:events:275:3)\n' +
    '    at _addListener (node:events:551:3)\n' +
    '    at Queue.addListener (node:events:610:10)\n' +
    '    at Queue.on (C:\\Users\\suporte2\\Documents\\Programacao\\Nodejs\\Wpconnect\\node_modules\\bullmq\\src\\classes\\queue.ts:206:11)\n' +
    '    at C:\\Users\\suporte2\\Documents\\Programacao\\Nodejs\\Wpconnect\\src\\libs\\Queue.ts:36:12\n' +
    '    at Array.map (<anonymous>)\n' +
    '    at Object.<anonymous> (C:\\Users\\suporte2\\Documents\\Programacao\\Nodejs\\Wpconnect\\src\\libs\\Queue.ts:26:43)\n' +
    '    at Module.<anonymous> (node:internal/modules/cjs/loader:1546:14)\n' +
    '    at Module._compile (C:\\Users\\suporte2\\Documents\\Programacao\\Nodejs\\Wpconnect\\node_modules\\source-map-support\\source-map-support.js:568:25)\n' +
    '    at Module.m._compile (C:\\Users\\suporte2\\AppData\\Local\\Temp\\ts-node-dev-hook-16984322854581624.js:69:33)',
  stack: 'TypeError: The "listener" argument must be of type function. Received undefined\n' +
    '    at checkListener (node:events:275:3)\n' +
    '    at _addListener (node:events:551:3)\n' +
    '    at Queue.addListener (node:events:610:10)\n' +
    '    at Queue.on (C:\\Users\\suporte2\\Documents\\Programacao\\Nodejs\\Wpconnect\\node_modules\\bullmq\\src\\classes\\queue.ts:206:11)\n' +
    '    at C:\\Users\\suporte2\\Documents\\Programacao\\Nodejs\\Wpconnect\\src\\libs\\Queue.ts:36:12\n' +
    '    at Array.map (<anonymous>)\n' +
    '    at Object.<anonymous> (C:\\Users\\suporte2\\Documents\\Programacao\\Nodejs\\Wpconnect\\src\\libs\\Queue.ts:26:43)\n' +
    '    at Module.<anonymous> (node:internal/modules/cjs/loader:1546:14)\n' +
    '    at Module._compile (C:\\Users\\suporte2\\Documents\\Programacao\\Nodejs\\Wpconnect\\node_modules\\source-map-support\\source-map-support.js:568:25)\n' +
    '    at Module.m._compile (C:\\Users\\suporte2\\AppData\\Local\\Temp\\ts-node-dev-hook-16984322854581624.js:69:33)',
  exception: true,
  date: 'Thu Dec 05 2024 07:02:52 GMT-0300 (Horário Padrão de Brasília)',
  process: {
    pid: 17048,
    uid: null,
    gid: null,
    cwd: 'C:\\Users\\suporte2\\Documents\\Programacao\\Nodejs\\Wpconnect',
    execPath: 'C:\\Users\\suporte2\\Documents\\Programacao\\Nodejs\\Port\\app\\node.exe',
    version: 'v22.11.0',
    argv: [
      'C:\\Users\\suporte2\\Documents\\Programacao\\Nodejs\\Port\\app\\node.exe',
      'src/server.ts'
    ],
    memoryUsage: {
      rss: 150810624,
      heapTotal: 100683776,
      heapUsed: 73130976,
      external: 3492534,
      arrayBuffers: 449562
    }
  },
  os: { loadavg: [ 0, 0, 0 ], uptime: 690151.281 },
  trace: [
    {
      column: 3,
      file: 'node:events',
      function: 'checkListener',
      line: 275,
      method: null,
      native: false
    },
    {
      column: 3,
      file: 'node:events',
      function: '_addListener',
      line: 551,
      method: null,
      native: false
    },
    {
      column: 10,
      file: 'node:events',
      function: 'Queue.addListener',
      line: 610,
      method: 'addListener',
      native: false
    },
    {
      column: 11,
      file: 'C:\\Users\\suporte2\\Documents\\Programacao\\Nodejs\\Wpconnect\\node_modules\\bullmq\\src\\classes\\queue.ts',
      function: 'Queue.on',
      line: 206,
      method: 'on',
      native: false
    },
    {
      column: 12,
      file: 'C:\\Users\\suporte2\\Documents\\Programacao\\Nodejs\\Wpconnect\\src\\libs\\Queue.ts',
      function: null,
      line: 36,
      method: null,
      native: false
    },
    {
      column: null,
      file: null,
      function: 'Array.map',
      line: null,
      method: 'map',
      native: false
    },
    {
      column: 43,
      file: 'C:\\Users\\suporte2\\Documents\\Programacao\\Nodejs\\Wpconnect\\src\\libs\\Queue.ts',
      function: null,
      line: 26,
      method: null,
      native: false
    },
    {
      column: 14,
      file: 'node:internal/modules/cjs/loader',
      function: null,
      line: 1546,
      method: null,
      native: false
    },
    {
      column: 25,
      file: 'C:\\Users\\suporte2\\Documents\\Programacao\\Nodejs\\Wpconnect\\node_modules\\source-map-support\\source-map-support.js',
      function: 'Module._compile',
      line: 568,
      method: '_compile',
      native: false
    },
    {
      column: 33,
      file: 'C:\\Users\\suporte2\\AppData\\Local\\Temp\\ts-node-dev-hook-16984322854581624.js',
      function: 'Module.m._compile',
      line: 69,
      method: '_compile',
      native: false
    }
  ],
  timestamp: '2024-12-05T10:02:52.953Z'
}
{
  message: '[0].hr2 is not valid',
  statusCode: 400,
  level: 'error',
  timestamp: '2024-12-05T10:29:50.148Z'
}
{
  message: '[0].hr2 is not valid',
  statusCode: 400,
  level: 'error',
  timestamp: '2024-12-05T10:29:50.148Z'
}
{
  message: '[0].hr2 is not valid',
  statusCode: 400,
  level: 'error',
  timestamp: '2024-12-05T10:30:02.581Z'
}
{
  message: '[0].hr2 is not valid',
  statusCode: 400,
  level: 'error',
  timestamp: '2024-12-05T10:30:02.581Z'
}
{
  message: '[0].hr2 is not valid',
  statusCode: 400,
  level: 'error',
  timestamp: '2024-12-05T10:30:24.151Z'
}
{
  message: '[0].hr2 is not valid',
  statusCode: 400,
  level: 'error',
  timestamp: '2024-12-05T10:30:24.151Z'
}
{
  message: '[0].hr2 is not valid',
  statusCode: 400,
  level: 'error',
  timestamp: '2024-12-05T10:32:13.588Z'
}
{
  message: '[0].hr2 is not valid',
  statusCode: 400,
  level: 'error',
  timestamp: '2024-12-05T10:32:13.588Z'
}
{
  message: '[0].hr2 is not valid',
  statusCode: 400,
  level: 'error',
  timestamp: '2024-12-05T10:32:25.881Z'
}
{
  message: '[0].hr2 is not valid',
  statusCode: 400,
  level: 'error',
  timestamp: '2024-12-05T10:32:25.881Z'
}
{
  message: '[0].hr2 is not valid',
  statusCode: 400,
  level: 'error',
  timestamp: '2024-12-05T10:32:52.253Z'
}
{
  message: '[0].hr2 is not valid',
  statusCode: 400,
  level: 'error',
  timestamp: '2024-12-05T10:32:52.253Z'
}
{
  message: '[0].hr2 is not valid',
  statusCode: 400,
  level: 'error',
  timestamp: '2024-12-05T10:35:37.905Z'
}
{
  message: '[0].hr2 is not valid',
  statusCode: 400,
  level: 'error',
  timestamp: '2024-12-05T10:35:37.905Z'
}
{
  message: '[0].hr2 is not valid',
  statusCode: 400,
  level: 'error',
  timestamp: '2024-12-05T10:38:37.647Z'
}
{
  message: '[0].hr2 is not valid',
  statusCode: 400,
  level: 'error',
  timestamp: '2024-12-05T10:38:37.647Z'
}
{
  message: '[0].hr2 is not valid',
  statusCode: 400,
  level: 'error',
  timestamp: '2024-12-05T10:39:19.702Z'
}
{
  message: '[0].hr2 is not valid',
  statusCode: 400,
  level: 'error',
  timestamp: '2024-12-05T10:39:19.702Z'
}
{
  value: [
    {
      day: 0,
      hr1: '08:00',
      hr2: '12:00',
      hr3: '14:00',
      hr4: '18:00',
      type: 'O',
      label: 'Domingo'
    },
    {
      day: 1,
      hr1: '08:00',
      hr2: '12:00',
      hr3: '14:00',
      hr4: '18:00',
      type: 'O',
      label: 'Segunda-Feira'
    },
    {
      day: 2,
      hr1: '08:00',
      hr2: '12:00',
      hr3: '14:00',
      hr4: '18:00',
      type: 'O',
      label: 'Terça-Feira'
    },
    {
      day: 3,
      hr1: '08:00',
      hr2: '12:00',
      hr3: '14:00',
      hr4: '18:00',
      type: 'O',
      label: 'Quarta-Feira'
    },
    {
      day: 4,
      hr1: '08:00',
      hr2: '12:00',
      hr3: '14:00',
      hr4: '18:00',
      type: 'O',
      label: 'Quinta-Feira'
    },
    {
      day: 5,
      hr1: '08:00',
      hr2: '12:00',
      hr3: '14:00',
      hr4: '18:00',
      type: 'O',
      label: 'Sexta-Feira'
    },
    {
      day: 6,
      hr1: '08:00',
      hr2: '12:00',
      hr3: '14:00',
      hr4: '18:00',
      type: 'O',
      label: 'Sábado'
    }
  ],
  path: '[0].hr2',
  type: 'isHoursValid',
  params: {
    value: '12:00',
    originalValue: '12:00',
    label: undefined,
    path: '[0].hr2',
    spec: {
      strip: false,
      strict: false,
      abortEarly: true,
      recursive: true,
      disableStackTrace: false,
      nullable: false,
      optional: false,
      coerce: true
    },
    disableStackTrace: false
  },
  errors: [ '[0].hr2 is not valid' ],
  inner: [],
  name: 'ValidationError',
  message: '[0].hr2 is not valid',
  level: 'error',
  stack: 'ValidationError: [0].hr2 is not valid\n' +
    '    at createError (C:\\Users\\suporte2\\Documents\\Programacao\\Nodejs\\Wpconnect\\node_modules\\yup\\index.js:346:21)\n' +
    '    at handleResult (C:\\Users\\suporte2\\Documents\\Programacao\\Nodejs\\Wpconnect\\node_modules\\yup\\index.js:363:104)\n' +
    '    at validate (C:\\Users\\suporte2\\Documents\\Programacao\\Nodejs\\Wpconnect\\node_modules\\yup\\index.js:386:5)\n' +
    '    at StringSchema.runTests (C:\\Users\\suporte2\\Documents\\Programacao\\Nodejs\\Wpconnect\\node_modules\\yup\\index.js:751:7)\n' +
    '    at C:\\Users\\suporte2\\Documents\\Programacao\\Nodejs\\Wpconnect\\node_modules\\yup\\index.js:706:12\n' +
    '    at nextOnce (C:\\Users\\suporte2\\Documents\\Programacao\\Nodejs\\Wpconnect\\node_modules\\yup\\index.js:737:7)\n' +
    '    at finishTestRun (C:\\Users\\suporte2\\Documents\\Programacao\\Nodejs\\Wpconnect\\node_modules\\yup\\index.js:756:11)\n' +
    '    at handleResult (C:\\Users\\suporte2\\Documents\\Programacao\\Nodejs\\Wpconnect\\node_modules\\yup\\index.js:363:124)\n' +
    '    at validate (C:\\Users\\suporte2\\Documents\\Programacao\\Nodejs\\Wpconnect\\node_modules\\yup\\index.js:386:5)\n' +
    '    at StringSchema.runTests (C:\\Users\\suporte2\\Documents\\Programacao\\Nodejs\\Wpconnect\\node_modules\\yup\\index.js:751:7)',
  timestamp: '2024-12-05T10:40:07.067Z',
  [Symbol(Symbol.toStringTag)]: 'Error'
}
{
  value: [
    {
      day: 0,
      hr1: '08:00',
      hr2: '12:00',
      hr3: '14:00',
      hr4: '18:00',
      type: 'O',
      label: 'Domingo'
    },
    {
      day: 1,
      hr1: '08:00',
      hr2: '12:00',
      hr3: '14:00',
      hr4: '18:00',
      type: 'O',
      label: 'Segunda-Feira'
    },
    {
      day: 2,
      hr1: '08:00',
      hr2: '12:00',
      hr3: '14:00',
      hr4: '18:00',
      type: 'O',
      label: 'Terça-Feira'
    },
    {
      day: 3,
      hr1: '08:00',
      hr2: '12:00',
      hr3: '14:00',
      hr4: '18:00',
      type: 'O',
      label: 'Quarta-Feira'
    },
    {
      day: 4,
      hr1: '08:00',
      hr2: '12:00',
      hr3: '14:00',
      hr4: '18:00',
      type: 'O',
      label: 'Quinta-Feira'
    },
    {
      day: 5,
      hr1: '08:00',
      hr2: '12:00',
      hr3: '14:00',
      hr4: '18:00',
      type: 'O',
      label: 'Sexta-Feira'
    },
    {
      day: 6,
      hr1: '08:00',
      hr2: '12:00',
      hr3: '14:00',
      hr4: '18:00',
      type: 'O',
      label: 'Sábado'
    }
  ],
  path: '[0].hr2',
  type: 'isHoursValid',
  params: {
    value: '12:00',
    originalValue: '12:00',
    label: undefined,
    path: '[0].hr2',
    spec: {
      strip: false,
      strict: false,
      abortEarly: true,
      recursive: true,
      disableStackTrace: false,
      nullable: false,
      optional: false,
      coerce: true
    },
    disableStackTrace: false
  },
  errors: [ '[0].hr2 is not valid' ],
  inner: [],
  name: 'ValidationError',
  message: '[0].hr2 is not valid',
  level: 'error',
  stack: 'ValidationError: [0].hr2 is not valid\n' +
    '    at createError (C:\\Users\\suporte2\\Documents\\Programacao\\Nodejs\\Wpconnect\\node_modules\\yup\\index.js:346:21)\n' +
    '    at handleResult (C:\\Users\\suporte2\\Documents\\Programacao\\Nodejs\\Wpconnect\\node_modules\\yup\\index.js:363:104)\n' +
    '    at validate (C:\\Users\\suporte2\\Documents\\Programacao\\Nodejs\\Wpconnect\\node_modules\\yup\\index.js:386:5)\n' +
    '    at StringSchema.runTests (C:\\Users\\suporte2\\Documents\\Programacao\\Nodejs\\Wpconnect\\node_modules\\yup\\index.js:751:7)\n' +
    '    at C:\\Users\\suporte2\\Documents\\Programacao\\Nodejs\\Wpconnect\\node_modules\\yup\\index.js:706:12\n' +
    '    at nextOnce (C:\\Users\\suporte2\\Documents\\Programacao\\Nodejs\\Wpconnect\\node_modules\\yup\\index.js:737:7)\n' +
    '    at finishTestRun (C:\\Users\\suporte2\\Documents\\Programacao\\Nodejs\\Wpconnect\\node_modules\\yup\\index.js:756:11)\n' +
    '    at handleResult (C:\\Users\\suporte2\\Documents\\Programacao\\Nodejs\\Wpconnect\\node_modules\\yup\\index.js:363:124)\n' +
    '    at validate (C:\\Users\\suporte2\\Documents\\Programacao\\Nodejs\\Wpconnect\\node_modules\\yup\\index.js:386:5)\n' +
    '    at StringSchema.runTests (C:\\Users\\suporte2\\Documents\\Programacao\\Nodejs\\Wpconnect\\node_modules\\yup\\index.js:751:7)',
  timestamp: '2024-12-05T10:40:18.057Z',
  [Symbol(Symbol.toStringTag)]: 'Error'
}
{
  value: [
    {
      day: 0,
      hr1: '08:00',
      hr2: '12:00',
      hr3: '14:00',
      hr4: '18:00',
      type: 'O',
      label: 'Domingo'
    },
    {
      day: 1,
      hr1: '08:00',
      hr2: '12:00',
      hr3: '14:00',
      hr4: '18:00',
      type: 'O',
      label: 'Segunda-Feira'
    },
    {
      day: 2,
      hr1: '08:00',
      hr2: '12:00',
      hr3: '14:00',
      hr4: '18:00',
      type: 'O',
      label: 'Terça-Feira'
    },
    {
      day: 3,
      hr1: '08:00',
      hr2: '12:00',
      hr3: '14:00',
      hr4: '18:00',
      type: 'O',
      label: 'Quarta-Feira'
    },
    {
      day: 4,
      hr1: '08:00',
      hr2: '12:00',
      hr3: '14:00',
      hr4: '18:00',
      type: 'O',
      label: 'Quinta-Feira'
    },
    {
      day: 5,
      hr1: '08:00',
      hr2: '12:00',
      hr3: '14:00',
      hr4: '18:00',
      type: 'O',
      label: 'Sexta-Feira'
    },
    {
      day: 6,
      hr1: '08:00',
      hr2: '12:00',
      hr3: '14:00',
      hr4: '18:00',
      type: 'O',
      label: 'Sábado'
    }
  ],
  path: '[0].hr2',
  type: 'isHoursValid',
  params: {
    value: '12:00',
    originalValue: '12:00',
    label: undefined,
    path: '[0].hr2',
    spec: {
      strip: false,
      strict: false,
      abortEarly: true,
      recursive: true,
      disableStackTrace: false,
      nullable: false,
      optional: false,
      coerce: true
    },
    disableStackTrace: false
  },
  errors: [ '[0].hr2 is not valid' ],
  inner: [],
  name: 'ValidationError',
  message: '[0].hr2 is not valid',
  level: 'error',
  stack: 'ValidationError: [0].hr2 is not valid\n' +
    '    at createError (C:\\Users\\suporte2\\Documents\\Programacao\\Nodejs\\Wpconnect\\node_modules\\yup\\index.js:346:21)\n' +
    '    at handleResult (C:\\Users\\suporte2\\Documents\\Programacao\\Nodejs\\Wpconnect\\node_modules\\yup\\index.js:363:104)\n' +
    '    at validate (C:\\Users\\suporte2\\Documents\\Programacao\\Nodejs\\Wpconnect\\node_modules\\yup\\index.js:386:5)\n' +
    '    at StringSchema.runTests (C:\\Users\\suporte2\\Documents\\Programacao\\Nodejs\\Wpconnect\\node_modules\\yup\\index.js:751:7)\n' +
    '    at C:\\Users\\suporte2\\Documents\\Programacao\\Nodejs\\Wpconnect\\node_modules\\yup\\index.js:706:12\n' +
    '    at nextOnce (C:\\Users\\suporte2\\Documents\\Programacao\\Nodejs\\Wpconnect\\node_modules\\yup\\index.js:737:7)\n' +
    '    at finishTestRun (C:\\Users\\suporte2\\Documents\\Programacao\\Nodejs\\Wpconnect\\node_modules\\yup\\index.js:756:11)\n' +
    '    at handleResult (C:\\Users\\suporte2\\Documents\\Programacao\\Nodejs\\Wpconnect\\node_modules\\yup\\index.js:363:124)\n' +
    '    at validate (C:\\Users\\suporte2\\Documents\\Programacao\\Nodejs\\Wpconnect\\node_modules\\yup\\index.js:386:5)\n' +
    '    at StringSchema.runTests (C:\\Users\\suporte2\\Documents\\Programacao\\Nodejs\\Wpconnect\\node_modules\\yup\\index.js:751:7)',
  timestamp: '2024-12-05T10:40:40.103Z',
  [Symbol(Symbol.toStringTag)]: 'Error'
}
{
  value: [
    {
      day: 0,
      hr1: '08:00',
      hr2: '12:00',
      hr3: '14:00',
      hr4: '18:00',
      type: 'O',
      label: 'Domingo'
    },
    {
      day: 1,
      hr1: '08:00',
      hr2: '12:00',
      hr3: '14:00',
      hr4: '18:00',
      type: 'O',
      label: 'Segunda-Feira'
    },
    {
      day: 2,
      hr1: '08:00',
      hr2: '12:00',
      hr3: '14:00',
      hr4: '18:00',
      type: 'O',
      label: 'Terça-Feira'
    },
    {
      day: 3,
      hr1: '08:00',
      hr2: '12:00',
      hr3: '14:00',
      hr4: '18:00',
      type: 'O',
      label: 'Quarta-Feira'
    },
    {
      day: 4,
      hr1: '08:00',
      hr2: '12:00',
      hr3: '14:00',
      hr4: '18:00',
      type: 'O',
      label: 'Quinta-Feira'
    },
    {
      day: 5,
      hr1: '08:00',
      hr2: '12:00',
      hr3: '14:00',
      hr4: '18:00',
      type: 'O',
      label: 'Sexta-Feira'
    },
    {
      day: 6,
      hr1: '08:00',
      hr2: '12:00',
      hr3: '14:00',
      hr4: '18:00',
      type: 'O',
      label: 'Sábado'
    }
  ],
  path: '[0].hr2',
  type: 'isHoursValid',
  params: {
    value: '12:00',
    originalValue: '12:00',
    label: undefined,
    path: '[0].hr2',
    spec: {
      strip: false,
      strict: false,
      abortEarly: true,
      recursive: true,
      disableStackTrace: false,
      nullable: false,
      optional: false,
      coerce: true
    },
    disableStackTrace: false
  },
  errors: [ '[0].hr2 is not valid' ],
  inner: [],
  name: 'ValidationError',
  message: '[0].hr2 is not valid',
  level: 'error',
  stack: 'ValidationError: [0].hr2 is not valid\n' +
    '    at createError (C:\\Users\\suporte2\\Documents\\Programacao\\Nodejs\\Wpconnect\\node_modules\\yup\\index.js:346:21)\n' +
    '    at handleResult (C:\\Users\\suporte2\\Documents\\Programacao\\Nodejs\\Wpconnect\\node_modules\\yup\\index.js:363:104)\n' +
    '    at validate (C:\\Users\\suporte2\\Documents\\Programacao\\Nodejs\\Wpconnect\\node_modules\\yup\\index.js:386:5)\n' +
    '    at StringSchema.runTests (C:\\Users\\suporte2\\Documents\\Programacao\\Nodejs\\Wpconnect\\node_modules\\yup\\index.js:751:7)\n' +
    '    at C:\\Users\\suporte2\\Documents\\Programacao\\Nodejs\\Wpconnect\\node_modules\\yup\\index.js:706:12\n' +
    '    at nextOnce (C:\\Users\\suporte2\\Documents\\Programacao\\Nodejs\\Wpconnect\\node_modules\\yup\\index.js:737:7)\n' +
    '    at finishTestRun (C:\\Users\\suporte2\\Documents\\Programacao\\Nodejs\\Wpconnect\\node_modules\\yup\\index.js:756:11)\n' +
    '    at handleResult (C:\\Users\\suporte2\\Documents\\Programacao\\Nodejs\\Wpconnect\\node_modules\\yup\\index.js:363:124)\n' +
    '    at validate (C:\\Users\\suporte2\\Documents\\Programacao\\Nodejs\\Wpconnect\\node_modules\\yup\\index.js:386:5)\n' +
    '    at StringSchema.runTests (C:\\Users\\suporte2\\Documents\\Programacao\\Nodejs\\Wpconnect\\node_modules\\yup\\index.js:751:7)',
  timestamp: '2024-12-05T10:40:43.795Z',
  [Symbol(Symbol.toStringTag)]: 'Error'
}
{
  value: [
    {
      day: 0,
      hr1: '08:00',
      hr2: '12:00',
      hr3: '14:00',
      hr4: '18:00',
      type: 'O',
      label: 'Domingo'
    },
    {
      day: 1,
      hr1: '08:00',
      hr2: '12:00',
      hr3: '14:00',
      hr4: '18:00',
      type: 'O',
      label: 'Segunda-Feira'
    },
    {
      day: 2,
      hr1: '08:00',
      hr2: '12:00',
      hr3: '14:00',
      hr4: '18:00',
      type: 'O',
      label: 'Terça-Feira'
    },
    {
      day: 3,
      hr1: '08:00',
      hr2: '12:00',
      hr3: '14:00',
      hr4: '18:00',
      type: 'O',
      label: 'Quarta-Feira'
    },
    {
      day: 4,
      hr1: '08:00',
      hr2: '12:00',
      hr3: '14:00',
      hr4: '18:00',
      type: 'O',
      label: 'Quinta-Feira'
    },
    {
      day: 5,
      hr1: '08:00',
      hr2: '12:00',
      hr3: '14:00',
      hr4: '18:00',
      type: 'O',
      label: 'Sexta-Feira'
    },
    {
      day: 6,
      hr1: '08:00',
      hr2: '12:00',
      hr3: '14:00',
      hr4: '18:00',
      type: 'O',
      label: 'Sábado'
    }
  ],
  path: '[0].hr2',
  type: 'isHoursValid',
  params: {
    value: '12:00',
    originalValue: '12:00',
    label: undefined,
    path: '[0].hr2',
    spec: {
      strip: false,
      strict: false,
      abortEarly: true,
      recursive: true,
      disableStackTrace: false,
      nullable: false,
      optional: false,
      coerce: true
    },
    disableStackTrace: false
  },
  errors: [ '[0].hr2 is not valid' ],
  inner: [],
  name: 'ValidationError',
  message: '[0].hr2 is not valid',
  level: 'error',
  stack: 'ValidationError: [0].hr2 is not valid\n' +
    '    at createError (C:\\Users\\suporte2\\Documents\\Programacao\\Nodejs\\Wpconnect\\node_modules\\yup\\index.js:346:21)\n' +
    '    at handleResult (C:\\Users\\suporte2\\Documents\\Programacao\\Nodejs\\Wpconnect\\node_modules\\yup\\index.js:363:104)\n' +
    '    at validate (C:\\Users\\suporte2\\Documents\\Programacao\\Nodejs\\Wpconnect\\node_modules\\yup\\index.js:386:5)\n' +
    '    at StringSchema.runTests (C:\\Users\\suporte2\\Documents\\Programacao\\Nodejs\\Wpconnect\\node_modules\\yup\\index.js:751:7)\n' +
    '    at C:\\Users\\suporte2\\Documents\\Programacao\\Nodejs\\Wpconnect\\node_modules\\yup\\index.js:706:12\n' +
    '    at nextOnce (C:\\Users\\suporte2\\Documents\\Programacao\\Nodejs\\Wpconnect\\node_modules\\yup\\index.js:737:7)\n' +
    '    at finishTestRun (C:\\Users\\suporte2\\Documents\\Programacao\\Nodejs\\Wpconnect\\node_modules\\yup\\index.js:756:11)\n' +
    '    at handleResult (C:\\Users\\suporte2\\Documents\\Programacao\\Nodejs\\Wpconnect\\node_modules\\yup\\index.js:363:124)\n' +
    '    at validate (C:\\Users\\suporte2\\Documents\\Programacao\\Nodejs\\Wpconnect\\node_modules\\yup\\index.js:386:5)\n' +
    '    at StringSchema.runTests (C:\\Users\\suporte2\\Documents\\Programacao\\Nodejs\\Wpconnect\\node_modules\\yup\\index.js:751:7)',
  timestamp: '2024-12-05T10:41:28.280Z',
  [Symbol(Symbol.toStringTag)]: 'Error'
}
{
  message: 'ERR_NO_PERMISSION',
  statusCode: 403,
  level: 'error',
  timestamp: '2024-12-05T10:41:58.706Z'
}
{
  message: 'ERR_NO_PERMISSION',
  statusCode: 403,
  level: 'error',
  timestamp: '2024-12-05T10:42:46.949Z'
}
{
  message: '[0].hr2 is not valid',
  statusCode: 400,
  level: 'error',
  timestamp: '2024-12-05T10:44:37.593Z'
}
{
  message: '[0].hr2 is not valid',
  statusCode: 400,
  level: 'error',
  timestamp: '2024-12-05T10:45:35.656Z'
}
{
  message: '[0].hr2 is not valid',
  statusCode: 400,
  level: 'error',
  timestamp: '2024-12-05T10:46:27.315Z'
}
{
  message: '[0].hr2 is not valid',
  statusCode: 400,
  level: 'error',
  timestamp: '2024-12-05T10:46:39.484Z'
}
{
  message: '[0].hr2 is not valid',
  statusCode: 400,
  level: 'error',
  timestamp: '2024-12-05T10:47:44.717Z'
}
{
  level: 'error',
  message: 'SendMessagesSchenduleWbot > SendMessage ERR_WAPP_NOT_INITIALIZED',
  stack: 'Error: ERR_WAPP_NOT_INITIALIZED\n' +
    '    at getWbot (C:\\Users\\suporte2\\Documents\\Programacao\\Nodejs\\Wpconnect\\src\\libs\\wbot.ts:336:9)\n' +
    '    at SendMessage (C:\\Users\\suporte2\\Documents\\Programacao\\Nodejs\\Wpconnect\\src\\services\\WbotServices\\SendMessage.ts:9:22)\n' +
    '    at SendMessagesSchenduleWbot (C:\\Users\\suporte2\\Documents\\Programacao\\Nodejs\\Wpconnect\\src\\services\\WbotServices\\SendMessagesSchenduleWbot.ts:81:21)\n' +
    '    at processTicksAndRejections (node:internal/process/task_queues:105:5)\n' +
    '    at Queue.handle (C:\\Users\\suporte2\\Documents\\Programacao\\Nodejs\\Wpconnect\\src\\jobs\\SendMessageSchenduled.ts:17:4)',
  timestamp: '2024-12-06T09:41:02.949Z'
}
{
  level: 'error',
  message: 'SendMessagesSchenduleWbot > SendMessage ERR_WAPP_NOT_INITIALIZED',
  stack: 'Error: ERR_WAPP_NOT_INITIALIZED\n' +
    '    at getWbot (C:\\Users\\suporte2\\Documents\\Programacao\\Nodejs\\Wpconnect\\src\\libs\\wbot.ts:336:9)\n' +
    '    at SendMessage (C:\\Users\\suporte2\\Documents\\Programacao\\Nodejs\\Wpconnect\\src\\services\\WbotServices\\SendMessage.ts:9:22)\n' +
    '    at SendMessagesSchenduleWbot (C:\\Users\\suporte2\\Documents\\Programacao\\Nodejs\\Wpconnect\\src\\services\\WbotServices\\SendMessagesSchenduleWbot.ts:81:21)\n' +
    '    at processTicksAndRejections (node:internal/process/task_queues:105:5)\n' +
    '    at Queue.handle (C:\\Users\\suporte2\\Documents\\Programacao\\Nodejs\\Wpconnect\\src\\jobs\\SendMessageSchenduled.ts:17:4)',
  timestamp: '2024-12-06T09:43:51.597Z'
}
{
  message: 'sessionId is a required field',
  statusCode: 400,
  level: 'error',
  timestamp: '2024-12-06T10:19:59.576Z'
}
{
  level: 'error',
  message: '(0 , Queue_1.addJob) is not a function',
  stack: 'TypeError: (0 , Queue_1.addJob) is not a function\n' +
    '    at StartCampaignService (C:\\Users\\suporte2\\Documents\\Programacao\\Nodejs\\Wpconnect\\src\\services\\CampaignServices\\StartCampaignService.ts:190:8)\n' +
    '    at processTicksAndRejections (node:internal/process/task_queues:105:5)\n' +
    '    at startCampaign (C:\\Users\\suporte2\\Documents\\Programacao\\Nodejs\\Wpconnect\\src\\controllers\\CampaignController.ts:168:3)',
  timestamp: '2024-12-06T10:20:17.469Z'
}
{
  message: 'ERR_NO_UPDATE_CAMPAIGN_NOT_IN_CANCELED_PENDING',
  statusCode: 404,
  level: 'error',
  timestamp: '2024-12-06T10:24:32.940Z'
}
{
  message: 'sessionId is a required field',
  statusCode: 400,
  level: 'error',
  timestamp: '2024-12-06T10:25:21.014Z'
}
{
  message: 'sessionId is a required field',
  statusCode: 400,
  level: 'error',
  timestamp: '2024-12-06T10:25:29.416Z'
}
{
  message: 'sessionId is a required field',
  statusCode: 400,
  level: 'error',
  timestamp: '2024-12-06T11:06:00.147Z'
}
{
  message: 'sessionId is a required field',
  statusCode: 400,
  level: 'error',
  timestamp: '2024-12-06T11:22:23.198Z'
}
{
  message: 'sessionId is a required field',
  statusCode: 400,
  level: 'error',
  timestamp: '2024-12-06T11:33:24.720Z'
}
{
  message: 'sessionId is a required field',
  statusCode: 400,
  level: 'error',
  timestamp: '2024-12-06T11:33:42.182Z'
}
{
  message: 'sessionId is a required field',
  statusCode: 400,
  level: 'error',
  timestamp: '2024-12-06T12:22:22.367Z'
}
{
  message: 'message3 is a required field',
  statusCode: 400,
  level: 'error',
  timestamp: '2024-12-06T12:53:22.559Z'
}
{
  message: 'message3 is a required field',
  statusCode: 400,
  level: 'error',
  timestamp: '2024-12-06T13:07:55.328Z'
}
{
  message: 'message3 is a required field',
  statusCode: 400,
  level: 'error',
  timestamp: '2024-12-06T13:11:46.253Z'
}
{
  level: 'error',
  message: "Cannot read properties of undefined (reading '0')",
  stack: "TypeError: Cannot read properties of undefined (reading '0')\n" +
    '    at store (C:\\Users\\suporte2\\Documents\\Programacao\\Nodejs\\Wpconnect\\src\\controllers\\CampaignController.ts:41:30)\n' +
    '    at Layer.handle [as handle_request] (C:\\Users\\suporte2\\Documents\\Programacao\\Nodejs\\Wpconnect\\node_modules\\express\\lib\\router\\layer.js:95:5)\n' +
    '    at next (C:\\Users\\suporte2\\Documents\\Programacao\\Nodejs\\Wpconnect\\node_modules\\express\\lib\\router\\route.js:149:13)\n' +
    '    at multerMiddleware (C:\\Users\\suporte2\\Documents\\Programacao\\Nodejs\\Wpconnect\\node_modules\\multer\\lib\\make-middleware.js:13:41)\n' +
    '    at Layer.handle [as handle_request] (C:\\Users\\suporte2\\Documents\\Programacao\\Nodejs\\Wpconnect\\node_modules\\express\\lib\\router\\layer.js:95:5)\n' +
    '    at next (C:\\Users\\suporte2\\Documents\\Programacao\\Nodejs\\Wpconnect\\node_modules\\express\\lib\\router\\route.js:149:13)\n' +
    '    at isAuth (C:\\Users\\suporte2\\Documents\\Programacao\\Nodejs\\Wpconnect\\src\\middleware\\isAuth.ts:39:9)\n' +
    '    at Layer.handle [as handle_request] (C:\\Users\\suporte2\\Documents\\Programacao\\Nodejs\\Wpconnect\\node_modules\\express\\lib\\router\\layer.js:95:5)\n' +
    '    at next (C:\\Users\\suporte2\\Documents\\Programacao\\Nodejs\\Wpconnect\\node_modules\\express\\lib\\router\\route.js:149:13)\n' +
    '    at Route.dispatch (C:\\Users\\suporte2\\Documents\\Programacao\\Nodejs\\Wpconnect\\node_modules\\express\\lib\\router\\route.js:119:3)',
  timestamp: '2024-12-06T13:13:12.428Z'
}
{
  level: 'error',
  message: "Cannot read properties of undefined (reading '0')",
  stack: "TypeError: Cannot read properties of undefined (reading '0')\n" +
    '    at store (C:\\Users\\suporte2\\Documents\\Programacao\\Nodejs\\Wpconnect\\src\\controllers\\CampaignController.ts:41:30)\n' +
    '    at Layer.handle [as handle_request] (C:\\Users\\suporte2\\Documents\\Programacao\\Nodejs\\Wpconnect\\node_modules\\express\\lib\\router\\layer.js:95:5)\n' +
    '    at next (C:\\Users\\suporte2\\Documents\\Programacao\\Nodejs\\Wpconnect\\node_modules\\express\\lib\\router\\route.js:149:13)\n' +
    '    at multerMiddleware (C:\\Users\\suporte2\\Documents\\Programacao\\Nodejs\\Wpconnect\\node_modules\\multer\\lib\\make-middleware.js:13:41)\n' +
    '    at Layer.handle [as handle_request] (C:\\Users\\suporte2\\Documents\\Programacao\\Nodejs\\Wpconnect\\node_modules\\express\\lib\\router\\layer.js:95:5)\n' +
    '    at next (C:\\Users\\suporte2\\Documents\\Programacao\\Nodejs\\Wpconnect\\node_modules\\express\\lib\\router\\route.js:149:13)\n' +
    '    at isAuth (C:\\Users\\suporte2\\Documents\\Programacao\\Nodejs\\Wpconnect\\src\\middleware\\isAuth.ts:39:9)\n' +
    '    at Layer.handle [as handle_request] (C:\\Users\\suporte2\\Documents\\Programacao\\Nodejs\\Wpconnect\\node_modules\\express\\lib\\router\\layer.js:95:5)\n' +
    '    at next (C:\\Users\\suporte2\\Documents\\Programacao\\Nodejs\\Wpconnect\\node_modules\\express\\lib\\router\\route.js:149:13)\n' +
    '    at Route.dispatch (C:\\Users\\suporte2\\Documents\\Programacao\\Nodejs\\Wpconnect\\node_modules\\express\\lib\\router\\route.js:119:3)',
  timestamp: '2024-12-06T13:13:20.220Z'
}
{
  level: 'error',
  message: "Cannot read properties of undefined (reading '0')",
  stack: "TypeError: Cannot read properties of undefined (reading '0')\n" +
    '    at store (C:\\Users\\suporte2\\Documents\\Programacao\\Nodejs\\Wpconnect\\src\\controllers\\CampaignController.ts:42:30)\n' +
    '    at Layer.handle [as handle_request] (C:\\Users\\suporte2\\Documents\\Programacao\\Nodejs\\Wpconnect\\node_modules\\express\\lib\\router\\layer.js:95:5)\n' +
    '    at next (C:\\Users\\suporte2\\Documents\\Programacao\\Nodejs\\Wpconnect\\node_modules\\express\\lib\\router\\route.js:149:13)\n' +
    '    at multerMiddleware (C:\\Users\\suporte2\\Documents\\Programacao\\Nodejs\\Wpconnect\\node_modules\\multer\\lib\\make-middleware.js:13:41)\n' +
    '    at Layer.handle [as handle_request] (C:\\Users\\suporte2\\Documents\\Programacao\\Nodejs\\Wpconnect\\node_modules\\express\\lib\\router\\layer.js:95:5)\n' +
    '    at next (C:\\Users\\suporte2\\Documents\\Programacao\\Nodejs\\Wpconnect\\node_modules\\express\\lib\\router\\route.js:149:13)\n' +
    '    at isAuth (C:\\Users\\suporte2\\Documents\\Programacao\\Nodejs\\Wpconnect\\src\\middleware\\isAuth.ts:39:9)\n' +
    '    at Layer.handle [as handle_request] (C:\\Users\\suporte2\\Documents\\Programacao\\Nodejs\\Wpconnect\\node_modules\\express\\lib\\router\\layer.js:95:5)\n' +
    '    at next (C:\\Users\\suporte2\\Documents\\Programacao\\Nodejs\\Wpconnect\\node_modules\\express\\lib\\router\\route.js:149:13)\n' +
    '    at Route.dispatch (C:\\Users\\suporte2\\Documents\\Programacao\\Nodejs\\Wpconnect\\node_modules\\express\\lib\\router\\route.js:119:3)',
  timestamp: '2024-12-06T13:13:46.959Z'
}
{
  message: 'mediaUrl cannot be null',
  statusCode: 400,
  level: 'error',
  timestamp: '2024-12-06T13:14:44.165Z'
}
{
  message: 'mediaUrl cannot be null',
  statusCode: 400,
  level: 'error',
  timestamp: '2024-12-06T13:15:21.755Z'
}
{
  message: 'mediaUrl cannot be null',
  statusCode: 400,
  level: 'error',
  timestamp: '2024-12-06T13:15:50.084Z'
}
{
  message: 'mediaUrl cannot be null',
  statusCode: 400,
  level: 'error',
  timestamp: '2024-12-06T13:15:57.169Z'
}
{
  message: 'mediaUrl cannot be null',
  statusCode: 400,
  level: 'error',
  timestamp: '2024-12-06T13:16:54.091Z'
}
{
  name: 'TokenExpiredError',
  message: 'jwt expired',
  expiredAt: 2024-11-29T10:34:25.000Z,
  level: 'error',
  stack: 'TokenExpiredError: jwt expired\n' +
    '    at C:\\Users\\suporte2\\Documents\\Programacao\\Nodejs\\Wpconnect\\node_modules\\jsonwebtoken\\verify.js:190:21\n' +
    '    at getSecret (C:\\Users\\suporte2\\Documents\\Programacao\\Nodejs\\Wpconnect\\node_modules\\jsonwebtoken\\verify.js:97:14)\n' +
    '    at module.exports (C:\\Users\\suporte2\\Documents\\Programacao\\Nodejs\\Wpconnect\\node_modules\\jsonwebtoken\\verify.js:101:10)\n' +
    '    at decode (C:\\Users\\suporte2\\Documents\\Programacao\\Nodejs\\Wpconnect\\src\\libs\\decodeTokenSocket.ts:34:25)\n' +
    '    at Array.<anonymous> (C:\\Users\\suporte2\\Documents\\Programacao\\Nodejs\\Wpconnect\\src\\libs\\scoket.ts:43:36)\n' +
    '    at run (C:\\Users\\suporte2\\Documents\\Programacao\\Nodejs\\Wpconnect\\node_modules\\socket.io\\dist\\namespace.js:130:19)\n' +
    '    at Namespace.run (C:\\Users\\suporte2\\Documents\\Programacao\\Nodejs\\Wpconnect\\node_modules\\socket.io\\dist\\namespace.js:141:9)\n' +
    '    at Namespace._add (C:\\Users\\suporte2\\Documents\\Programacao\\Nodejs\\Wpconnect\\node_modules\\socket.io\\dist\\namespace.js:218:14)\n' +
    '    at processTicksAndRejections (node:internal/process/task_queues:105:5)',
  timestamp: '2024-12-06T16:34:22.755Z'
}
{
  message: 'ERR_SESSION_EXPIRED',
  statusCode: 401,
  level: 'error',
  timestamp: '2024-12-06T16:34:23.091Z'
}
{
  message: 'ERR_SESSION_EXPIRED',
  statusCode: 401,
  level: 'error',
  timestamp: '2024-12-06T16:34:23.101Z'
}
{
  message: 'ERR_SESSION_EXPIRED',
  statusCode: 401,
  level: 'error',
  timestamp: '2024-12-06T16:34:23.105Z'
}
{
  error: TypeError: sequelize.addModels is not a function
      at Object.<anonymous> (C:\Users\suporte2\Documents\Programacao\Nodejs\Wpconnect\src\database\index.ts:74:11)
      at Module.<anonymous> (node:internal/modules/cjs/loader:1546:14)
      at Module._compile (C:\Users\suporte2\Documents\Programacao\Nodejs\Wpconnect\node_modules\source-map-support\source-map-support.js:568:25)
      at Module.m._compile (C:\Users\suporte2\AppData\Local\Temp\ts-node-dev-hook-9091652008413824.js:69:33)
      at node:internal/modules/cjs/loader:1689:10
      at require.extensions..jsx.require.extensions..js (C:\Users\suporte2\AppData\Local\Temp\ts-node-dev-hook-9091652008413824.js:114:20)
      at require.extensions.<computed> (C:\Users\suporte2\AppData\Local\Temp\ts-node-dev-hook-9091652008413824.js:71:20)
      at Object.nodeDevHook [as .ts] (C:\Users\suporte2\Documents\Programacao\Nodejs\Wpconnect\node_modules\ts-node-dev\lib\hook.js:63:13)
      at Module.load (node:internal/modules/cjs/loader:1318:32)
      at Function._load (node:internal/modules/cjs/loader:1128:12),
  level: 'error',
  message: 'uncaughtException: sequelize.addModels is not a function\n' +
    'TypeError: sequelize.addModels is not a function\n' +
    '    at Object.<anonymous> (C:\\Users\\suporte2\\Documents\\Programacao\\Nodejs\\Wpconnect\\src\\database\\index.ts:74:11)\n' +
    '    at Module.<anonymous> (node:internal/modules/cjs/loader:1546:14)\n' +
    '    at Module._compile (C:\\Users\\suporte2\\Documents\\Programacao\\Nodejs\\Wpconnect\\node_modules\\source-map-support\\source-map-support.js:568:25)\n' +
    '    at Module.m._compile (C:\\Users\\suporte2\\AppData\\Local\\Temp\\ts-node-dev-hook-9091652008413824.js:69:33)\n' +
    '    at node:internal/modules/cjs/loader:1689:10\n' +
    '    at require.extensions..jsx.require.extensions..js (C:\\Users\\suporte2\\AppData\\Local\\Temp\\ts-node-dev-hook-9091652008413824.js:114:20)\n' +
    '    at require.extensions.<computed> (C:\\Users\\suporte2\\AppData\\Local\\Temp\\ts-node-dev-hook-9091652008413824.js:71:20)\n' +
    '    at Object.nodeDevHook [as .ts] (C:\\Users\\suporte2\\Documents\\Programacao\\Nodejs\\Wpconnect\\node_modules\\ts-node-dev\\lib\\hook.js:63:13)\n' +
    '    at Module.load (node:internal/modules/cjs/loader:1318:32)\n' +
    '    at Function._load (node:internal/modules/cjs/loader:1128:12)',
  stack: 'TypeError: sequelize.addModels is not a function\n' +
    '    at Object.<anonymous> (C:\\Users\\suporte2\\Documents\\Programacao\\Nodejs\\Wpconnect\\src\\database\\index.ts:74:11)\n' +
    '    at Module.<anonymous> (node:internal/modules/cjs/loader:1546:14)\n' +
    '    at Module._compile (C:\\Users\\suporte2\\Documents\\Programacao\\Nodejs\\Wpconnect\\node_modules\\source-map-support\\source-map-support.js:568:25)\n' +
    '    at Module.m._compile (C:\\Users\\suporte2\\AppData\\Local\\Temp\\ts-node-dev-hook-9091652008413824.js:69:33)\n' +
    '    at node:internal/modules/cjs/loader:1689:10\n' +
    '    at require.extensions..jsx.require.extensions..js (C:\\Users\\suporte2\\AppData\\Local\\Temp\\ts-node-dev-hook-9091652008413824.js:114:20)\n' +
    '    at require.extensions.<computed> (C:\\Users\\suporte2\\AppData\\Local\\Temp\\ts-node-dev-hook-9091652008413824.js:71:20)\n' +
    '    at Object.nodeDevHook [as .ts] (C:\\Users\\suporte2\\Documents\\Programacao\\Nodejs\\Wpconnect\\node_modules\\ts-node-dev\\lib\\hook.js:63:13)\n' +
    '    at Module.load (node:internal/modules/cjs/loader:1318:32)\n' +
    '    at Function._load (node:internal/modules/cjs/loader:1128:12)',
  exception: true,
  date: 'Fri Dec 06 2024 14:07:58 GMT-0300 (Horário Padrão de Brasília)',
  process: {
    pid: 16784,
    uid: null,
    gid: null,
    cwd: 'C:\\Users\\suporte2\\Documents\\Programacao\\Nodejs\\Wpconnect',
    execPath: 'C:\\Users\\suporte2\\Documents\\Programacao\\Nodejs\\Port\\app\\node.exe',
    version: 'v22.11.0',
    argv: [
      'C:\\Users\\suporte2\\Documents\\Programacao\\Nodejs\\Port\\app\\node.exe',
      'src/server.ts'
    ],
    memoryUsage: {
      rss: 148381696,
      heapTotal: 99782656,
      heapUsed: 77504888,
      external: 3519674,
      arrayBuffers: 462577
    }
  },
  os: { loadavg: [ 0, 0, 0 ], uptime: 802057.671 },
  trace: [
    {
      column: 11,
      file: 'C:\\Users\\suporte2\\Documents\\Programacao\\Nodejs\\Wpconnect\\src\\database\\index.ts',
      function: null,
      line: 74,
      method: null,
      native: false
    },
    {
      column: 14,
      file: 'node:internal/modules/cjs/loader',
      function: null,
      line: 1546,
      method: null,
      native: false
    },
    {
      column: 25,
      file: 'C:\\Users\\suporte2\\Documents\\Programacao\\Nodejs\\Wpconnect\\node_modules\\source-map-support\\source-map-support.js',
      function: 'Module._compile',
      line: 568,
      method: '_compile',
      native: false
    },
    {
      column: 33,
      file: 'C:\\Users\\suporte2\\AppData\\Local\\Temp\\ts-node-dev-hook-9091652008413824.js',
      function: 'Module.m._compile',
      line: 69,
      method: '_compile',
      native: false
    },
    {
      column: 10,
      file: 'node:internal/modules/cjs/loader',
      function: null,
      line: 1689,
      method: null,
      native: false
    },
    {
      column: 20,
      file: 'C:\\Users\\suporte2\\AppData\\Local\\Temp\\ts-node-dev-hook-9091652008413824.js',
      function: 'require.extensions..jsx.require.extensions..js',
      line: 114,
      method: '.js',
      native: false
    },
    {
      column: 20,
      file: 'C:\\Users\\suporte2\\AppData\\Local\\Temp\\ts-node-dev-hook-9091652008413824.js',
      function: 'require.extensions.<computed>',
      line: 71,
      method: '<computed>',
      native: false
    },
    {
      column: 13,
      file: 'C:\\Users\\suporte2\\Documents\\Programacao\\Nodejs\\Wpconnect\\node_modules\\ts-node-dev\\lib\\hook.js',
      function: 'Object.nodeDevHook [as .ts]',
      line: 63,
      method: 'ts]',
      native: false
    },
    {
      column: 32,
      file: 'node:internal/modules/cjs/loader',
      function: 'Module.load',
      line: 1318,
      method: 'load',
      native: false
    },
    {
      column: 12,
      file: 'node:internal/modules/cjs/loader',
      function: 'Function._load',
      line: 1128,
      method: '_load',
      native: false
    }
  ],
  timestamp: '2024-12-06T17:07:58.533Z'
}
{
  message: 'ERR_NO_WAPP_FOUND',
  statusCode: 404,
  level: 'error',
  timestamp: '2024-12-06T17:16:44.228Z'
}
{
  message: 'ERR_NO_WAPP_FOUND',
  statusCode: 404,
  level: 'error',
  timestamp: '2024-12-06T17:16:52.867Z'
}
{
  message: 'ERR_NO_WAPP_FOUND',
  statusCode: 404,
  level: 'error',
  timestamp: '2024-12-06T17:17:30.579Z'
}
{
  message: 'ERR_NO_WAPP_FOUND',
  statusCode: 404,
  level: 'error',
  timestamp: '2024-12-06T17:17:46.746Z'
}
{
  session: 1,
  type: 'browser',
  level: 'error',
  message: 'Error no open browser',
  timestamp: '2024-12-06T17:18:30.545Z'
}
{
  session: 1,
  type: 'browser',
  level: 'error',
  message: 'Failed to launch the browser process! undefined\n' +
    '\n' +
    '\n' +
    'TROUBLESHOOTING: https://pptr.dev/troubleshooting\n',
  timestamp: '2024-12-06T17:18:30.546Z'
}
{
  message: 'externalKey is a required field',
  statusCode: 400,
  level: 'error',
  timestamp: '2024-12-06T17:26:01.267Z'
}
{
  message: 'number is a required field',
  statusCode: 400,
  level: 'error',
  timestamp: '2024-12-06T17:26:53.972Z'
}
{
  message: 'number is a required field',
  statusCode: 400,
  level: 'error',
  timestamp: '2024-12-06T17:27:18.007Z'
}
{
  error: Error: Cannot find module 'http-graceful-shutdown'
  Require stack:
  - /Users/renatomendonca/Desktop/Node/newServerWpConnect/src/app/index.ts
  - /Users/renatomendonca/Desktop/Node/newServerWpConnect/src/server.ts
      at Function._resolveFilename (node:internal/modules/cjs/loader:1239:15)
      at Function._load (node:internal/modules/cjs/loader:1064:27)
      at TracingChannel.traceSync (node:diagnostics_channel:322:14)
      at wrapModuleLoad (node:internal/modules/cjs/loader:218:24)
      at Module.require (node:internal/modules/cjs/loader:1325:12)
      at require (node:internal/modules/helpers:136:16)
      at Object.<anonymous> (/Users/renatomendonca/Desktop/Node/newServerWpConnect/src/app/index.ts:8:1)
      at Module.<anonymous> (node:internal/modules/cjs/loader:1546:14)
      at Module._compile (/Users/renatomendonca/Desktop/Node/newServerWpConnect/node_modules/source-map-support/source-map-support.js:568:25)
      at Module.m._compile (/private/var/folders/fl/vyfbwjv544d6tk51w30mh1p40000gn/T/ts-node-dev-hook-11329823430318431.js:69:33) {
    code: 'MODULE_NOT_FOUND',
    requireStack: [
      '/Users/renatomendonca/Desktop/Node/newServerWpConnect/src/app/index.ts',
      '/Users/renatomendonca/Desktop/Node/newServerWpConnect/src/server.ts'
    ]
  },
  level: 'error',
  message: "uncaughtException: Cannot find module 'http-graceful-shutdown'\n" +
    'Require stack:\n' +
    '- /Users/renatomendonca/Desktop/Node/newServerWpConnect/src/app/index.ts\n' +
    '- /Users/renatomendonca/Desktop/Node/newServerWpConnect/src/server.ts\n' +
    "Error: Cannot find module 'http-graceful-shutdown'\n" +
    'Require stack:\n' +
    '- /Users/renatomendonca/Desktop/Node/newServerWpConnect/src/app/index.ts\n' +
    '- /Users/renatomendonca/Desktop/Node/newServerWpConnect/src/server.ts\n' +
    '    at Function._resolveFilename (node:internal/modules/cjs/loader:1239:15)\n' +
    '    at Function._load (node:internal/modules/cjs/loader:1064:27)\n' +
    '    at TracingChannel.traceSync (node:diagnostics_channel:322:14)\n' +
    '    at wrapModuleLoad (node:internal/modules/cjs/loader:218:24)\n' +
    '    at Module.require (node:internal/modules/cjs/loader:1325:12)\n' +
    '    at require (node:internal/modules/helpers:136:16)\n' +
    '    at Object.<anonymous> (/Users/renatomendonca/Desktop/Node/newServerWpConnect/src/app/index.ts:8:1)\n' +
    '    at Module.<anonymous> (node:internal/modules/cjs/loader:1546:14)\n' +
    '    at Module._compile (/Users/renatomendonca/Desktop/Node/newServerWpConnect/node_modules/source-map-support/source-map-support.js:568:25)\n' +
    '    at Module.m._compile (/private/var/folders/fl/vyfbwjv544d6tk51w30mh1p40000gn/T/ts-node-dev-hook-11329823430318431.js:69:33)',
  stack: "Error: Cannot find module 'http-graceful-shutdown'\n" +
    'Require stack:\n' +
    '- /Users/renatomendonca/Desktop/Node/newServerWpConnect/src/app/index.ts\n' +
    '- /Users/renatomendonca/Desktop/Node/newServerWpConnect/src/server.ts\n' +
    '    at Function._resolveFilename (node:internal/modules/cjs/loader:1239:15)\n' +
    '    at Function._load (node:internal/modules/cjs/loader:1064:27)\n' +
    '    at TracingChannel.traceSync (node:diagnostics_channel:322:14)\n' +
    '    at wrapModuleLoad (node:internal/modules/cjs/loader:218:24)\n' +
    '    at Module.require (node:internal/modules/cjs/loader:1325:12)\n' +
    '    at require (node:internal/modules/helpers:136:16)\n' +
    '    at Object.<anonymous> (/Users/renatomendonca/Desktop/Node/newServerWpConnect/src/app/index.ts:8:1)\n' +
    '    at Module.<anonymous> (node:internal/modules/cjs/loader:1546:14)\n' +
    '    at Module._compile (/Users/renatomendonca/Desktop/Node/newServerWpConnect/node_modules/source-map-support/source-map-support.js:568:25)\n' +
    '    at Module.m._compile (/private/var/folders/fl/vyfbwjv544d6tk51w30mh1p40000gn/T/ts-node-dev-hook-11329823430318431.js:69:33)',
  exception: true,
  date: 'Fri Dec 06 2024 21:23:33 GMT-0300 (Horário Padrão de Brasília)',
  process: {
    pid: 13090,
    uid: 501,
    gid: 20,
    cwd: '/Users/renatomendonca/Desktop/Node/newServerWpConnect',
    execPath: '/Users/renatomendonca/.nvm/versions/node/v23.3.0/bin/node',
    version: 'v23.3.0',
    argv: [
      '/Users/renatomendonca/.nvm/versions/node/v23.3.0/bin/node',
      'src/server.ts'
    ],
    memoryUsage: {
      rss: 190316544,
      heapTotal: 115933184,
      heapUsed: 84916464,
      external: 3421622,
      arrayBuffers: 105614
    }
  },
  os: {
    loadavg: [ 1.43408203125, 1.72265625, 2.19873046875 ],
    uptime: 90065
  },
  trace: [
    {
      column: 15,
      file: 'node:internal/modules/cjs/loader',
      function: 'Function._resolveFilename',
      line: 1239,
      method: '_resolveFilename',
      native: false
    },
    {
      column: 27,
      file: 'node:internal/modules/cjs/loader',
      function: 'Function._load',
      line: 1064,
      method: '_load',
      native: false
    },
    {
      column: 14,
      file: 'node:diagnostics_channel',
      function: 'TracingChannel.traceSync',
      line: 322,
      method: 'traceSync',
      native: false
    },
    {
      column: 24,
      file: 'node:internal/modules/cjs/loader',
      function: 'wrapModuleLoad',
      line: 218,
      method: null,
      native: false
    },
    {
      column: 12,
      file: 'node:internal/modules/cjs/loader',
      function: 'Module.require',
      line: 1325,
      method: 'require',
      native: false
    },
    {
      column: 16,
      file: 'node:internal/modules/helpers',
      function: 'require',
      line: 136,
      method: null,
      native: false
    },
    {
      column: 1,
      file: '/Users/renatomendonca/Desktop/Node/newServerWpConnect/src/app/index.ts',
      function: null,
      line: 8,
      method: null,
      native: false
    },
    {
      column: 14,
      file: 'node:internal/modules/cjs/loader',
      function: null,
      line: 1546,
      method: null,
      native: false
    },
    {
      column: 25,
      file: '/Users/renatomendonca/Desktop/Node/newServerWpConnect/node_modules/source-map-support/source-map-support.js',
      function: 'Module._compile',
      line: 568,
      method: '_compile',
      native: false
    },
    {
      column: 33,
      file: '/private/var/folders/fl/vyfbwjv544d6tk51w30mh1p40000gn/T/ts-node-dev-hook-11329823430318431.js',
      function: 'Module.m._compile',
      line: 69,
      method: '_compile',
      native: false
    }
  ],
  timestamp: '2024-12-07T00:23:33.379Z'
}
{
  level: 'error',
  message: 'Auto Close Called',
  session: 1,
  type: 'client',
  timestamp: '2024-12-07T01:14:41.245Z'
}
{
  level: 'error',
  message: 'Auto Close Called',
  session: 1,
  type: 'client',
  timestamp: '2024-12-07T20:27:24.599Z'
}
{
  level: 'error',
  message: 'Execution context was destroyed, most likely because of a navigation.',
  session: 1,
  type: 'client',
  stack: 'Error: Execution context was destroyed, most likely because of a navigation.\n' +
    '    at rewriteError (C:\\Users\\suporte2\\Documents\\Programacao\\Nodejs\\Wpconnect\\node_modules\\puppeteer-core\\src\\cdp\\ExecutionContext.ts:530:11)\n' +
    '    at ExecutionContext.#evaluate (C:\\Users\\suporte2\\Documents\\Programacao\\Nodejs\\Wpconnect\\node_modules\\puppeteer-core\\src\\cdp\\ExecutionContext.ts:447:7)\n' +
    '    at ExecutionContext.evaluateHandle (C:\\Users\\suporte2\\Documents\\Programacao\\Nodejs\\Wpconnect\\node_modules\\puppeteer-core\\src\\cdp\\ExecutionContext.ts:351:12)\n' +
    '    at IsolatedWorld.evaluateHandle (C:\\Users\\suporte2\\Documents\\Programacao\\Nodejs\\Wpconnect\\node_modules\\puppeteer-core\\src\\cdp\\IsolatedWorld.ts:175:12)\n' +
    '    at CdpFrame.addScriptTag (C:\\Users\\suporte2\\Documents\\Programacao\\Nodejs\\Wpconnect\\node_modules\\puppeteer-core\\src\\api\\Frame.ts:911:7)\n' +
    '    at CdpPage.addScriptTag (C:\\Users\\suporte2\\Documents\\Programacao\\Nodejs\\Wpconnect\\node_modules\\puppeteer-core\\src\\api\\Page.ts:1430:12)',
  timestamp: '2024-12-09T14:18:04.592Z'
}
{
  message: 'Error send message api',
  error: TypeError: Cannot read properties of undefined (reading 'sessionId')
      at handle (C:\Users\suporte2\Documents\Programacao\Nodejs\Wpconnect\src\jobs\SendMessageAPI.ts:28:31)
      at Worker.bullmq_1.Worker.connection [as processFn] (C:\Users\suporte2\Documents\Programacao\Nodejs\Wpconnect\src\libs\Queue.ts:80:12)
      at Worker.callProcessJob (C:\Users\suporte2\Documents\Programacao\Nodejs\Wpconnect\node_modules\bullmq\src\classes\worker.ts:363:17)
      at C:\Users\suporte2\Documents\Programacao\Nodejs\Wpconnect\node_modules\bullmq\src\classes\worker.ts:904:37
      at trace (C:\Users\suporte2\Documents\Programacao\Nodejs\Wpconnect\node_modules\bullmq\src\utils.ts:312:12)
      at Worker.trace (C:\Users\suporte2\Documents\Programacao\Nodejs\Wpconnect\node_modules\bullmq\src\classes\queue-base.ts:201:17)
      at Worker.processJob (C:\Users\suporte2\Documents\Programacao\Nodejs\Wpconnect\node_modules\bullmq\src\classes\worker.ts:826:17)
      at C:\Users\suporte2\Documents\Programacao\Nodejs\Wpconnect\node_modules\bullmq\src\classes\worker.ts:524:22
      at Worker.retryIfFailed (C:\Users\suporte2\Documents\Programacao\Nodejs\Wpconnect\node_modules\bullmq\src\classes\worker.ts:1175:22)
      at Worker.run (C:\Users\suporte2\Documents\Programacao\Nodejs\Wpconnect\node_modules\bullmq\src\classes\worker.ts:522:18),
  level: 'error',
  timestamp: '2024-12-09T14:20:23.713Z'
}
{
  message: 'Erro ao processar o job SendMessageAPI',
  error: Error: TypeError: Cannot read properties of undefined (reading 'sessionId')
      at handle (C:\Users\suporte2\Documents\Programacao\Nodejs\Wpconnect\src\jobs\SendMessageAPI.ts:121:10)
      at Worker.bullmq_1.Worker.connection [as processFn] (C:\Users\suporte2\Documents\Programacao\Nodejs\Wpconnect\src\libs\Queue.ts:80:12)
      at Worker.callProcessJob (C:\Users\suporte2\Documents\Programacao\Nodejs\Wpconnect\node_modules\bullmq\src\classes\worker.ts:363:17)
      at C:\Users\suporte2\Documents\Programacao\Nodejs\Wpconnect\node_modules\bullmq\src\classes\worker.ts:904:37
      at trace (C:\Users\suporte2\Documents\Programacao\Nodejs\Wpconnect\node_modules\bullmq\src\utils.ts:312:12)
      at Worker.trace (C:\Users\suporte2\Documents\Programacao\Nodejs\Wpconnect\node_modules\bullmq\src\classes\queue-base.ts:201:17)
      at Worker.processJob (C:\Users\suporte2\Documents\Programacao\Nodejs\Wpconnect\node_modules\bullmq\src\classes\worker.ts:826:17)
      at C:\Users\suporte2\Documents\Programacao\Nodejs\Wpconnect\node_modules\bullmq\src\classes\worker.ts:524:22
      at Worker.retryIfFailed (C:\Users\suporte2\Documents\Programacao\Nodejs\Wpconnect\node_modules\bullmq\src\classes\worker.ts:1175:22)
      at Worker.run (C:\Users\suporte2\Documents\Programacao\Nodejs\Wpconnect\node_modules\bullmq\src\classes\worker.ts:522:18),
  level: 'error',
  timestamp: '2024-12-09T14:20:23.740Z'
}
{
  message: 'Error send message api',
  error: TypeError: Cannot read properties of undefined (reading 'sessionId')
      at handle (C:\Users\suporte2\Documents\Programacao\Nodejs\Wpconnect\src\jobs\SendMessageAPI.ts:28:31)
      at Worker.bullmq_1.Worker.connection [as processFn] (C:\Users\suporte2\Documents\Programacao\Nodejs\Wpconnect\src\libs\Queue.ts:80:12)
      at Worker.callProcessJob (C:\Users\suporte2\Documents\Programacao\Nodejs\Wpconnect\node_modules\bullmq\src\classes\worker.ts:363:17)
      at C:\Users\suporte2\Documents\Programacao\Nodejs\Wpconnect\node_modules\bullmq\src\classes\worker.ts:904:37
      at trace (C:\Users\suporte2\Documents\Programacao\Nodejs\Wpconnect\node_modules\bullmq\src\utils.ts:312:12)
      at Worker.trace (C:\Users\suporte2\Documents\Programacao\Nodejs\Wpconnect\node_modules\bullmq\src\classes\queue-base.ts:201:17)
      at Worker.processJob (C:\Users\suporte2\Documents\Programacao\Nodejs\Wpconnect\node_modules\bullmq\src\classes\worker.ts:826:17)
      at C:\Users\suporte2\Documents\Programacao\Nodejs\Wpconnect\node_modules\bullmq\src\classes\worker.ts:524:22
      at Worker.retryIfFailed (C:\Users\suporte2\Documents\Programacao\Nodejs\Wpconnect\node_modules\bullmq\src\classes\worker.ts:1175:22)
      at Worker.run (C:\Users\suporte2\Documents\Programacao\Nodejs\Wpconnect\node_modules\bullmq\src\classes\worker.ts:522:18),
  level: 'error',
  timestamp: '2024-12-09T14:21:43.216Z'
}
{
  message: 'Erro ao processar o job SendMessageAPI',
  error: Error: TypeError: Cannot read properties of undefined (reading 'sessionId')
      at handle (C:\Users\suporte2\Documents\Programacao\Nodejs\Wpconnect\src\jobs\SendMessageAPI.ts:122:10)
      at Worker.bullmq_1.Worker.connection [as processFn] (C:\Users\suporte2\Documents\Programacao\Nodejs\Wpconnect\src\libs\Queue.ts:80:12)
      at Worker.callProcessJob (C:\Users\suporte2\Documents\Programacao\Nodejs\Wpconnect\node_modules\bullmq\src\classes\worker.ts:363:17)
      at C:\Users\suporte2\Documents\Programacao\Nodejs\Wpconnect\node_modules\bullmq\src\classes\worker.ts:904:37
      at trace (C:\Users\suporte2\Documents\Programacao\Nodejs\Wpconnect\node_modules\bullmq\src\utils.ts:312:12)
      at Worker.trace (C:\Users\suporte2\Documents\Programacao\Nodejs\Wpconnect\node_modules\bullmq\src\classes\queue-base.ts:201:17)
      at Worker.processJob (C:\Users\suporte2\Documents\Programacao\Nodejs\Wpconnect\node_modules\bullmq\src\classes\worker.ts:826:17)
      at C:\Users\suporte2\Documents\Programacao\Nodejs\Wpconnect\node_modules\bullmq\src\classes\worker.ts:524:22
      at Worker.retryIfFailed (C:\Users\suporte2\Documents\Programacao\Nodejs\Wpconnect\node_modules\bullmq\src\classes\worker.ts:1175:22)
      at Worker.run (C:\Users\suporte2\Documents\Programacao\Nodejs\Wpconnect\node_modules\bullmq\src\classes\worker.ts:522:18),
  level: 'error',
  timestamp: '2024-12-09T14:21:43.241Z'
}
{
  message: 'Error send message api',
  error: TypeError: Cannot read properties of undefined (reading 'sessionId')
      at handle (C:\Users\suporte2\Documents\Programacao\Nodejs\Wpconnect\src\jobs\SendMessageAPI.ts:29:31)
      at Worker.bullmq_1.Worker.connection [as processFn] (C:\Users\suporte2\Documents\Programacao\Nodejs\Wpconnect\src\libs\Queue.ts:80:12)
      at Worker.callProcessJob (C:\Users\suporte2\Documents\Programacao\Nodejs\Wpconnect\node_modules\bullmq\src\classes\worker.ts:363:17)
      at C:\Users\suporte2\Documents\Programacao\Nodejs\Wpconnect\node_modules\bullmq\src\classes\worker.ts:904:37
      at trace (C:\Users\suporte2\Documents\Programacao\Nodejs\Wpconnect\node_modules\bullmq\src\utils.ts:312:12)
      at Worker.trace (C:\Users\suporte2\Documents\Programacao\Nodejs\Wpconnect\node_modules\bullmq\src\classes\queue-base.ts:201:17)
      at Worker.processJob (C:\Users\suporte2\Documents\Programacao\Nodejs\Wpconnect\node_modules\bullmq\src\classes\worker.ts:826:17)
      at C:\Users\suporte2\Documents\Programacao\Nodejs\Wpconnect\node_modules\bullmq\src\classes\worker.ts:524:22
      at Worker.retryIfFailed (C:\Users\suporte2\Documents\Programacao\Nodejs\Wpconnect\node_modules\bullmq\src\classes\worker.ts:1175:22)
      at Worker.run (C:\Users\suporte2\Documents\Programacao\Nodejs\Wpconnect\node_modules\bullmq\src\classes\worker.ts:522:18),
  level: 'error',
  timestamp: '2024-12-09T14:22:37.470Z'
}
{
  message: 'Erro ao processar o job SendMessageAPI',
  error: Error: TypeError: Cannot read properties of undefined (reading 'sessionId')
      at handle (C:\Users\suporte2\Documents\Programacao\Nodejs\Wpconnect\src\jobs\SendMessageAPI.ts:122:10)
      at Worker.bullmq_1.Worker.connection [as processFn] (C:\Users\suporte2\Documents\Programacao\Nodejs\Wpconnect\src\libs\Queue.ts:80:12)
      at Worker.callProcessJob (C:\Users\suporte2\Documents\Programacao\Nodejs\Wpconnect\node_modules\bullmq\src\classes\worker.ts:363:17)
      at C:\Users\suporte2\Documents\Programacao\Nodejs\Wpconnect\node_modules\bullmq\src\classes\worker.ts:904:37
      at trace (C:\Users\suporte2\Documents\Programacao\Nodejs\Wpconnect\node_modules\bullmq\src\utils.ts:312:12)
      at Worker.trace (C:\Users\suporte2\Documents\Programacao\Nodejs\Wpconnect\node_modules\bullmq\src\classes\queue-base.ts:201:17)
      at Worker.processJob (C:\Users\suporte2\Documents\Programacao\Nodejs\Wpconnect\node_modules\bullmq\src\classes\worker.ts:826:17)
      at C:\Users\suporte2\Documents\Programacao\Nodejs\Wpconnect\node_modules\bullmq\src\classes\worker.ts:524:22
      at Worker.retryIfFailed (C:\Users\suporte2\Documents\Programacao\Nodejs\Wpconnect\node_modules\bullmq\src\classes\worker.ts:1175:22)
      at Worker.run (C:\Users\suporte2\Documents\Programacao\Nodejs\Wpconnect\node_modules\bullmq\src\classes\worker.ts:522:18),
  level: 'error',
  timestamp: '2024-12-09T14:22:37.493Z'
}
{
  message: 'Error send message api',
  error: Error: TypeError: Cannot read properties of null (reading 'id')
      at handle (C:\Users\suporte2\Documents\Programacao\Nodejs\Wpconnect\src\jobs\SendMessageAPI.ts:104:12)
      at Worker.bullmq_1.Worker.connection [as processFn] (C:\Users\suporte2\Documents\Programacao\Nodejs\Wpconnect\src\libs\Queue.ts:80:6)
      at C:\Users\suporte2\Documents\Programacao\Nodejs\Wpconnect\node_modules\bullmq\src\classes\worker.ts:904:26
      at Worker.retryIfFailed (C:\Users\suporte2\Documents\Programacao\Nodejs\Wpconnect\node_modules\bullmq\src\classes\worker.ts:1175:16),
  level: 'error',
  timestamp: '2024-12-09T14:23:05.070Z'
}
{
  message: 'Erro ao processar o job SendMessageAPI',
  error: Error: Error: TypeError: Cannot read properties of null (reading 'id')
      at handle (C:\Users\suporte2\Documents\Programacao\Nodejs\Wpconnect\src\jobs\SendMessageAPI.ts:122:10)
      at Worker.bullmq_1.Worker.connection [as processFn] (C:\Users\suporte2\Documents\Programacao\Nodejs\Wpconnect\src\libs\Queue.ts:80:6)
      at C:\Users\suporte2\Documents\Programacao\Nodejs\Wpconnect\node_modules\bullmq\src\classes\worker.ts:904:26
      at Worker.retryIfFailed (C:\Users\suporte2\Documents\Programacao\Nodejs\Wpconnect\node_modules\bullmq\src\classes\worker.ts:1175:16),
  level: 'error',
  timestamp: '2024-12-09T14:23:05.087Z'
}
{
  message: 'Error send message api',
  error: Error: TypeError: Cannot read properties of null (reading 'id')
      at handle (C:\Users\suporte2\Documents\Programacao\Nodejs\Wpconnect\src\jobs\SendMessageAPI.ts:104:12)
      at Worker.bullmq_1.Worker.connection [as processFn] (C:\Users\suporte2\Documents\Programacao\Nodejs\Wpconnect\src\libs\Queue.ts:80:6)
      at C:\Users\suporte2\Documents\Programacao\Nodejs\Wpconnect\node_modules\bullmq\src\classes\worker.ts:904:26
      at Worker.retryIfFailed (C:\Users\suporte2\Documents\Programacao\Nodejs\Wpconnect\node_modules\bullmq\src\classes\worker.ts:1175:16),
  level: 'error',
  timestamp: '2024-12-09T14:23:57.138Z'
}
{
  message: 'Erro ao processar o job SendMessageAPI',
  error: Error: Error: TypeError: Cannot read properties of null (reading 'id')
      at handle (C:\Users\suporte2\Documents\Programacao\Nodejs\Wpconnect\src\jobs\SendMessageAPI.ts:122:10)
      at Worker.bullmq_1.Worker.connection [as processFn] (C:\Users\suporte2\Documents\Programacao\Nodejs\Wpconnect\src\libs\Queue.ts:80:6)
      at C:\Users\suporte2\Documents\Programacao\Nodejs\Wpconnect\node_modules\bullmq\src\classes\worker.ts:904:26
      at Worker.retryIfFailed (C:\Users\suporte2\Documents\Programacao\Nodejs\Wpconnect\node_modules\bullmq\src\classes\worker.ts:1175:16),
  level: 'error',
  timestamp: '2024-12-09T14:23:57.153Z'
}
{
  message: 'Error send message api',
  error: Error: TypeError: Cannot read properties of null (reading 'id')
      at handle (C:\Users\suporte2\Documents\Programacao\Nodejs\Wpconnect\src\jobs\SendMessageAPI.ts:105:12)
      at Worker.bullmq_1.Worker.connection [as processFn] (C:\Users\suporte2\Documents\Programacao\Nodejs\Wpconnect\src\libs\Queue.ts:80:6)
      at C:\Users\suporte2\Documents\Programacao\Nodejs\Wpconnect\node_modules\bullmq\src\classes\worker.ts:904:26
      at Worker.retryIfFailed (C:\Users\suporte2\Documents\Programacao\Nodejs\Wpconnect\node_modules\bullmq\src\classes\worker.ts:1175:16),
  level: 'error',
  timestamp: '2024-12-09T14:25:17.931Z'
}
{
  message: 'Erro ao processar o job SendMessageAPI',
  error: Error: Error: TypeError: Cannot read properties of null (reading 'id')
      at handle (C:\Users\suporte2\Documents\Programacao\Nodejs\Wpconnect\src\jobs\SendMessageAPI.ts:123:10)
      at Worker.bullmq_1.Worker.connection [as processFn] (C:\Users\suporte2\Documents\Programacao\Nodejs\Wpconnect\src\libs\Queue.ts:80:6)
      at C:\Users\suporte2\Documents\Programacao\Nodejs\Wpconnect\node_modules\bullmq\src\classes\worker.ts:904:26
      at Worker.retryIfFailed (C:\Users\suporte2\Documents\Programacao\Nodejs\Wpconnect\node_modules\bullmq\src\classes\worker.ts:1175:16),
  level: 'error',
  timestamp: '2024-12-09T14:25:17.941Z'
}
{
  message: 'Error send message api',
  error: Error: TypeError: Cannot read properties of null (reading 'id')
      at handle (C:\Users\suporte2\Documents\Programacao\Nodejs\Wpconnect\src\jobs\SendMessageAPI.ts:105:12)
      at Worker.bullmq_1.Worker.connection [as processFn] (C:\Users\suporte2\Documents\Programacao\Nodejs\Wpconnect\src\libs\Queue.ts:80:6)
      at C:\Users\suporte2\Documents\Programacao\Nodejs\Wpconnect\node_modules\bullmq\src\classes\worker.ts:904:26
      at Worker.retryIfFailed (C:\Users\suporte2\Documents\Programacao\Nodejs\Wpconnect\node_modules\bullmq\src\classes\worker.ts:1175:16),
  level: 'error',
  timestamp: '2024-12-09T14:26:22.879Z'
}
{
  message: 'Erro ao processar o job SendMessageAPI',
  error: Error: Error: TypeError: Cannot read properties of null (reading 'id')
      at handle (C:\Users\suporte2\Documents\Programacao\Nodejs\Wpconnect\src\jobs\SendMessageAPI.ts:123:10)
      at Worker.bullmq_1.Worker.connection [as processFn] (C:\Users\suporte2\Documents\Programacao\Nodejs\Wpconnect\src\libs\Queue.ts:80:6)
      at C:\Users\suporte2\Documents\Programacao\Nodejs\Wpconnect\node_modules\bullmq\src\classes\worker.ts:904:26
      at Worker.retryIfFailed (C:\Users\suporte2\Documents\Programacao\Nodejs\Wpconnect\node_modules\bullmq\src\classes\worker.ts:1175:16),
  level: 'error',
  timestamp: '2024-12-09T14:26:22.886Z'
}
{
  message: 'Error send message api',
  error: Error: TypeError: Cannot read properties of null (reading 'id')
      at handle (C:\Users\suporte2\Documents\Programacao\Nodejs\Wpconnect\src\jobs\SendMessageAPI.ts:103:12)
      at Worker.bullmq_1.Worker.connection [as processFn] (C:\Users\suporte2\Documents\Programacao\Nodejs\Wpconnect\src\libs\Queue.ts:80:6)
      at C:\Users\suporte2\Documents\Programacao\Nodejs\Wpconnect\node_modules\bullmq\src\classes\worker.ts:904:26
      at Worker.retryIfFailed (C:\Users\suporte2\Documents\Programacao\Nodejs\Wpconnect\node_modules\bullmq\src\classes\worker.ts:1175:16),
  level: 'error',
  timestamp: '2024-12-09T14:31:33.674Z'
}
{
  message: 'Erro ao processar o job SendMessageAPI',
  error: Error: Error: TypeError: Cannot read properties of null (reading 'id')
      at handle (C:\Users\suporte2\Documents\Programacao\Nodejs\Wpconnect\src\jobs\SendMessageAPI.ts:121:10)
      at Worker.bullmq_1.Worker.connection [as processFn] (C:\Users\suporte2\Documents\Programacao\Nodejs\Wpconnect\src\libs\Queue.ts:80:6)
      at C:\Users\suporte2\Documents\Programacao\Nodejs\Wpconnect\node_modules\bullmq\src\classes\worker.ts:904:26
      at Worker.retryIfFailed (C:\Users\suporte2\Documents\Programacao\Nodejs\Wpconnect\node_modules\bullmq\src\classes\worker.ts:1175:16),
  level: 'error',
  timestamp: '2024-12-09T14:31:33.685Z'
}
